{"devicePlatform":"","logFolder":"C:\\Users\\thaotle\\Katalon Studio\\Sigma\\Reports\\Test Suites\\20180514_164929","runData":{"hostName":"thaotle - SGH451QS3J.kms.com.vn","os":"Windows 7 64bit","katalonVersion":"5.4.1.1","browser":"Chrome 66.0.3359.139","hostAddress":"192.168.10.156","sessionId":"ab7036cf20e46df2465cbc23da772f8d","seleniumVersion":"3.7.1","proxyInformation":"ProxyInformation{proxyOption\u003dNO_PROXY, proxyServerType\u003dHTTP, password\u003d, proxyServerAddress\u003d, proxyServerPort\u003d0}","platform":"Windows 7"},"type":"TEST_SUITE","name":"Test Suites","id":"Test Suites/Test Suites","source":"","message":"Test Cases/TC1/TC3 FAILED because (of) Unable to click on object \u0027Object Repository/Object_Active member/i_member\u0027 (Root cause: org.openqa.selenium.WebDriverException: unknown error: Element \u003ci class\u003d\"i-cogs i-members\"\u003e\u003c/i\u003e is not clickable at point (61, 370). Other element would receive the click: \u003cdiv id\u003d\"js-ajax-loader\"\u003e...\u003c/div\u003e\n  (Session info: chrome\u003d66.0.3359.139)\n  (Driver info: chromedriver\u003d2.35.528161 (5b82f2d2aae0ca24b877009200ced9065a772e73),platform\u003dWindows NT 6.1.7601 SP1 x86_64) (WARNING: The server did not provide any stacktrace information)\nCommand duration or timeout: 0 milliseconds\nBuild info: version: \u00273.7.1\u0027, revision: \u00278a0099a\u0027, time: \u00272017-11-06T21:07:36.161Z\u0027\nSystem info: host: \u0027SGH451QS3J\u0027, ip: \u0027192.168.10.156\u0027, os.name: \u0027Windows 7\u0027, os.arch: \u0027amd64\u0027, os.version: \u00276.1\u0027, java.version: \u00271.8.0_102\u0027\nDriver info: com.kms.katalon.selenium.driver.CChromeDriver\nCapabilities {acceptInsecureCerts: false, acceptSslCerts: false, applicationCacheEnabled: false, browserConnectionEnabled: false, browserName: chrome, chrome: {chromedriverVersion: 2.35.528161 (5b82f2d2aae0ca..., userDataDir: C:\\Users\\thaotle\\AppData\\Lo...}, cssSelectorsEnabled: true, databaseEnabled: false, handlesAlerts: true, hasTouchScreen: false, javascriptEnabled: true, locationContextEnabled: true, mobileEmulationEnabled: false, nativeEvents: true, networkConnectionEnabled: false, pageLoadStrategy: normal, platform: XP, platformName: XP, rotatable: false, setWindowRect: true, takesHeapSnapshot: true, takesScreenshot: true, unexpectedAlertBehaviour: , unhandledPromptBehavior: , version: 66.0.3359.139, webStorageEnabled: true}\nSession ID: ab7036cf20e46df2465cbc23da772f8d)","description":"","startTime":1526291371257,"endTime":1526291398262,"childRecords":[{"isOptional":false,"type":"TEST_CASE","name":"Test Cases/TC1/TC3","id":"Test Cases/TC1/TC3","source":"C:\\\\Users\\\\thaotle\\\\Katalon Studio\\\\Sigma\\\\Test Cases\\\\TC1\\\\TC3.tc","message":"Test Cases/TC1/TC3 FAILED because (of) Unable to click on object \u0027Object Repository/Object_Active member/i_member\u0027 (Root cause: org.openqa.selenium.WebDriverException: unknown error: Element \u003ci class\u003d\"i-cogs i-members\"\u003e\u003c/i\u003e is not clickable at point (61, 370). Other element would receive the click: \u003cdiv id\u003d\"js-ajax-loader\"\u003e...\u003c/div\u003e\n  (Session info: chrome\u003d66.0.3359.139)\n  (Driver info: chromedriver\u003d2.35.528161 (5b82f2d2aae0ca24b877009200ced9065a772e73),platform\u003dWindows NT 6.1.7601 SP1 x86_64) (WARNING: The server did not provide any stacktrace information)\nCommand duration or timeout: 0 milliseconds\nBuild info: version: \u00273.7.1\u0027, revision: \u00278a0099a\u0027, time: \u00272017-11-06T21:07:36.161Z\u0027\nSystem info: host: \u0027SGH451QS3J\u0027, ip: \u0027192.168.10.156\u0027, os.name: \u0027Windows 7\u0027, os.arch: \u0027amd64\u0027, os.version: \u00276.1\u0027, java.version: \u00271.8.0_102\u0027\nDriver info: com.kms.katalon.selenium.driver.CChromeDriver\nCapabilities {acceptInsecureCerts: false, acceptSslCerts: false, applicationCacheEnabled: false, browserConnectionEnabled: false, browserName: chrome, chrome: {chromedriverVersion: 2.35.528161 (5b82f2d2aae0ca..., userDataDir: C:\\Users\\thaotle\\AppData\\Lo...}, cssSelectorsEnabled: true, databaseEnabled: false, handlesAlerts: true, hasTouchScreen: false, javascriptEnabled: true, locationContextEnabled: true, mobileEmulationEnabled: false, nativeEvents: true, networkConnectionEnabled: false, pageLoadStrategy: normal, platform: XP, platformName: XP, rotatable: false, setWindowRect: true, takesHeapSnapshot: true, takesScreenshot: true, unexpectedAlertBehaviour: , unhandledPromptBehavior: , version: 66.0.3359.139, webStorageEnabled: true}\nSession ID: ab7036cf20e46df2465cbc23da772f8d)","description":"","startTime":1526291371555,"endTime":1526291397224,"childRecords":[{"testStatus":{"stackTrace":"","statusValue":"INFO"},"type":"MESSAGE","name":"","message":"Evaluating variables for test case","startTime":1526291371583,"endTime":0,"childRecords":[],"interuppted":false},{"testStatus":{"stackTrace":"","statusValue":"INFO"},"type":"MESSAGE","name":"","message":"Variable \u0027password\u0027 is set to Password01","startTime":1526291371584,"endTime":0,"childRecords":[],"interuppted":false},{"testStatus":{"stackTrace":"","statusValue":"INFO"},"type":"MESSAGE","name":"","message":"Variable \u0027username\u0027 is set to thaotle1.5","startTime":1526291371585,"endTime":0,"childRecords":[],"interuppted":false},{"testStatus":{"stackTrace":"","statusValue":"INFO"},"type":"MESSAGE","name":"","message":"Variable \u0027email\u0027 is set to thaotle1.5@gmail.com","startTime":1526291371585,"endTime":0,"childRecords":[],"interuppted":false},{"testStatus":{"stackTrace":"","statusValue":"INFO"},"type":"MESSAGE","name":"","message":"Variable \u0027fullname\u0027 is set to thaotle1.2","startTime":1526291371585,"endTime":0,"childRecords":[],"interuppted":false},{"index":1,"isIgnoredIfFailed":false,"type":"TEST_STEP","name":"callTestCase","message":"Call Test Case \u0027Test Cases/TC1/Common TC to Sign up\u0027 successfully","description":"","startTime":1526291371906,"endTime":1526291388468,"childRecords":[{"isOptional":false,"type":"TEST_CASE","name":"Test Cases/TC1/Common TC to Sign up","id":"Test Cases/TC1/Common TC to Sign up","source":"C:\\\\Users\\\\thaotle\\\\Katalon Studio\\\\Sigma\\\\Test Cases\\\\TC1\\\\Common TC to Sign up.tc","message":"Test Cases/TC1/Common TC to Sign up","description":"","startTime":1526291372006,"endTime":1526291388458,"childRecords":[{"testStatus":{"stackTrace":"","statusValue":"INFO"},"type":"MESSAGE","name":"","message":"Evaluating variables for test case","startTime":1526291372029,"endTime":0,"childRecords":[],"interuppted":false},{"testStatus":{"stackTrace":"","statusValue":"INFO"},"type":"MESSAGE","name":"","message":"Variable \u0027password\u0027 is set to Password01","startTime":1526291372029,"endTime":0,"childRecords":[],"interuppted":false},{"testStatus":{"stackTrace":"","statusValue":"INFO"},"type":"MESSAGE","name":"","message":"Variable \u0027username\u0027 is set to thaotle1.5","startTime":1526291372029,"endTime":0,"childRecords":[],"interuppted":false},{"testStatus":{"stackTrace":"","statusValue":"INFO"},"type":"MESSAGE","name":"","message":"Variable \u0027fullname\u0027 is set to thaotle1.2","startTime":1526291372029,"endTime":0,"childRecords":[],"interuppted":false},{"testStatus":{"stackTrace":"","statusValue":"INFO"},"type":"MESSAGE","name":"","message":"Variable \u0027email\u0027 is set to thaotle1.5@gmail.com","startTime":1526291372029,"endTime":0,"childRecords":[],"interuppted":false},{"index":1,"isIgnoredIfFailed":false,"type":"TEST_STEP","name":"openBrowser","message":"Browser is opened with url: \u0027\u0027","description":"Open Browser","startTime":1526291372138,"endTime":1526291377889,"childRecords":[{"testStatus":{"stackTrace":"","statusValue":"PASSED"},"type":"MESSAGE","name":"","message":"Browser is opened with url: \u0027\u0027","startTime":1526291377889,"endTime":0,"childRecords":[],"interuppted":false}],"interuppted":false},{"index":2,"isIgnoredIfFailed":false,"type":"TEST_STEP","name":"navigateToUrl","message":"Navigate to \u0027http://13.250.134.32/subrion/\u0027 successfully","description":"Navigate to link http://13.250.134.32/subrion/","startTime":1526291377889,"endTime":1526291381128,"childRecords":[{"testStatus":{"stackTrace":"","statusValue":"PASSED"},"type":"MESSAGE","name":"","message":"Navigate to \u0027http://13.250.134.32/subrion/\u0027 successfully","startTime":1526291381126,"endTime":0,"childRecords":[],"interuppted":false}],"interuppted":false},{"index":3,"isIgnoredIfFailed":false,"type":"TEST_STEP","name":"click","message":"Object: \u0027Object Repository/Object_Sign up/a_Sign up\u0027 is clicked on","description":"Click on Sign up","startTime":1526291381128,"endTime":1526291382141,"childRecords":[{"testStatus":{"stackTrace":"","statusValue":"PASSED"},"type":"MESSAGE","name":"","message":"Object: \u0027Object Repository/Object_Sign up/a_Sign up\u0027 is clicked on","startTime":1526291382139,"endTime":0,"childRecords":[],"interuppted":false}],"interuppted":false},{"index":4,"isIgnoredIfFailed":false,"type":"TEST_STEP","name":"waitForPageLoad","message":"Wait for page load successfully","description":"Wait 20s","startTime":1526291382141,"endTime":1526291382205,"childRecords":[{"testStatus":{"stackTrace":"","statusValue":"PASSED"},"type":"MESSAGE","name":"","message":"Wait for page load successfully","startTime":1526291382205,"endTime":0,"childRecords":[],"interuppted":false}],"interuppted":false},{"index":5,"isIgnoredIfFailed":false,"type":"TEST_STEP","name":"sendKeys","message":"Keys \u0027thaotle1.5\u0027 sent to object: \u0027Object Repository/Object_Sign up/input_username\u0027","description":"Enter Username","startTime":1526291382205,"endTime":1526291382324,"childRecords":[{"testStatus":{"stackTrace":"","statusValue":"PASSED"},"type":"MESSAGE","name":"","message":"Keys \u0027thaotle1.5\u0027 sent to object: \u0027Object Repository/Object_Sign up/input_username\u0027","startTime":1526291382324,"endTime":0,"childRecords":[],"interuppted":false}],"interuppted":false},{"index":6,"isIgnoredIfFailed":false,"type":"TEST_STEP","name":"sendKeys","message":"Keys \u0027thaotle1.2\u0027 sent to object: \u0027Object Repository/Object_Sign up/input_fullname\u0027","description":"Enter Fullname","startTime":1526291382325,"endTime":1526291382424,"childRecords":[{"testStatus":{"stackTrace":"","statusValue":"PASSED"},"type":"MESSAGE","name":"","message":"Keys \u0027thaotle1.2\u0027 sent to object: \u0027Object Repository/Object_Sign up/input_fullname\u0027","startTime":1526291382422,"endTime":0,"childRecords":[],"interuppted":false}],"interuppted":false},{"index":7,"isIgnoredIfFailed":false,"type":"TEST_STEP","name":"sendKeys","message":"Keys \u0027thaotle1.5@gmail.com\u0027 sent to object: \u0027Object Repository/Object_Sign up/input_email\u0027","description":"Enter Email","startTime":1526291382424,"endTime":1526291382563,"childRecords":[{"testStatus":{"stackTrace":"","statusValue":"PASSED"},"type":"MESSAGE","name":"","message":"Keys \u0027thaotle1.5@gmail.com\u0027 sent to object: \u0027Object Repository/Object_Sign up/input_email\u0027","startTime":1526291382561,"endTime":0,"childRecords":[],"interuppted":false}],"interuppted":false},{"index":8,"isIgnoredIfFailed":false,"type":"TEST_STEP","name":"selectOptionByValue","message":"All options with value \u00272\u0027 are selected in object \u0027Object Repository/Object_Sign up/cmb_gender\u0027 ","description":"Enter Gender","startTime":1526291382563,"endTime":1526291382704,"childRecords":[{"testStatus":{"stackTrace":"","statusValue":"PASSED"},"type":"MESSAGE","name":"","message":"All options with value \u00272\u0027 are selected in object \u0027Object Repository/Object_Sign up/cmb_gender\u0027 ","startTime":1526291382704,"endTime":0,"childRecords":[],"interuppted":false}],"interuppted":false},{"index":9,"isIgnoredIfFailed":false,"type":"TEST_STEP","name":"sendKeys","message":"Keys \u0027Password01\u0027 sent to object: \u0027Object Repository/Object_Sign up/input_password\u0027","description":"Enter Password","startTime":1526291382705,"endTime":1526291382811,"childRecords":[{"testStatus":{"stackTrace":"","statusValue":"PASSED"},"type":"MESSAGE","name":"","message":"Keys \u0027Password01\u0027 sent to object: \u0027Object Repository/Object_Sign up/input_password\u0027","startTime":1526291382811,"endTime":0,"childRecords":[],"interuppted":false}],"interuppted":false},{"index":10,"isIgnoredIfFailed":false,"type":"TEST_STEP","name":"sendKeys","message":"Keys \u0027Password01\u0027 sent to object: \u0027Object Repository/Object_Sign up/input_password2\u0027","description":"Re-enter Password","startTime":1526291382812,"endTime":1526291382934,"childRecords":[{"testStatus":{"stackTrace":"","statusValue":"PASSED"},"type":"MESSAGE","name":"","message":"Keys \u0027Password01\u0027 sent to object: \u0027Object Repository/Object_Sign up/input_password2\u0027","startTime":1526291382933,"endTime":0,"childRecords":[],"interuppted":false}],"interuppted":false},{"index":11,"isIgnoredIfFailed":false,"type":"TEST_STEP","name":"click","message":"Object: \u0027Object Repository/Object_Sign up/button_Registration\u0027 is clicked on","description":"Click on Registration button\\r\\n","startTime":1526291382934,"endTime":1526291388364,"childRecords":[{"testStatus":{"stackTrace":"","statusValue":"PASSED"},"type":"MESSAGE","name":"","message":"Object: \u0027Object Repository/Object_Sign up/button_Registration\u0027 is clicked on","startTime":1526291388362,"endTime":0,"childRecords":[],"interuppted":false}],"interuppted":false},{"index":12,"isIgnoredIfFailed":false,"type":"TEST_STEP","name":"Statement - message \u003d com.kms.katalon.core.webui.keyword.WebUiBuiltInKeywords.getText(com.kms.katalon.core.testobject.ObjectRepository.findTestObject(Object_Sign up/div_message))","message":"Text of object \u0027Object Repository/Object_Sign up/div_message\u0027 is: \u0027Member registered! Thank you!\u0027","description":"Get the messege","startTime":1526291388364,"endTime":1526291388438,"childRecords":[{"testStatus":{"stackTrace":"","statusValue":"PASSED"},"type":"MESSAGE","name":"","message":"Text of object \u0027Object Repository/Object_Sign up/div_message\u0027 is: \u0027Member registered! Thank you!\u0027","startTime":1526291388438,"endTime":0,"childRecords":[],"interuppted":false}],"interuppted":false},{"index":13,"isIgnoredIfFailed":false,"type":"TEST_STEP","name":"verifyMatch","message":"Actual text \u0027Member registered! Thank you!\u0027 and expected text \u0027Member registered! Thank you!\u0027 are matched ","description":"Compare message","startTime":1526291388438,"endTime":1526291388458,"childRecords":[{"testStatus":{"stackTrace":"","statusValue":"PASSED"},"type":"MESSAGE","name":"","message":"Actual text \u0027Member registered! Thank you!\u0027 and expected text \u0027Member registered! Thank you!\u0027 are matched ","startTime":1526291388458,"endTime":0,"childRecords":[],"interuppted":false}],"interuppted":false},{"testStatus":{"stackTrace":"","statusValue":"PASSED"},"type":"MESSAGE","name":"","message":"Test Cases/TC1/Common TC to Sign up","startTime":1526291388458,"endTime":0,"childRecords":[],"interuppted":false}],"interuppted":false},{"testStatus":{"stackTrace":"","statusValue":"PASSED"},"type":"MESSAGE","name":"","message":"Call Test Case \u0027Test Cases/TC1/Common TC to Sign up\u0027 successfully","startTime":1526291388468,"endTime":0,"childRecords":[],"interuppted":false}],"interuppted":false},{"index":2,"isIgnoredIfFailed":false,"type":"TEST_STEP","name":"click","message":"Object: \u0027Object Repository/TC3_1/Page_Registration  Powered by Subri/li_Log in\u0027 is clicked on","description":"","startTime":1526291388468,"endTime":1526291389380,"childRecords":[{"testStatus":{"stackTrace":"","statusValue":"PASSED"},"type":"MESSAGE","name":"","message":"Object: \u0027Object Repository/TC3_1/Page_Registration  Powered by Subri/li_Log in\u0027 is clicked on","startTime":1526291389378,"endTime":0,"childRecords":[],"interuppted":false}],"interuppted":false},{"index":3,"isIgnoredIfFailed":false,"type":"TEST_STEP","name":"click","message":"Object: \u0027Object Repository/Object_Login/a_Log in\u0027 is clicked on","description":"","startTime":1526291389381,"endTime":1526291390270,"childRecords":[{"testStatus":{"stackTrace":"","statusValue":"PASSED"},"type":"MESSAGE","name":"","message":"Object: \u0027Object Repository/Object_Login/a_Log in\u0027 is clicked on","startTime":1526291390268,"endTime":0,"childRecords":[],"interuppted":false}],"interuppted":false},{"index":4,"isIgnoredIfFailed":false,"type":"TEST_STEP","name":"setText","message":"Text \u0027thaotle1.5\u0027 is set on object \u0027Object Repository/Object_Login/input_username\u0027","description":"","startTime":1526291390271,"endTime":1526291390438,"childRecords":[{"testStatus":{"stackTrace":"","statusValue":"PASSED"},"type":"MESSAGE","name":"","message":"Text \u0027thaotle1.5\u0027 is set on object \u0027Object Repository/Object_Login/input_username\u0027","startTime":1526291390437,"endTime":0,"childRecords":[],"interuppted":false}],"interuppted":false},{"index":5,"isIgnoredIfFailed":false,"type":"TEST_STEP","name":"setText","message":"Text \u0027Password01\u0027 is set on object \u0027Object Repository/Object_Login/input_password\u0027","description":"","startTime":1526291390438,"endTime":1526291390572,"childRecords":[{"testStatus":{"stackTrace":"","statusValue":"PASSED"},"type":"MESSAGE","name":"","message":"Text \u0027Password01\u0027 is set on object \u0027Object Repository/Object_Login/input_password\u0027","startTime":1526291390571,"endTime":0,"childRecords":[],"interuppted":false}],"interuppted":false},{"index":6,"isIgnoredIfFailed":false,"type":"TEST_STEP","name":"click","message":"Object: \u0027Object Repository/Object_Login/btn_Login\u0027 is clicked on","description":"","startTime":1526291390572,"endTime":1526291391709,"childRecords":[{"testStatus":{"stackTrace":"","statusValue":"PASSED"},"type":"MESSAGE","name":"","message":"Object: \u0027Object Repository/Object_Login/btn_Login\u0027 is clicked on","startTime":1526291391707,"endTime":0,"childRecords":[],"interuppted":false}],"interuppted":false},{"index":7,"isIgnoredIfFailed":false,"type":"TEST_STEP","name":"verifyElementText","message":"Actual text and expected text of test object \u0027Object Repository/TC3_1/Page_Login  Powered by Subrion 4.2/li_Either login or password is\u0027 are matched.","description":"","startTime":1526291391710,"endTime":1526291391789,"childRecords":[{"testStatus":{"stackTrace":"","statusValue":"PASSED"},"type":"MESSAGE","name":"","message":"Actual text and expected text of test object \u0027Object Repository/TC3_1/Page_Login  Powered by Subrion 4.2/li_Either login or password is\u0027 are matched.","startTime":1526291391789,"endTime":0,"childRecords":[],"interuppted":false}],"interuppted":false},{"index":8,"isIgnoredIfFailed":false,"type":"TEST_STEP","name":"callTestCase","message":"Call Test Case \u0027Test Cases/TC1/Common TC to Login\u0027 successfully","description":"","startTime":1526291391789,"endTime":1526291394399,"childRecords":[{"isOptional":false,"type":"TEST_CASE","name":"Test Cases/TC1/Common TC to Login","id":"Test Cases/TC1/Common TC to Login","source":"C:\\\\Users\\\\thaotle\\\\Katalon Studio\\\\Sigma\\\\Test Cases\\\\TC1\\\\Common TC to Login.tc","message":"Test Cases/TC1/Common TC to Login","description":"","startTime":1526291391853,"endTime":1526291394397,"childRecords":[{"testStatus":{"stackTrace":"","statusValue":"INFO"},"type":"MESSAGE","name":"","message":"Evaluating variables for test case","startTime":1526291391853,"endTime":0,"childRecords":[],"interuppted":false},{"testStatus":{"stackTrace":"","statusValue":"INFO"},"type":"MESSAGE","name":"","message":"Variable \u0027username\u0027 is set to admin","startTime":1526291391853,"endTime":0,"childRecords":[],"interuppted":false},{"testStatus":{"stackTrace":"","statusValue":"INFO"},"type":"MESSAGE","name":"","message":"Variable \u0027password\u0027 is set to Katalon@2018","startTime":1526291391853,"endTime":0,"childRecords":[],"interuppted":false},{"index":1,"isIgnoredIfFailed":false,"type":"TEST_STEP","name":"click","message":"Object: \u0027Object Repository/Object_Login/a_Log in\u0027 is clicked on","description":"Login to System","startTime":1526291391969,"endTime":1526291392598,"childRecords":[{"testStatus":{"stackTrace":"","statusValue":"PASSED"},"type":"MESSAGE","name":"","message":"Object: \u0027Object Repository/Object_Login/a_Log in\u0027 is clicked on","startTime":1526291392596,"endTime":0,"childRecords":[],"interuppted":false}],"interuppted":false},{"index":2,"isIgnoredIfFailed":false,"type":"TEST_STEP","name":"setText","message":"Text \u0027admin\u0027 is set on object \u0027Object Repository/Object_Login/input_username\u0027","description":"Input Username","startTime":1526291392599,"endTime":1526291392752,"childRecords":[{"testStatus":{"stackTrace":"","statusValue":"PASSED"},"type":"MESSAGE","name":"","message":"Text \u0027admin\u0027 is set on object \u0027Object Repository/Object_Login/input_username\u0027","startTime":1526291392740,"endTime":0,"childRecords":[],"interuppted":false}],"interuppted":false},{"index":3,"isIgnoredIfFailed":false,"type":"TEST_STEP","name":"setText","message":"Text \u0027Katalon@2018\u0027 is set on object \u0027Object Repository/Object_Login/input_password\u0027","description":"Input Password","startTime":1526291392753,"endTime":1526291393056,"childRecords":[{"testStatus":{"stackTrace":"","statusValue":"PASSED"},"type":"MESSAGE","name":"","message":"Text \u0027Katalon@2018\u0027 is set on object \u0027Object Repository/Object_Login/input_password\u0027","startTime":1526291393056,"endTime":0,"childRecords":[],"interuppted":false}],"interuppted":false},{"index":4,"isIgnoredIfFailed":false,"type":"TEST_STEP","name":"click","message":"Object: \u0027Object Repository/Object_Login/btn_Login\u0027 is clicked on","description":"Click on Login button","startTime":1526291393057,"endTime":1526291394395,"childRecords":[{"testStatus":{"stackTrace":"","statusValue":"PASSED"},"type":"MESSAGE","name":"","message":"Object: \u0027Object Repository/Object_Login/btn_Login\u0027 is clicked on","startTime":1526291394394,"endTime":0,"childRecords":[],"interuppted":false}],"interuppted":false},{"testStatus":{"stackTrace":"","statusValue":"PASSED"},"type":"MESSAGE","name":"","message":"Test Cases/TC1/Common TC to Login","startTime":1526291394396,"endTime":0,"childRecords":[],"interuppted":false}],"interuppted":false},{"testStatus":{"stackTrace":"","statusValue":"PASSED"},"type":"MESSAGE","name":"","message":"Call Test Case \u0027Test Cases/TC1/Common TC to Login\u0027 successfully","startTime":1526291394398,"endTime":0,"childRecords":[],"interuppted":false}],"interuppted":false},{"index":9,"isIgnoredIfFailed":false,"type":"TEST_STEP","name":"navigateToUrl","message":"Navigate to \u0027http://13.250.134.32/subrion/panel/\u0027 successfully","description":"","startTime":1526291394400,"endTime":1526291396759,"childRecords":[{"testStatus":{"stackTrace":"","statusValue":"PASSED"},"type":"MESSAGE","name":"","message":"Navigate to \u0027http://13.250.134.32/subrion/panel/\u0027 successfully","startTime":1526291396758,"endTime":0,"childRecords":[],"interuppted":false}],"interuppted":false},{"attachment":"1526291396888.png","index":10,"isIgnoredIfFailed":false,"type":"TEST_STEP","name":"click","message":"Unable to click on object \u0027Object Repository/Object_Active member/i_member\u0027 (Root cause: org.openqa.selenium.WebDriverException: unknown error: Element \u003ci class\u003d\"i-cogs i-members\"\u003e\u003c/i\u003e is not clickable at point (61, 370). Other element would receive the click: \u003cdiv id\u003d\"js-ajax-loader\"\u003e...\u003c/div\u003e\n  (Session info: chrome\u003d66.0.3359.139)\n  (Driver info: chromedriver\u003d2.35.528161 (5b82f2d2aae0ca24b877009200ced9065a772e73),platform\u003dWindows NT 6.1.7601 SP1 x86_64) (WARNING: The server did not provide any stacktrace information)\nCommand duration or timeout: 0 milliseconds\nBuild info: version: \u00273.7.1\u0027, revision: \u00278a0099a\u0027, time: \u00272017-11-06T21:07:36.161Z\u0027\nSystem info: host: \u0027SGH451QS3J\u0027, ip: \u0027192.168.10.156\u0027, os.name: \u0027Windows 7\u0027, os.arch: \u0027amd64\u0027, os.version: \u00276.1\u0027, java.version: \u00271.8.0_102\u0027\nDriver info: com.kms.katalon.selenium.driver.CChromeDriver\nCapabilities {acceptInsecureCerts: false, acceptSslCerts: false, applicationCacheEnabled: false, browserConnectionEnabled: false, browserName: chrome, chrome: {chromedriverVersion: 2.35.528161 (5b82f2d2aae0ca..., userDataDir: C:\\Users\\thaotle\\AppData\\Lo...}, cssSelectorsEnabled: true, databaseEnabled: false, handlesAlerts: true, hasTouchScreen: false, javascriptEnabled: true, locationContextEnabled: true, mobileEmulationEnabled: false, nativeEvents: true, networkConnectionEnabled: false, pageLoadStrategy: normal, platform: XP, platformName: XP, rotatable: false, setWindowRect: true, takesHeapSnapshot: true, takesScreenshot: true, unexpectedAlertBehaviour: , unhandledPromptBehavior: , version: 66.0.3359.139, webStorageEnabled: true}\nSession ID: ab7036cf20e46df2465cbc23da772f8d)","description":"","startTime":1526291396759,"endTime":1526291397221,"childRecords":[{"testStatus":{"stackTrace":"","statusValue":"FAILED"},"attachment":"1526291396888.png","type":"MESSAGE","name":"","message":"Unable to click on object \u0027Object Repository/Object_Active member/i_member\u0027 (Root cause: org.openqa.selenium.WebDriverException: unknown error: Element \u003ci class\u003d\"i-cogs i-members\"\u003e\u003c/i\u003e is not clickable at point (61, 370). Other element would receive the click: \u003cdiv id\u003d\"js-ajax-loader\"\u003e...\u003c/div\u003e\n  (Session info: chrome\u003d66.0.3359.139)\n  (Driver info: chromedriver\u003d2.35.528161 (5b82f2d2aae0ca24b877009200ced9065a772e73),platform\u003dWindows NT 6.1.7601 SP1 x86_64) (WARNING: The server did not provide any stacktrace information)\nCommand duration or timeout: 0 milliseconds\nBuild info: version: \u00273.7.1\u0027, revision: \u00278a0099a\u0027, time: \u00272017-11-06T21:07:36.161Z\u0027\nSystem info: host: \u0027SGH451QS3J\u0027, ip: \u0027192.168.10.156\u0027, os.name: \u0027Windows 7\u0027, os.arch: \u0027amd64\u0027, os.version: \u00276.1\u0027, java.version: \u00271.8.0_102\u0027\nDriver info: com.kms.katalon.selenium.driver.CChromeDriver\nCapabilities {acceptInsecureCerts: false, acceptSslCerts: false, applicationCacheEnabled: false, browserConnectionEnabled: false, browserName: chrome, chrome: {chromedriverVersion: 2.35.528161 (5b82f2d2aae0ca..., userDataDir: C:\\Users\\thaotle\\AppData\\Lo...}, cssSelectorsEnabled: true, databaseEnabled: false, handlesAlerts: true, hasTouchScreen: false, javascriptEnabled: true, locationContextEnabled: true, mobileEmulationEnabled: false, nativeEvents: true, networkConnectionEnabled: false, pageLoadStrategy: normal, platform: XP, platformName: XP, rotatable: false, setWindowRect: true, takesHeapSnapshot: true, takesScreenshot: true, unexpectedAlertBehaviour: , unhandledPromptBehavior: , version: 66.0.3359.139, webStorageEnabled: true}\nSession ID: ab7036cf20e46df2465cbc23da772f8d)","startTime":1526291397220,"endTime":0,"childRecords":[],"interuppted":false}],"interuppted":false},{"testStatus":{"stackTrace":"","statusValue":"FAILED"},"type":"MESSAGE","name":"","message":"Test Cases/TC1/TC3 FAILED because (of) Unable to click on object \u0027Object Repository/Object_Active member/i_member\u0027 (Root cause: org.openqa.selenium.WebDriverException: unknown error: Element \u003ci class\u003d\"i-cogs i-members\"\u003e\u003c/i\u003e is not clickable at point (61, 370). Other element would receive the click: \u003cdiv id\u003d\"js-ajax-loader\"\u003e...\u003c/div\u003e\n  (Session info: chrome\u003d66.0.3359.139)\n  (Driver info: chromedriver\u003d2.35.528161 (5b82f2d2aae0ca24b877009200ced9065a772e73),platform\u003dWindows NT 6.1.7601 SP1 x86_64) (WARNING: The server did not provide any stacktrace information)\nCommand duration or timeout: 0 milliseconds\nBuild info: version: \u00273.7.1\u0027, revision: \u00278a0099a\u0027, time: \u00272017-11-06T21:07:36.161Z\u0027\nSystem info: host: \u0027SGH451QS3J\u0027, ip: \u0027192.168.10.156\u0027, os.name: \u0027Windows 7\u0027, os.arch: \u0027amd64\u0027, os.version: \u00276.1\u0027, java.version: \u00271.8.0_102\u0027\nDriver info: com.kms.katalon.selenium.driver.CChromeDriver\nCapabilities {acceptInsecureCerts: false, acceptSslCerts: false, applicationCacheEnabled: false, browserConnectionEnabled: false, browserName: chrome, chrome: {chromedriverVersion: 2.35.528161 (5b82f2d2aae0ca..., userDataDir: C:\\Users\\thaotle\\AppData\\Lo...}, cssSelectorsEnabled: true, databaseEnabled: false, handlesAlerts: true, hasTouchScreen: false, javascriptEnabled: true, locationContextEnabled: true, mobileEmulationEnabled: false, nativeEvents: true, networkConnectionEnabled: false, pageLoadStrategy: normal, platform: XP, platformName: XP, rotatable: false, setWindowRect: true, takesHeapSnapshot: true, takesScreenshot: true, unexpectedAlertBehaviour: , unhandledPromptBehavior: , version: 66.0.3359.139, webStorageEnabled: true}\nSession ID: ab7036cf20e46df2465cbc23da772f8d)","startTime":1526291397222,"endTime":0,"childRecords":[],"interuppted":false}],"interuppted":false}],"interuppted":false}