{"devicePlatform":"","logFolder":"C:\\Users\\thaotle\\Katalon Studio\\Sigma\\Reports\\Test Suites\\20180515_112404","runData":{"hostName":"thaotle - SGH451QS3J.kms.com.vn","os":"Windows 7 64bit","katalonVersion":"5.4.1.1","browser":"Chrome 66.0.3359.139","hostAddress":"192.168.10.156","sessionId":"cfd2c3ee0403a28a064ce9173ca66a28","seleniumVersion":"3.7.1","proxyInformation":"ProxyInformation{proxyOption\u003dNO_PROXY, proxyServerType\u003dHTTP, password\u003d, proxyServerAddress\u003d, proxyServerPort\u003d0}","platform":"Windows 7"},"type":"TEST_SUITE","name":"Test Suites","id":"Test Suites/Test Suites","source":"","message":"Test Cases/TC1/TC3 FAILED because (of) Unable to open browser with url: \u0027\u0027 (Root cause: org.openqa.selenium.WebDriverException: Timed out waiting for driver server to start.\nBuild info: version: \u00273.7.1\u0027, revision: \u00278a0099a\u0027, time: \u00272017-11-06T21:07:36.161Z\u0027\nSystem info: host: \u0027SGH451QS3J\u0027, ip: \u0027192.168.10.156\u0027, os.name: \u0027Windows 7\u0027, os.arch: \u0027amd64\u0027, os.version: \u00276.1\u0027, java.version: \u00271.8.0_102\u0027\nDriver info: driver.version: CChromeDriver)","description":"","startTime":1526358245883,"endTime":1526358310757,"childRecords":[{"isOptional":false,"type":"TEST_CASE","name":"Test Cases/TC1/TC3","id":"Test Cases/TC1/TC3","source":"C:\\\\Users\\\\thaotle\\\\Katalon Studio\\\\Sigma\\\\Test Cases\\\\TC1\\\\TC3.tc","message":"Test Cases/TC1/TC3","description":"","startTime":1526358246148,"endTime":1526358290589,"childRecords":[{"testStatus":{"stackTrace":"","statusValue":"INFO"},"type":"MESSAGE","name":"","message":"Evaluating variables for test case","startTime":1526358246172,"endTime":0,"childRecords":[],"interuppted":false},{"testStatus":{"stackTrace":"","statusValue":"INFO"},"type":"MESSAGE","name":"","message":"Variable \u0027password\u0027 is set to Password01","startTime":1526358246174,"endTime":0,"childRecords":[],"interuppted":false},{"testStatus":{"stackTrace":"","statusValue":"INFO"},"type":"MESSAGE","name":"","message":"Variable \u0027username\u0027 is set to thaotle1.27","startTime":1526358246175,"endTime":0,"childRecords":[],"interuppted":false},{"testStatus":{"stackTrace":"","statusValue":"INFO"},"type":"MESSAGE","name":"","message":"Variable \u0027email\u0027 is set to thaotle1.27@gmail.com","startTime":1526358246175,"endTime":0,"childRecords":[],"interuppted":false},{"testStatus":{"stackTrace":"","statusValue":"INFO"},"type":"MESSAGE","name":"","message":"Variable \u0027fullname\u0027 is set to thaotle1.2","startTime":1526358246175,"endTime":0,"childRecords":[],"interuppted":false},{"index":1,"isIgnoredIfFailed":false,"type":"TEST_STEP","name":"callTestCase","message":"Call Test Case \u0027Test Cases/TC1/Common TC to Sign up\u0027 successfully","description":"Call Common TC to Sign up","startTime":1526358246476,"endTime":1526358260445,"childRecords":[{"isOptional":false,"type":"TEST_CASE","name":"Test Cases/TC1/Common TC to Sign up","id":"Test Cases/TC1/Common TC to Sign up","source":"C:\\\\Users\\\\thaotle\\\\Katalon Studio\\\\Sigma\\\\Test Cases\\\\TC1\\\\Common TC to Sign up.tc","message":"Test Cases/TC1/Common TC to Sign up","description":"","startTime":1526358246570,"endTime":1526358260432,"childRecords":[{"testStatus":{"stackTrace":"","statusValue":"INFO"},"type":"MESSAGE","name":"","message":"Evaluating variables for test case","startTime":1526358246582,"endTime":0,"childRecords":[],"interuppted":false},{"testStatus":{"stackTrace":"","statusValue":"INFO"},"type":"MESSAGE","name":"","message":"Variable \u0027password\u0027 is set to Password01","startTime":1526358246582,"endTime":0,"childRecords":[],"interuppted":false},{"testStatus":{"stackTrace":"","statusValue":"INFO"},"type":"MESSAGE","name":"","message":"Variable \u0027username\u0027 is set to thaotle1.27","startTime":1526358246583,"endTime":0,"childRecords":[],"interuppted":false},{"testStatus":{"stackTrace":"","statusValue":"INFO"},"type":"MESSAGE","name":"","message":"Variable \u0027fullname\u0027 is set to thaotle1.2","startTime":1526358246583,"endTime":0,"childRecords":[],"interuppted":false},{"testStatus":{"stackTrace":"","statusValue":"INFO"},"type":"MESSAGE","name":"","message":"Variable \u0027email\u0027 is set to thaotle1.27@gmail.com","startTime":1526358246583,"endTime":0,"childRecords":[],"interuppted":false},{"index":1,"isIgnoredIfFailed":false,"type":"TEST_STEP","name":"openBrowser","message":"Browser is opened with url: \u0027\u0027","description":"Open Browser","startTime":1526358246703,"endTime":1526358253297,"childRecords":[{"testStatus":{"stackTrace":"","statusValue":"PASSED"},"type":"MESSAGE","name":"","message":"Browser is opened with url: \u0027\u0027","startTime":1526358253297,"endTime":0,"childRecords":[],"interuppted":false}],"interuppted":false},{"index":2,"isIgnoredIfFailed":false,"type":"TEST_STEP","name":"maximizeWindow","message":"Current window maximized","description":"Open window with full size","startTime":1526358253298,"endTime":1526358254459,"childRecords":[{"testStatus":{"stackTrace":"","statusValue":"PASSED"},"type":"MESSAGE","name":"","message":"Current window maximized","startTime":1526358254459,"endTime":0,"childRecords":[],"interuppted":false}],"interuppted":false},{"index":3,"isIgnoredIfFailed":false,"type":"TEST_STEP","name":"navigateToUrl","message":"Navigate to \u0027http://13.250.134.32/subrion/\u0027 successfully","description":"Navigate to link http://13.250.134.32/subrion/","startTime":1526358254459,"endTime":1526358256554,"childRecords":[{"testStatus":{"stackTrace":"","statusValue":"PASSED"},"type":"MESSAGE","name":"","message":"Navigate to \u0027http://13.250.134.32/subrion/\u0027 successfully","startTime":1526358256552,"endTime":0,"childRecords":[],"interuppted":false}],"interuppted":false},{"index":4,"isIgnoredIfFailed":false,"type":"TEST_STEP","name":"click","message":"Object: \u0027Object Repository/Object_Sign up/a_Sign up\u0027 is clicked on","description":"Click on Sign up","startTime":1526358256554,"endTime":1526358258009,"childRecords":[{"testStatus":{"stackTrace":"","statusValue":"PASSED"},"type":"MESSAGE","name":"","message":"Object: \u0027Object Repository/Object_Sign up/a_Sign up\u0027 is clicked on","startTime":1526358258009,"endTime":0,"childRecords":[],"interuppted":false}],"interuppted":false},{"index":5,"isIgnoredIfFailed":false,"type":"TEST_STEP","name":"waitForPageLoad","message":"Wait for page load successfully","description":"Wait 20s","startTime":1526358258010,"endTime":1526358258060,"childRecords":[{"testStatus":{"stackTrace":"","statusValue":"PASSED"},"type":"MESSAGE","name":"","message":"Wait for page load successfully","startTime":1526358258059,"endTime":0,"childRecords":[],"interuppted":false}],"interuppted":false},{"index":6,"isIgnoredIfFailed":false,"type":"TEST_STEP","name":"sendKeys","message":"Keys \u0027thaotle1.27\u0027 sent to object: \u0027Object Repository/Object_Sign up/input_username\u0027","description":"Enter Username","startTime":1526358258060,"endTime":1526358258181,"childRecords":[{"testStatus":{"stackTrace":"","statusValue":"PASSED"},"type":"MESSAGE","name":"","message":"Keys \u0027thaotle1.27\u0027 sent to object: \u0027Object Repository/Object_Sign up/input_username\u0027","startTime":1526358258180,"endTime":0,"childRecords":[],"interuppted":false}],"interuppted":false},{"index":7,"isIgnoredIfFailed":false,"type":"TEST_STEP","name":"sendKeys","message":"Keys \u0027thaotle1.2\u0027 sent to object: \u0027Object Repository/Object_Sign up/input_fullname\u0027","description":"Enter Fullname","startTime":1526358258181,"endTime":1526358258283,"childRecords":[{"testStatus":{"stackTrace":"","statusValue":"PASSED"},"type":"MESSAGE","name":"","message":"Keys \u0027thaotle1.2\u0027 sent to object: \u0027Object Repository/Object_Sign up/input_fullname\u0027","startTime":1526358258283,"endTime":0,"childRecords":[],"interuppted":false}],"interuppted":false},{"index":8,"isIgnoredIfFailed":false,"type":"TEST_STEP","name":"sendKeys","message":"Keys \u0027thaotle1.27@gmail.com\u0027 sent to object: \u0027Object Repository/Object_Sign up/input_email\u0027","description":"Enter Email","startTime":1526358258284,"endTime":1526358258421,"childRecords":[{"testStatus":{"stackTrace":"","statusValue":"PASSED"},"type":"MESSAGE","name":"","message":"Keys \u0027thaotle1.27@gmail.com\u0027 sent to object: \u0027Object Repository/Object_Sign up/input_email\u0027","startTime":1526358258418,"endTime":0,"childRecords":[],"interuppted":false}],"interuppted":false},{"index":9,"isIgnoredIfFailed":false,"type":"TEST_STEP","name":"selectOptionByValue","message":"All options with value \u00272\u0027 are selected in object \u0027Object Repository/Object_Sign up/cmb_gender\u0027 ","description":"Enter Gender","startTime":1526358258422,"endTime":1526358258566,"childRecords":[{"testStatus":{"stackTrace":"","statusValue":"PASSED"},"type":"MESSAGE","name":"","message":"All options with value \u00272\u0027 are selected in object \u0027Object Repository/Object_Sign up/cmb_gender\u0027 ","startTime":1526358258565,"endTime":0,"childRecords":[],"interuppted":false}],"interuppted":false},{"index":10,"isIgnoredIfFailed":false,"type":"TEST_STEP","name":"sendKeys","message":"Keys \u0027Password01\u0027 sent to object: \u0027Object Repository/Object_Sign up/input_password\u0027","description":"Enter Password","startTime":1526358258566,"endTime":1526358258683,"childRecords":[{"testStatus":{"stackTrace":"","statusValue":"PASSED"},"type":"MESSAGE","name":"","message":"Keys \u0027Password01\u0027 sent to object: \u0027Object Repository/Object_Sign up/input_password\u0027","startTime":1526358258683,"endTime":0,"childRecords":[],"interuppted":false}],"interuppted":false},{"index":11,"isIgnoredIfFailed":false,"type":"TEST_STEP","name":"sendKeys","message":"Keys \u0027Password01\u0027 sent to object: \u0027Object Repository/Object_Sign up/input_password2\u0027","description":"Re-enter Password","startTime":1526358258684,"endTime":1526358258836,"childRecords":[{"testStatus":{"stackTrace":"","statusValue":"PASSED"},"type":"MESSAGE","name":"","message":"Keys \u0027Password01\u0027 sent to object: \u0027Object Repository/Object_Sign up/input_password2\u0027","startTime":1526358258835,"endTime":0,"childRecords":[],"interuppted":false}],"interuppted":false},{"index":12,"isIgnoredIfFailed":false,"type":"TEST_STEP","name":"click","message":"Object: \u0027Object Repository/Object_Sign up/button_Registration\u0027 is clicked on","description":"Click on Registration button\\r\\n","startTime":1526358258838,"endTime":1526358260365,"childRecords":[{"testStatus":{"stackTrace":"","statusValue":"PASSED"},"type":"MESSAGE","name":"","message":"Object: \u0027Object Repository/Object_Sign up/button_Registration\u0027 is clicked on","startTime":1526358260363,"endTime":0,"childRecords":[],"interuppted":false}],"interuppted":false},{"index":13,"isIgnoredIfFailed":false,"type":"TEST_STEP","name":"Statement - message \u003d com.kms.katalon.core.webui.keyword.WebUiBuiltInKeywords.getText(com.kms.katalon.core.testobject.ObjectRepository.findTestObject(Object_Sign up/div_message))","message":"Text of object \u0027Object Repository/Object_Sign up/div_message\u0027 is: \u0027Member registered! Thank you!\u0027","description":"Get the messege","startTime":1526358260366,"endTime":1526358260432,"childRecords":[{"testStatus":{"stackTrace":"","statusValue":"PASSED"},"type":"MESSAGE","name":"","message":"Text of object \u0027Object Repository/Object_Sign up/div_message\u0027 is: \u0027Member registered! Thank you!\u0027","startTime":1526358260432,"endTime":0,"childRecords":[],"interuppted":false}],"interuppted":false},{"index":14,"isIgnoredIfFailed":false,"type":"TEST_STEP","name":"verifyMatch","message":"Actual text \u0027Member registered! Thank you!\u0027 and expected text \u0027Member registered! Thank you!\u0027 are matched ","description":"Compare message","startTime":1526358260432,"endTime":1526358260432,"childRecords":[{"testStatus":{"stackTrace":"","statusValue":"PASSED"},"type":"MESSAGE","name":"","message":"Actual text \u0027Member registered! Thank you!\u0027 and expected text \u0027Member registered! Thank you!\u0027 are matched ","startTime":1526358260432,"endTime":0,"childRecords":[],"interuppted":false}],"interuppted":false},{"testStatus":{"stackTrace":"","statusValue":"PASSED"},"type":"MESSAGE","name":"","message":"Test Cases/TC1/Common TC to Sign up","startTime":1526358260432,"endTime":0,"childRecords":[],"interuppted":false}],"interuppted":false},{"testStatus":{"stackTrace":"","statusValue":"PASSED"},"type":"MESSAGE","name":"","message":"Call Test Case \u0027Test Cases/TC1/Common TC to Sign up\u0027 successfully","startTime":1526358260435,"endTime":0,"childRecords":[],"interuppted":false}],"interuppted":false},{"index":2,"isIgnoredIfFailed":false,"type":"TEST_STEP","name":"click","message":"Object: \u0027Object Repository/Object_Login/a_Log in\u0027 is clicked on","description":"","startTime":1526358260445,"endTime":1526358261177,"childRecords":[{"testStatus":{"stackTrace":"","statusValue":"PASSED"},"type":"MESSAGE","name":"","message":"Object: \u0027Object Repository/Object_Login/a_Log in\u0027 is clicked on","startTime":1526358261176,"endTime":0,"childRecords":[],"interuppted":false}],"interuppted":false},{"index":3,"isIgnoredIfFailed":false,"type":"TEST_STEP","name":"setText","message":"Text \u0027thaotle1.27\u0027 is set on object \u0027Object Repository/Object_Login/input_username\u0027","description":"","startTime":1526358261177,"endTime":1526358261327,"childRecords":[{"testStatus":{"stackTrace":"","statusValue":"PASSED"},"type":"MESSAGE","name":"","message":"Text \u0027thaotle1.27\u0027 is set on object \u0027Object Repository/Object_Login/input_username\u0027","startTime":1526358261326,"endTime":0,"childRecords":[],"interuppted":false}],"interuppted":false},{"index":4,"isIgnoredIfFailed":false,"type":"TEST_STEP","name":"Statement - return_username \u003d com.kms.katalon.core.webui.keyword.WebUiBuiltInKeywords.getText(com.kms.katalon.core.testobject.ObjectRepository.findTestObject(Object_Login/input_username))","message":"Text of object \u0027Object Repository/Object_Login/input_username\u0027 is: \u0027\u0027","description":"","startTime":1526358261328,"endTime":1526358261365,"childRecords":[{"testStatus":{"stackTrace":"","statusValue":"PASSED"},"type":"MESSAGE","name":"","message":"Text of object \u0027Object Repository/Object_Login/input_username\u0027 is: \u0027\u0027","startTime":1526358261364,"endTime":0,"childRecords":[],"interuppted":false}],"interuppted":false},{"index":5,"isIgnoredIfFailed":false,"type":"TEST_STEP","name":"setText","message":"Text \u0027Password01\u0027 is set on object \u0027Object Repository/Object_Login/input_password\u0027","description":"","startTime":1526358261365,"endTime":1526358261496,"childRecords":[{"testStatus":{"stackTrace":"","statusValue":"PASSED"},"type":"MESSAGE","name":"","message":"Text \u0027Password01\u0027 is set on object \u0027Object Repository/Object_Login/input_password\u0027","startTime":1526358261495,"endTime":0,"childRecords":[],"interuppted":false}],"interuppted":false},{"index":6,"isIgnoredIfFailed":false,"type":"TEST_STEP","name":"click","message":"Object: \u0027Object Repository/Object_Login/btn_Login\u0027 is clicked on","description":"","startTime":1526358261497,"endTime":1526358262496,"childRecords":[{"testStatus":{"stackTrace":"","statusValue":"PASSED"},"type":"MESSAGE","name":"","message":"Object: \u0027Object Repository/Object_Login/btn_Login\u0027 is clicked on","startTime":1526358262495,"endTime":0,"childRecords":[],"interuppted":false}],"interuppted":false},{"index":7,"isIgnoredIfFailed":false,"type":"TEST_STEP","name":"verifyElementText","message":"Actual text and expected text of test object \u0027Object Repository/TC3_1/Page_Login  Powered by Subrion 4.2/li_Either login or password is\u0027 are matched.","description":"","startTime":1526358262496,"endTime":1526358262550,"childRecords":[{"testStatus":{"stackTrace":"","statusValue":"PASSED"},"type":"MESSAGE","name":"","message":"Actual text and expected text of test object \u0027Object Repository/TC3_1/Page_Login  Powered by Subrion 4.2/li_Either login or password is\u0027 are matched.","startTime":1526358262550,"endTime":0,"childRecords":[],"interuppted":false}],"interuppted":false},{"index":8,"isIgnoredIfFailed":false,"type":"TEST_STEP","name":"callTestCase","message":"Call Test Case \u0027Test Cases/TC1/Common TC to Login\u0027 successfully","description":"","startTime":1526358262551,"endTime":1526358265546,"childRecords":[{"isOptional":false,"type":"TEST_CASE","name":"Test Cases/TC1/Common TC to Login","id":"Test Cases/TC1/Common TC to Login","source":"C:\\\\Users\\\\thaotle\\\\Katalon Studio\\\\Sigma\\\\Test Cases\\\\TC1\\\\Common TC to Login.tc","message":"Test Cases/TC1/Common TC to Login","description":"","startTime":1526358262608,"endTime":1526358265545,"childRecords":[{"testStatus":{"stackTrace":"","statusValue":"INFO"},"type":"MESSAGE","name":"","message":"Evaluating variables for test case","startTime":1526358262614,"endTime":0,"childRecords":[],"interuppted":false},{"testStatus":{"stackTrace":"","statusValue":"INFO"},"type":"MESSAGE","name":"","message":"Variable \u0027username\u0027 is set to admin","startTime":1526358262614,"endTime":0,"childRecords":[],"interuppted":false},{"testStatus":{"stackTrace":"","statusValue":"INFO"},"type":"MESSAGE","name":"","message":"Variable \u0027password\u0027 is set to Katalon@2018","startTime":1526358262614,"endTime":0,"childRecords":[],"interuppted":false},{"index":1,"isIgnoredIfFailed":false,"type":"TEST_STEP","name":"click","message":"Object: \u0027Object Repository/Object_Login/a_Log in\u0027 is clicked on","description":"Login to System","startTime":1526358262719,"endTime":1526358263398,"childRecords":[{"testStatus":{"stackTrace":"","statusValue":"PASSED"},"type":"MESSAGE","name":"","message":"Object: \u0027Object Repository/Object_Login/a_Log in\u0027 is clicked on","startTime":1526358263397,"endTime":0,"childRecords":[],"interuppted":false}],"interuppted":false},{"index":2,"isIgnoredIfFailed":false,"type":"TEST_STEP","name":"setText","message":"Text \u0027admin\u0027 is set on object \u0027Object Repository/Object_Login/input_username\u0027","description":"Input Username","startTime":1526358263398,"endTime":1526358263508,"childRecords":[{"testStatus":{"stackTrace":"","statusValue":"PASSED"},"type":"MESSAGE","name":"","message":"Text \u0027admin\u0027 is set on object \u0027Object Repository/Object_Login/input_username\u0027","startTime":1526358263507,"endTime":0,"childRecords":[],"interuppted":false}],"interuppted":false},{"index":3,"isIgnoredIfFailed":false,"type":"TEST_STEP","name":"setText","message":"Text \u0027Katalon@2018\u0027 is set on object \u0027Object Repository/Object_Login/input_password\u0027","description":"Input Password","startTime":1526358263508,"endTime":1526358263634,"childRecords":[{"testStatus":{"stackTrace":"","statusValue":"PASSED"},"type":"MESSAGE","name":"","message":"Text \u0027Katalon@2018\u0027 is set on object \u0027Object Repository/Object_Login/input_password\u0027","startTime":1526358263633,"endTime":0,"childRecords":[],"interuppted":false}],"interuppted":false},{"index":4,"isIgnoredIfFailed":false,"type":"TEST_STEP","name":"click","message":"Object: \u0027Object Repository/Object_Login/btn_Login\u0027 is clicked on","description":"Click on Login button","startTime":1526358263634,"endTime":1526358265544,"childRecords":[{"testStatus":{"stackTrace":"","statusValue":"PASSED"},"type":"MESSAGE","name":"","message":"Object: \u0027Object Repository/Object_Login/btn_Login\u0027 is clicked on","startTime":1526358265543,"endTime":0,"childRecords":[],"interuppted":false}],"interuppted":false},{"testStatus":{"stackTrace":"","statusValue":"PASSED"},"type":"MESSAGE","name":"","message":"Test Cases/TC1/Common TC to Login","startTime":1526358265544,"endTime":0,"childRecords":[],"interuppted":false}],"interuppted":false},{"testStatus":{"stackTrace":"","statusValue":"PASSED"},"type":"MESSAGE","name":"","message":"Call Test Case \u0027Test Cases/TC1/Common TC to Login\u0027 successfully","startTime":1526358265545,"endTime":0,"childRecords":[],"interuppted":false}],"interuppted":false},{"index":9,"isIgnoredIfFailed":false,"type":"TEST_STEP","name":"navigateToUrl","message":"Navigate to \u0027http://13.250.134.32/subrion/panel/\u0027 successfully","description":"","startTime":1526358265547,"endTime":1526358269104,"childRecords":[{"testStatus":{"stackTrace":"","statusValue":"PASSED"},"type":"MESSAGE","name":"","message":"Navigate to \u0027http://13.250.134.32/subrion/panel/\u0027 successfully","startTime":1526358269104,"endTime":0,"childRecords":[],"interuppted":false}],"interuppted":false},{"index":10,"isIgnoredIfFailed":false,"type":"TEST_STEP","name":"waitForPageLoad","message":"Wait for page load successfully","description":"","startTime":1526358269104,"endTime":1526358269135,"childRecords":[{"testStatus":{"stackTrace":"","statusValue":"PASSED"},"type":"MESSAGE","name":"","message":"Wait for page load successfully","startTime":1526358269134,"endTime":0,"childRecords":[],"interuppted":false}],"interuppted":false},{"index":11,"isIgnoredIfFailed":false,"type":"TEST_STEP","name":"waitForElementNotVisible","message":"Web element with id: \u0027Object Repository/Object_Active member/wait_loader\u0027 located by \u0027By.xpath: //*[@ip \u003d \u0027js-ajax-loader-status\u0027]\u0027 not found","description":"","startTime":1526358269135,"endTime":1526358279641,"childRecords":[{"testStatus":{"stackTrace":"","statusValue":"WARNING"},"type":"MESSAGE","name":"","message":"Web element with id: \u0027Object Repository/Object_Active member/wait_loader\u0027 located by \u0027By.xpath: //*[@ip \u003d \u0027js-ajax-loader-status\u0027]\u0027 not found","startTime":1526358279639,"endTime":0,"childRecords":[],"interuppted":false}],"interuppted":false},{"index":12,"isIgnoredIfFailed":false,"type":"TEST_STEP","name":"click","message":"Object: \u0027Object Repository/Object_Active member/i_member\u0027 is clicked on","description":"","startTime":1526358279651,"endTime":1526358279722,"childRecords":[{"testStatus":{"stackTrace":"","statusValue":"PASSED"},"type":"MESSAGE","name":"","message":"Object: \u0027Object Repository/Object_Active member/i_member\u0027 is clicked on","startTime":1526358279721,"endTime":0,"childRecords":[],"interuppted":false}],"interuppted":false},{"index":13,"isIgnoredIfFailed":false,"type":"TEST_STEP","name":"click","message":"Object: \u0027Object Repository/Object_Active member/sub_member\u0027 is clicked on","description":"","startTime":1526358279722,"endTime":1526358281480,"childRecords":[{"testStatus":{"stackTrace":"","statusValue":"PASSED"},"type":"MESSAGE","name":"","message":"Object: \u0027Object Repository/Object_Active member/sub_member\u0027 is clicked on","startTime":1526358281479,"endTime":0,"childRecords":[],"interuppted":false}],"interuppted":false},{"index":14,"isIgnoredIfFailed":false,"type":"TEST_STEP","name":"waitForPageLoad","message":"Wait for page load successfully","description":"","startTime":1526358281480,"endTime":1526358281579,"childRecords":[{"testStatus":{"stackTrace":"","statusValue":"PASSED"},"type":"MESSAGE","name":"","message":"Wait for page load successfully","startTime":1526358281578,"endTime":0,"childRecords":[],"interuppted":false}],"interuppted":false},{"index":15,"isIgnoredIfFailed":false,"type":"TEST_STEP","name":"Statement - edit_xpath \u003d com.kms.katalon.core.webui.keyword.WebUiBuiltInKeywords.concatenate([\"//div[contains(text(),\u0027\", username, \"\u0027)]/parent::td/following-sibling::td[9]/div/i[@title\u003d\"Edit\"]\"])","message":"Concatenated string array: \u0027[\u0027//div[contains(text(),\u0027\u0027,\u0027thaotle1.27\u0027,\u0027\u0027)]/parent::td/following-sibling::td[9]/div/i[@title\u003d\"Edit\"]\u0027]\u0027 into \u0027//div[contains(text(),\u0027thaotle1.27\u0027)]/parent::td/following-sibling::td[9]/div/i[@title\u003d\"Edit\"]\u0027","description":"","startTime":1526358281579,"endTime":1526358281587,"childRecords":[{"testStatus":{"stackTrace":"","statusValue":"PASSED"},"type":"MESSAGE","name":"","message":"Concatenated string array: \u0027[\u0027//div[contains(text(),\u0027\u0027,\u0027thaotle1.27\u0027,\u0027\u0027)]/parent::td/following-sibling::td[9]/div/i[@title\u003d\"Edit\"]\u0027]\u0027 into \u0027//div[contains(text(),\u0027thaotle1.27\u0027)]/parent::td/following-sibling::td[9]/div/i[@title\u003d\"Edit\"]\u0027","startTime":1526358281586,"endTime":0,"childRecords":[],"interuppted":false}],"interuppted":false},{"index":16,"isIgnoredIfFailed":false,"type":"TEST_STEP","name":"Statement - myNewObject \u003d new com.kms.katalon.core.testobject.TestObject(TheObjectName)","description":"","startTime":1526358281587,"endTime":1526358281591,"childRecords":[],"interuppted":false},{"index":17,"isIgnoredIfFailed":false,"type":"TEST_STEP","name":"Statement - myNewObject.addProperty(\"xpath\", EQUALS, edit_xpath)","description":"","startTime":1526358281592,"endTime":1526358281597,"childRecords":[],"interuppted":false},{"index":18,"isIgnoredIfFailed":false,"type":"TEST_STEP","name":"click","message":"Object: \u0027TheObjectName\u0027 is clicked on","description":"","startTime":1526358281597,"endTime":1526358283453,"childRecords":[{"testStatus":{"stackTrace":"","statusValue":"PASSED"},"type":"MESSAGE","name":"","message":"Object: \u0027TheObjectName\u0027 is clicked on","startTime":1526358283452,"endTime":0,"childRecords":[],"interuppted":false}],"interuppted":false},{"index":19,"isIgnoredIfFailed":false,"type":"TEST_STEP","name":"selectOptionByValue","message":"All options with value \u0027active\u0027 are selected in object \u0027Object Repository/Object_Active member/cmb_Status\u0027  using regular expression","description":"","startTime":1526358283453,"endTime":1526358283655,"childRecords":[{"testStatus":{"stackTrace":"","statusValue":"PASSED"},"type":"MESSAGE","name":"","message":"All options with value \u0027active\u0027 are selected in object \u0027Object Repository/Object_Active member/cmb_Status\u0027  using regular expression","startTime":1526358283652,"endTime":0,"childRecords":[],"interuppted":false}],"interuppted":false},{"index":20,"isIgnoredIfFailed":false,"type":"TEST_STEP","name":"click","message":"Object: \u0027Object Repository/Object_Active member/btn_Save\u0027 is clicked on","description":"","startTime":1526358283656,"endTime":1526358285177,"childRecords":[{"testStatus":{"stackTrace":"","statusValue":"PASSED"},"type":"MESSAGE","name":"","message":"Object: \u0027Object Repository/Object_Active member/btn_Save\u0027 is clicked on","startTime":1526358285177,"endTime":0,"childRecords":[],"interuppted":false}],"interuppted":false},{"index":21,"isIgnoredIfFailed":false,"type":"TEST_STEP","name":"click","message":"Object: \u0027Object Repository/Object_Active member/a_Logout\u0027 is clicked on","description":"","startTime":1526358285178,"endTime":1526358287232,"childRecords":[{"testStatus":{"stackTrace":"","statusValue":"PASSED"},"type":"MESSAGE","name":"","message":"Object: \u0027Object Repository/Object_Active member/a_Logout\u0027 is clicked on","startTime":1526358287231,"endTime":0,"childRecords":[],"interuppted":false}],"interuppted":false},{"index":22,"isIgnoredIfFailed":false,"type":"TEST_STEP","name":"navigateToUrl","message":"Navigate to \u0027http://13.250.134.32/subrion/login/\u0027 successfully","description":"","startTime":1526358287233,"endTime":1526358287943,"childRecords":[{"testStatus":{"stackTrace":"","statusValue":"PASSED"},"type":"MESSAGE","name":"","message":"Navigate to \u0027http://13.250.134.32/subrion/login/\u0027 successfully","startTime":1526358287942,"endTime":0,"childRecords":[],"interuppted":false}],"interuppted":false},{"index":23,"isIgnoredIfFailed":false,"type":"TEST_STEP","name":"setText","message":"Text \u0027thaotle1.27\u0027 is set on object \u0027Object Repository/TC3_1/Page_Login  Powered by Subrion 4.2 (2)/input_username\u0027","description":"","startTime":1526358287943,"endTime":1526358288082,"childRecords":[{"testStatus":{"stackTrace":"","statusValue":"PASSED"},"type":"MESSAGE","name":"","message":"Text \u0027thaotle1.27\u0027 is set on object \u0027Object Repository/TC3_1/Page_Login  Powered by Subrion 4.2 (2)/input_username\u0027","startTime":1526358288080,"endTime":0,"childRecords":[],"interuppted":false}],"interuppted":false},{"index":24,"isIgnoredIfFailed":false,"type":"TEST_STEP","name":"setText","message":"Text \u0027Password01\u0027 is set on object \u0027Object Repository/TC3_1/Page_Login  Powered by Subrion 4.2 (2)/input_password\u0027","description":"","startTime":1526358288082,"endTime":1526358288211,"childRecords":[{"testStatus":{"stackTrace":"","statusValue":"PASSED"},"type":"MESSAGE","name":"","message":"Text \u0027Password01\u0027 is set on object \u0027Object Repository/TC3_1/Page_Login  Powered by Subrion 4.2 (2)/input_password\u0027","startTime":1526358288210,"endTime":0,"childRecords":[],"interuppted":false}],"interuppted":false},{"index":25,"isIgnoredIfFailed":false,"type":"TEST_STEP","name":"click","message":"Object: \u0027Object Repository/TC3_1/Page_Login  Powered by Subrion 4.2 (2)/button_Log in\u0027 is clicked on","description":"","startTime":1526358288211,"endTime":1526358289553,"childRecords":[{"testStatus":{"stackTrace":"","statusValue":"PASSED"},"type":"MESSAGE","name":"","message":"Object: \u0027Object Repository/TC3_1/Page_Login  Powered by Subrion 4.2 (2)/button_Log in\u0027 is clicked on","startTime":1526358289551,"endTime":0,"childRecords":[],"interuppted":false}],"interuppted":false},{"index":26,"isIgnoredIfFailed":false,"type":"TEST_STEP","name":"closeBrowser","message":"Browser is closed","description":"","startTime":1526358289554,"endTime":1526358290589,"childRecords":[{"testStatus":{"stackTrace":"","statusValue":"PASSED"},"type":"MESSAGE","name":"","message":"Browser is closed","startTime":1526358290589,"endTime":0,"childRecords":[],"interuppted":false}],"interuppted":false},{"testStatus":{"stackTrace":"","statusValue":"PASSED"},"type":"MESSAGE","name":"","message":"Test Cases/TC1/TC3","startTime":1526358290589,"endTime":0,"childRecords":[],"interuppted":false}],"interuppted":false},{"isOptional":false,"type":"TEST_CASE","name":"Test Cases/TC1/TC3","id":"Test Cases/TC1/TC3","source":"C:\\\\Users\\\\thaotle\\\\Katalon Studio\\\\Sigma\\\\Test Cases\\\\TC1\\\\TC3.tc","message":"Test Cases/TC1/TC3 FAILED because (of) Unable to open browser with url: \u0027\u0027 (Root cause: org.openqa.selenium.WebDriverException: Timed out waiting for driver server to start.\nBuild info: version: \u00273.7.1\u0027, revision: \u00278a0099a\u0027, time: \u00272017-11-06T21:07:36.161Z\u0027\nSystem info: host: \u0027SGH451QS3J\u0027, ip: \u0027192.168.10.156\u0027, os.name: \u0027Windows 7\u0027, os.arch: \u0027amd64\u0027, os.version: \u00276.1\u0027, java.version: \u00271.8.0_102\u0027\nDriver info: driver.version: CChromeDriver)","description":"","startTime":1526358290592,"endTime":1526358310716,"childRecords":[{"testStatus":{"stackTrace":"","statusValue":"INFO"},"type":"MESSAGE","name":"","message":"Evaluating variables for test case","startTime":1526358290602,"endTime":0,"childRecords":[],"interuppted":false},{"testStatus":{"stackTrace":"","statusValue":"INFO"},"type":"MESSAGE","name":"","message":"Variable \u0027password\u0027 is set to ","startTime":1526358290602,"endTime":0,"childRecords":[],"interuppted":false},{"testStatus":{"stackTrace":"","statusValue":"INFO"},"type":"MESSAGE","name":"","message":"Variable \u0027username\u0027 is set to ","startTime":1526358290602,"endTime":0,"childRecords":[],"interuppted":false},{"testStatus":{"stackTrace":"","statusValue":"INFO"},"type":"MESSAGE","name":"","message":"Variable \u0027email\u0027 is set to ","startTime":1526358290602,"endTime":0,"childRecords":[],"interuppted":false},{"testStatus":{"stackTrace":"","statusValue":"INFO"},"type":"MESSAGE","name":"","message":"Variable \u0027fullname\u0027 is set to ","startTime":1526358290602,"endTime":0,"childRecords":[],"interuppted":false},{"index":1,"isIgnoredIfFailed":false,"type":"TEST_STEP","name":"callTestCase","message":"Unable to call Test Case with id \u0027Test Cases/TC1/Common TC to Sign up\u0027 (Root cause: Call Test Case \u0027Test Cases/TC1/Common TC to Sign up\u0027 failed)","description":"Call Common TC to Sign up","startTime":1526358290604,"endTime":1526358310704,"childRecords":[{"isOptional":false,"type":"TEST_CASE","name":"Test Cases/TC1/Common TC to Sign up","id":"Test Cases/TC1/Common TC to Sign up","source":"C:\\\\Users\\\\thaotle\\\\Katalon Studio\\\\Sigma\\\\Test Cases\\\\TC1\\\\Common TC to Sign up.tc","message":"Test Cases/TC1/Common TC to Sign up FAILED because (of) Unable to open browser with url: \u0027\u0027 (Root cause: org.openqa.selenium.WebDriverException: Timed out waiting for driver server to start.\nBuild info: version: \u00273.7.1\u0027, revision: \u00278a0099a\u0027, time: \u00272017-11-06T21:07:36.161Z\u0027\nSystem info: host: \u0027SGH451QS3J\u0027, ip: \u0027192.168.10.156\u0027, os.name: \u0027Windows 7\u0027, os.arch: \u0027amd64\u0027, os.version: \u00276.1\u0027, java.version: \u00271.8.0_102\u0027\nDriver info: driver.version: CChromeDriver)","description":"","startTime":1526358290676,"endTime":1526358310704,"childRecords":[{"testStatus":{"stackTrace":"","statusValue":"INFO"},"type":"MESSAGE","name":"","message":"Evaluating variables for test case","startTime":1526358290686,"endTime":0,"childRecords":[],"interuppted":false},{"testStatus":{"stackTrace":"","statusValue":"INFO"},"type":"MESSAGE","name":"","message":"Variable \u0027password\u0027 is set to ","startTime":1526358290686,"endTime":0,"childRecords":[],"interuppted":false},{"testStatus":{"stackTrace":"","statusValue":"INFO"},"type":"MESSAGE","name":"","message":"Variable \u0027username\u0027 is set to ","startTime":1526358290686,"endTime":0,"childRecords":[],"interuppted":false},{"testStatus":{"stackTrace":"","statusValue":"INFO"},"type":"MESSAGE","name":"","message":"Variable \u0027fullname\u0027 is set to ","startTime":1526358290686,"endTime":0,"childRecords":[],"interuppted":false},{"testStatus":{"stackTrace":"","statusValue":"INFO"},"type":"MESSAGE","name":"","message":"Variable \u0027email\u0027 is set to ","startTime":1526358290686,"endTime":0,"childRecords":[],"interuppted":false},{"index":1,"isIgnoredIfFailed":false,"type":"TEST_STEP","name":"openBrowser","message":"Unable to open browser with url: \u0027\u0027 (Root cause: org.openqa.selenium.WebDriverException: Timed out waiting for driver server to start.\nBuild info: version: \u00273.7.1\u0027, revision: \u00278a0099a\u0027, time: \u00272017-11-06T21:07:36.161Z\u0027\nSystem info: host: \u0027SGH451QS3J\u0027, ip: \u0027192.168.10.156\u0027, os.name: \u0027Windows 7\u0027, os.arch: \u0027amd64\u0027, os.version: \u00276.1\u0027, java.version: \u00271.8.0_102\u0027\nDriver info: driver.version: CChromeDriver)","description":"Open Browser","startTime":1526358290686,"endTime":1526358310683,"childRecords":[{"testStatus":{"stackTrace":"","statusValue":"FAILED"},"type":"MESSAGE","name":"","message":"Unable to open browser with url: \u0027\u0027 (Root cause: org.openqa.selenium.WebDriverException: Timed out waiting for driver server to start.\nBuild info: version: \u00273.7.1\u0027, revision: \u00278a0099a\u0027, time: \u00272017-11-06T21:07:36.161Z\u0027\nSystem info: host: \u0027SGH451QS3J\u0027, ip: \u0027192.168.10.156\u0027, os.name: \u0027Windows 7\u0027, os.arch: \u0027amd64\u0027, os.version: \u00276.1\u0027, java.version: \u00271.8.0_102\u0027\nDriver info: driver.version: CChromeDriver)","startTime":1526358310682,"endTime":0,"childRecords":[],"interuppted":false}],"interuppted":false},{"testStatus":{"stackTrace":"","statusValue":"FAILED"},"type":"MESSAGE","name":"","message":"Test Cases/TC1/Common TC to Sign up FAILED because (of) Unable to open browser with url: \u0027\u0027 (Root cause: org.openqa.selenium.WebDriverException: Timed out waiting for driver server to start.\nBuild info: version: \u00273.7.1\u0027, revision: \u00278a0099a\u0027, time: \u00272017-11-06T21:07:36.161Z\u0027\nSystem info: host: \u0027SGH451QS3J\u0027, ip: \u0027192.168.10.156\u0027, os.name: \u0027Windows 7\u0027, os.arch: \u0027amd64\u0027, os.version: \u00276.1\u0027, java.version: \u00271.8.0_102\u0027\nDriver info: driver.version: CChromeDriver)","startTime":1526358310684,"endTime":0,"childRecords":[],"interuppted":false}],"interuppted":false},{"testStatus":{"stackTrace":"","statusValue":"FAILED"},"type":"MESSAGE","name":"","message":"Unable to call Test Case with id \u0027Test Cases/TC1/Common TC to Sign up\u0027 (Root cause: Call Test Case \u0027Test Cases/TC1/Common TC to Sign up\u0027 failed)","startTime":1526358310704,"endTime":0,"childRecords":[],"interuppted":false}],"interuppted":false},{"testStatus":{"stackTrace":"","statusValue":"FAILED"},"type":"MESSAGE","name":"","message":"Test Cases/TC1/TC3 FAILED because (of) Unable to open browser with url: \u0027\u0027 (Root cause: org.openqa.selenium.WebDriverException: Timed out waiting for driver server to start.\nBuild info: version: \u00273.7.1\u0027, revision: \u00278a0099a\u0027, time: \u00272017-11-06T21:07:36.161Z\u0027\nSystem info: host: \u0027SGH451QS3J\u0027, ip: \u0027192.168.10.156\u0027, os.name: \u0027Windows 7\u0027, os.arch: \u0027amd64\u0027, os.version: \u00276.1\u0027, java.version: \u00271.8.0_102\u0027\nDriver info: driver.version: CChromeDriver)","startTime":1526358310704,"endTime":0,"childRecords":[],"interuppted":false}],"interuppted":false}],"interuppted":false}