<?xml version="1.0" encoding="UTF-8"?>
<testsuites name="Test Suites" time="64" tests="1" failures="1" errors="0">
   <testsuite name="Test Suites" tests="1" failures="1" errors="0" time="64" timestamp="2018-05-15 11:24:05" hostname="thaotle - SGH451QS3J.kms.com.vn" id="Test Suites/Test Suites">
      <properties>
         <property name="deviceName" value=""/>
         <property name="devicePlatform" value=""/>
         <property name="logFolder" value="C:\\Users\\thaotle\\Katalon Studio\\Sigma\\Reports\\Test Suites\\20180515_112404"/>
         <property name="logFiles" value="C:\\Users\\thaotle\\Katalon Studio\\Sigma\\Reports\\Test Suites\\20180515_112404\\execution0.log"/>
         <property name="attachments" value=""/>
         <property name="hostName" value="thaotle - SGH451QS3J.kms.com.vn"/>
         <property name="os" value="Windows 7 64bit"/>
         <property name="katalonVersion" value="5.4.1.1"/>
         <property name="browser" value="Chrome 66.0.3359.139"/>
         <property name="hostAddress" value="192.168.10.156"/>
         <property name="sessionId" value="cfd2c3ee0403a28a064ce9173ca66a28"/>
         <property name="seleniumVersion" value="3.7.1"/>
         <property name="proxyInformation" value="ProxyInformation{proxyOption=NO_PROXY, proxyServerType=HTTP, password=, proxyServerAddress=, proxyServerPort=0}"/>
         <property name="platform" value="Windows 7"/>
      </properties>
      <testcase name="Test Cases/TC1/TC3" classname="Test Cases/TC1/TC3" status="PASSED">
         <system-out><![CDATA[2018-05-15 11:24:06 - [TEST_CASE][PASSED] - Test Cases/TC1/TC3: Test Cases/TC1/TC3

2018-05-15 11:24:06 - [TEST_STEP][PASSED] - callTestCase: Call Test Case 'Test Cases/TC1/Common TC to Sign up' successfully

2018-05-15 11:24:06 - [TEST_CASE][PASSED] - Test Cases/TC1/Common TC to Sign up: Test Cases/TC1/Common TC to Sign up

2018-05-15 11:24:06 - [TEST_STEP][PASSED] - openBrowser: Browser is opened with url: ''

2018-05-15 11:24:13 - [MESSAGE][PASSED] - Browser is opened with url: ''

2018-05-15 11:24:13 - [TEST_STEP][PASSED] - maximizeWindow: Current window maximized

2018-05-15 11:24:14 - [MESSAGE][PASSED] - Current window maximized

2018-05-15 11:24:14 - [TEST_STEP][PASSED] - navigateToUrl: Navigate to 'http://13.250.134.32/subrion/' successfully

2018-05-15 11:24:16 - [MESSAGE][PASSED] - Navigate to 'http://13.250.134.32/subrion/' successfully

2018-05-15 11:24:16 - [TEST_STEP][PASSED] - click: Object: 'Object Repository/Object_Sign up/a_Sign up' is clicked on

2018-05-15 11:24:18 - [MESSAGE][PASSED] - Object: 'Object Repository/Object_Sign up/a_Sign up' is clicked on

2018-05-15 11:24:18 - [TEST_STEP][PASSED] - waitForPageLoad: Wait for page load successfully

2018-05-15 11:24:18 - [MESSAGE][PASSED] - Wait for page load successfully

2018-05-15 11:24:18 - [TEST_STEP][PASSED] - sendKeys: Keys 'thaotle1.27' sent to object: 'Object Repository/Object_Sign up/input_username'

2018-05-15 11:24:18 - [MESSAGE][PASSED] - Keys 'thaotle1.27' sent to object: 'Object Repository/Object_Sign up/input_username'

2018-05-15 11:24:18 - [TEST_STEP][PASSED] - sendKeys: Keys 'thaotle1.2' sent to object: 'Object Repository/Object_Sign up/input_fullname'

2018-05-15 11:24:18 - [MESSAGE][PASSED] - Keys 'thaotle1.2' sent to object: 'Object Repository/Object_Sign up/input_fullname'

2018-05-15 11:24:18 - [TEST_STEP][PASSED] - sendKeys: Keys 'thaotle1.27@gmail.com' sent to object: 'Object Repository/Object_Sign up/input_email'

2018-05-15 11:24:18 - [MESSAGE][PASSED] - Keys 'thaotle1.27@gmail.com' sent to object: 'Object Repository/Object_Sign up/input_email'

2018-05-15 11:24:18 - [TEST_STEP][PASSED] - selectOptionByValue: All options with value '2' are selected in object 'Object Repository/Object_Sign up/cmb_gender' 

2018-05-15 11:24:18 - [MESSAGE][PASSED] - All options with value '2' are selected in object 'Object Repository/Object_Sign up/cmb_gender' 

2018-05-15 11:24:18 - [TEST_STEP][PASSED] - sendKeys: Keys 'Password01' sent to object: 'Object Repository/Object_Sign up/input_password'

2018-05-15 11:24:18 - [MESSAGE][PASSED] - Keys 'Password01' sent to object: 'Object Repository/Object_Sign up/input_password'

2018-05-15 11:24:18 - [TEST_STEP][PASSED] - sendKeys: Keys 'Password01' sent to object: 'Object Repository/Object_Sign up/input_password2'

2018-05-15 11:24:18 - [MESSAGE][PASSED] - Keys 'Password01' sent to object: 'Object Repository/Object_Sign up/input_password2'

2018-05-15 11:24:18 - [TEST_STEP][PASSED] - click: Object: 'Object Repository/Object_Sign up/button_Registration' is clicked on

2018-05-15 11:24:20 - [MESSAGE][PASSED] - Object: 'Object Repository/Object_Sign up/button_Registration' is clicked on

2018-05-15 11:24:20 - [TEST_STEP][PASSED] - Statement - message = com.kms.katalon.core.webui.keyword.WebUiBuiltInKeywords.getText(com.kms.katalon.core.testobject.ObjectRepository.findTestObject(Object_Sign up/div_message)): Text of object 'Object Repository/Object_Sign up/div_message' is: 'Member registered! Thank you!'

2018-05-15 11:24:20 - [MESSAGE][PASSED] - Text of object 'Object Repository/Object_Sign up/div_message' is: 'Member registered! Thank you!'

2018-05-15 11:24:20 - [TEST_STEP][PASSED] - verifyMatch: Actual text 'Member registered! Thank you!' and expected text 'Member registered! Thank you!' are matched 

2018-05-15 11:24:20 - [MESSAGE][PASSED] - Actual text 'Member registered! Thank you!' and expected text 'Member registered! Thank you!' are matched 

2018-05-15 11:24:20 - [MESSAGE][PASSED] - Call Test Case 'Test Cases/TC1/Common TC to Sign up' successfully

2018-05-15 11:24:20 - [TEST_STEP][PASSED] - click: Object: 'Object Repository/Object_Login/a_Log in' is clicked on

2018-05-15 11:24:21 - [MESSAGE][PASSED] - Object: 'Object Repository/Object_Login/a_Log in' is clicked on

2018-05-15 11:24:21 - [TEST_STEP][PASSED] - setText: Text 'thaotle1.27' is set on object 'Object Repository/Object_Login/input_username'

2018-05-15 11:24:21 - [MESSAGE][PASSED] - Text 'thaotle1.27' is set on object 'Object Repository/Object_Login/input_username'

2018-05-15 11:24:21 - [TEST_STEP][PASSED] - Statement - return_username = com.kms.katalon.core.webui.keyword.WebUiBuiltInKeywords.getText(com.kms.katalon.core.testobject.ObjectRepository.findTestObject(Object_Login/input_username)): Text of object 'Object Repository/Object_Login/input_username' is: ''

2018-05-15 11:24:21 - [MESSAGE][PASSED] - Text of object 'Object Repository/Object_Login/input_username' is: ''

2018-05-15 11:24:21 - [TEST_STEP][PASSED] - setText: Text 'Password01' is set on object 'Object Repository/Object_Login/input_password'

2018-05-15 11:24:21 - [MESSAGE][PASSED] - Text 'Password01' is set on object 'Object Repository/Object_Login/input_password'

2018-05-15 11:24:21 - [TEST_STEP][PASSED] - click: Object: 'Object Repository/Object_Login/btn_Login' is clicked on

2018-05-15 11:24:22 - [MESSAGE][PASSED] - Object: 'Object Repository/Object_Login/btn_Login' is clicked on

2018-05-15 11:24:22 - [TEST_STEP][PASSED] - verifyElementText: Actual text and expected text of test object 'Object Repository/TC3_1/Page_Login  Powered by Subrion 4.2/li_Either login or password is' are matched.

2018-05-15 11:24:22 - [MESSAGE][PASSED] - Actual text and expected text of test object 'Object Repository/TC3_1/Page_Login  Powered by Subrion 4.2/li_Either login or password is' are matched.

2018-05-15 11:24:22 - [TEST_STEP][PASSED] - callTestCase: Call Test Case 'Test Cases/TC1/Common TC to Login' successfully

2018-05-15 11:24:22 - [TEST_CASE][PASSED] - Test Cases/TC1/Common TC to Login: Test Cases/TC1/Common TC to Login

2018-05-15 11:24:22 - [TEST_STEP][PASSED] - click: Object: 'Object Repository/Object_Login/a_Log in' is clicked on

2018-05-15 11:24:23 - [MESSAGE][PASSED] - Object: 'Object Repository/Object_Login/a_Log in' is clicked on

2018-05-15 11:24:23 - [TEST_STEP][PASSED] - setText: Text 'admin' is set on object 'Object Repository/Object_Login/input_username'

2018-05-15 11:24:23 - [MESSAGE][PASSED] - Text 'admin' is set on object 'Object Repository/Object_Login/input_username'

2018-05-15 11:24:23 - [TEST_STEP][PASSED] - setText: Text 'Katalon@2018' is set on object 'Object Repository/Object_Login/input_password'

2018-05-15 11:24:23 - [MESSAGE][PASSED] - Text 'Katalon@2018' is set on object 'Object Repository/Object_Login/input_password'

2018-05-15 11:24:23 - [TEST_STEP][PASSED] - click: Object: 'Object Repository/Object_Login/btn_Login' is clicked on

2018-05-15 11:24:25 - [MESSAGE][PASSED] - Object: 'Object Repository/Object_Login/btn_Login' is clicked on

2018-05-15 11:24:25 - [MESSAGE][PASSED] - Call Test Case 'Test Cases/TC1/Common TC to Login' successfully

2018-05-15 11:24:25 - [TEST_STEP][PASSED] - navigateToUrl: Navigate to 'http://13.250.134.32/subrion/panel/' successfully

2018-05-15 11:24:29 - [MESSAGE][PASSED] - Navigate to 'http://13.250.134.32/subrion/panel/' successfully

2018-05-15 11:24:29 - [TEST_STEP][PASSED] - waitForPageLoad: Wait for page load successfully

2018-05-15 11:24:29 - [MESSAGE][PASSED] - Wait for page load successfully

2018-05-15 11:24:29 - [TEST_STEP][PASSED] - waitForElementNotVisible: Web element with id: 'Object Repository/Object_Active member/wait_loader' located by 'By.xpath: //*[@ip = 'js-ajax-loader-status']' not found

2018-05-15 11:24:39 - [MESSAGE][WARNING] - Web element with id: 'Object Repository/Object_Active member/wait_loader' located by 'By.xpath: //*[@ip = 'js-ajax-loader-status']' not found

2018-05-15 11:24:39 - [TEST_STEP][PASSED] - click: Object: 'Object Repository/Object_Active member/i_member' is clicked on

2018-05-15 11:24:39 - [MESSAGE][PASSED] - Object: 'Object Repository/Object_Active member/i_member' is clicked on

2018-05-15 11:24:39 - [TEST_STEP][PASSED] - click: Object: 'Object Repository/Object_Active member/sub_member' is clicked on

2018-05-15 11:24:41 - [MESSAGE][PASSED] - Object: 'Object Repository/Object_Active member/sub_member' is clicked on

2018-05-15 11:24:41 - [TEST_STEP][PASSED] - waitForPageLoad: Wait for page load successfully

2018-05-15 11:24:41 - [MESSAGE][PASSED] - Wait for page load successfully

2018-05-15 11:24:41 - [TEST_STEP][PASSED] - Statement - edit_xpath = com.kms.katalon.core.webui.keyword.WebUiBuiltInKeywords.concatenate(["//div[contains(text(),'", username, "')]/parent::td/following-sibling::td[9]/div/i[@title="Edit"]"]): Concatenated string array: '['//div[contains(text(),'','thaotle1.27','')]/parent::td/following-sibling::td[9]/div/i[@title="Edit"]']' into '//div[contains(text(),'thaotle1.27')]/parent::td/following-sibling::td[9]/div/i[@title="Edit"]'

2018-05-15 11:24:41 - [MESSAGE][PASSED] - Concatenated string array: '['//div[contains(text(),'','thaotle1.27','')]/parent::td/following-sibling::td[9]/div/i[@title="Edit"]']' into '//div[contains(text(),'thaotle1.27')]/parent::td/following-sibling::td[9]/div/i[@title="Edit"]'

2018-05-15 11:24:41 - [TEST_STEP][PASSED] - Statement - myNewObject = new com.kms.katalon.core.testobject.TestObject(TheObjectName): null

2018-05-15 11:24:41 - [TEST_STEP][PASSED] - Statement - myNewObject.addProperty("xpath", EQUALS, edit_xpath): null

2018-05-15 11:24:41 - [TEST_STEP][PASSED] - click: Object: 'TheObjectName' is clicked on

2018-05-15 11:24:43 - [MESSAGE][PASSED] - Object: 'TheObjectName' is clicked on

2018-05-15 11:24:43 - [TEST_STEP][PASSED] - selectOptionByValue: All options with value 'active' are selected in object 'Object Repository/Object_Active member/cmb_Status'  using regular expression

2018-05-15 11:24:43 - [MESSAGE][PASSED] - All options with value 'active' are selected in object 'Object Repository/Object_Active member/cmb_Status'  using regular expression

2018-05-15 11:24:43 - [TEST_STEP][PASSED] - click: Object: 'Object Repository/Object_Active member/btn_Save' is clicked on

2018-05-15 11:24:45 - [MESSAGE][PASSED] - Object: 'Object Repository/Object_Active member/btn_Save' is clicked on

2018-05-15 11:24:45 - [TEST_STEP][PASSED] - click: Object: 'Object Repository/Object_Active member/a_Logout' is clicked on

2018-05-15 11:24:47 - [MESSAGE][PASSED] - Object: 'Object Repository/Object_Active member/a_Logout' is clicked on

2018-05-15 11:24:47 - [TEST_STEP][PASSED] - navigateToUrl: Navigate to 'http://13.250.134.32/subrion/login/' successfully

2018-05-15 11:24:47 - [MESSAGE][PASSED] - Navigate to 'http://13.250.134.32/subrion/login/' successfully

2018-05-15 11:24:47 - [TEST_STEP][PASSED] - setText: Text 'thaotle1.27' is set on object 'Object Repository/TC3_1/Page_Login  Powered by Subrion 4.2 (2)/input_username'

2018-05-15 11:24:48 - [MESSAGE][PASSED] - Text 'thaotle1.27' is set on object 'Object Repository/TC3_1/Page_Login  Powered by Subrion 4.2 (2)/input_username'

2018-05-15 11:24:48 - [TEST_STEP][PASSED] - setText: Text 'Password01' is set on object 'Object Repository/TC3_1/Page_Login  Powered by Subrion 4.2 (2)/input_password'

2018-05-15 11:24:48 - [MESSAGE][PASSED] - Text 'Password01' is set on object 'Object Repository/TC3_1/Page_Login  Powered by Subrion 4.2 (2)/input_password'

2018-05-15 11:24:48 - [TEST_STEP][PASSED] - click: Object: 'Object Repository/TC3_1/Page_Login  Powered by Subrion 4.2 (2)/button_Log in' is clicked on

2018-05-15 11:24:49 - [MESSAGE][PASSED] - Object: 'Object Repository/TC3_1/Page_Login  Powered by Subrion 4.2 (2)/button_Log in' is clicked on

2018-05-15 11:24:49 - [TEST_STEP][PASSED] - closeBrowser: Browser is closed

2018-05-15 11:24:50 - [MESSAGE][PASSED] - Browser is closed]]></system-out>
         <system-err><![CDATA[]]></system-err>
      </testcase>
      <testcase name="Test Cases/TC1/TC3" classname="Test Cases/TC1/TC3" status="FAILED">
         <failure type="FAILED" message="Unable to open browser with url: '' (Root cause: org.openqa.selenium.WebDriverException: Timed out waiting for driver server to start.
Build info: version: '3.7.1', revision: '8a0099a', time: '2017-11-06T21:07:36.161Z'
System info: host: 'SGH451QS3J', ip: '192.168.10.156', os.name: 'Windows 7', os.arch: 'amd64', os.version: '6.1', java.version: '1.8.0_102'
Driver info: driver.version: CChromeDriver)"/>
         <system-out><![CDATA[2018-05-15 11:24:50 - [TEST_CASE][FAILED] - Test Cases/TC1/TC3: Test Cases/TC1/TC3 FAILED because (of) Unable to open browser with url: '' (Root cause: org.openqa.selenium.WebDriverException: Timed out waiting for driver server to start.
Build info: version: '3.7.1', revision: '8a0099a', time: '2017-11-06T21:07:36.161Z'
System info: host: 'SGH451QS3J', ip: '192.168.10.156', os.name: 'Windows 7', os.arch: 'amd64', os.version: '6.1', java.version: '1.8.0_102'
Driver info: driver.version: CChromeDriver)

2018-05-15 11:24:50 - [TEST_STEP][FAILED] - callTestCase: Unable to call Test Case with id 'Test Cases/TC1/Common TC to Sign up' (Root cause: Call Test Case 'Test Cases/TC1/Common TC to Sign up' failed)

2018-05-15 11:24:50 - [TEST_CASE][FAILED] - Test Cases/TC1/Common TC to Sign up: Test Cases/TC1/Common TC to Sign up FAILED because (of) Unable to open browser with url: '' (Root cause: org.openqa.selenium.WebDriverException: Timed out waiting for driver server to start.
Build info: version: '3.7.1', revision: '8a0099a', time: '2017-11-06T21:07:36.161Z'
System info: host: 'SGH451QS3J', ip: '192.168.10.156', os.name: 'Windows 7', os.arch: 'amd64', os.version: '6.1', java.version: '1.8.0_102'
Driver info: driver.version: CChromeDriver)

2018-05-15 11:24:50 - [TEST_STEP][FAILED] - openBrowser: Unable to open browser with url: '' (Root cause: org.openqa.selenium.WebDriverException: Timed out waiting for driver server to start.
Build info: version: '3.7.1', revision: '8a0099a', time: '2017-11-06T21:07:36.161Z'
System info: host: 'SGH451QS3J', ip: '192.168.10.156', os.name: 'Windows 7', os.arch: 'amd64', os.version: '6.1', java.version: '1.8.0_102'
Driver info: driver.version: CChromeDriver)

2018-05-15 11:25:10 - [MESSAGE][FAILED] - Unable to open browser with url: '' (Root cause: org.openqa.selenium.WebDriverException: Timed out waiting for driver server to start.
Build info: version: '3.7.1', revision: '8a0099a', time: '2017-11-06T21:07:36.161Z'
System info: host: 'SGH451QS3J', ip: '192.168.10.156', os.name: 'Windows 7', os.arch: 'amd64', os.version: '6.1', java.version: '1.8.0_102'
Driver info: driver.version: CChromeDriver)

2018-05-15 11:25:10 - [MESSAGE][FAILED] - Unable to call Test Case with id 'Test Cases/TC1/Common TC to Sign up' (Root cause: Call Test Case 'Test Cases/TC1/Common TC to Sign up' failed)]]></system-out>
         <system-err><![CDATA[2018-05-15 11:24:50 - [TEST_CASE][FAILED] - Test Cases/TC1/TC3: Test Cases/TC1/TC3 FAILED because (of) Unable to open browser with url: '' (Root cause: org.openqa.selenium.WebDriverException: Timed out waiting for driver server to start.
Build info: version: '3.7.1', revision: '8a0099a', time: '2017-11-06T21:07:36.161Z'
System info: host: 'SGH451QS3J', ip: '192.168.10.156', os.name: 'Windows 7', os.arch: 'amd64', os.version: '6.1', java.version: '1.8.0_102'
Driver info: driver.version: CChromeDriver)]]></system-err>
      </testcase>
      <system-out><![CDATA[2018-05-15 11:24:05 - [TEST_SUITE][FAILED] - Test Suites: Test Cases/TC1/TC3 FAILED because (of) Unable to open browser with url: '' (Root cause: org.openqa.selenium.WebDriverException: Timed out waiting for driver server to start.
Build info: version: '3.7.1', revision: '8a0099a', time: '2017-11-06T21:07:36.161Z'
System info: host: 'SGH451QS3J', ip: '192.168.10.156', os.name: 'Windows 7', os.arch: 'amd64', os.version: '6.1', java.version: '1.8.0_102'
Driver info: driver.version: CChromeDriver)]]></system-out>
      <system-err><![CDATA[2018-05-15 11:24:05 - [TEST_SUITE][FAILED] - Test Suites: Test Cases/TC1/TC3 FAILED because (of) Unable to open browser with url: '' (Root cause: org.openqa.selenium.WebDriverException: Timed out waiting for driver server to start.
Build info: version: '3.7.1', revision: '8a0099a', time: '2017-11-06T21:07:36.161Z'
System info: host: 'SGH451QS3J', ip: '192.168.10.156', os.name: 'Windows 7', os.arch: 'amd64', os.version: '6.1', java.version: '1.8.0_102'
Driver info: driver.version: CChromeDriver)]]></system-err>
   </testsuite>
</testsuites>
