<?xml version="1.0" encoding="UTF-8"?>
<testsuites name="Test Suites" time="19" tests="0" failures="0" errors="1">
   <testsuite name="Test Suites" tests="0" failures="0" errors="1" time="19" timestamp="2018-05-15 13:57:40" hostname="thaotle - SGH451QS3J.kms.com.vn" id="Test Suites/Test Suites">
      <properties>
         <property name="deviceName" value=""/>
         <property name="devicePlatform" value=""/>
         <property name="logFolder" value="C:\\Users\\thaotle\\Katalon Studio\\Sigma\\Reports\\Test Suites\\20180515_135739"/>
         <property name="logFiles" value="C:\\Users\\thaotle\\Katalon Studio\\Sigma\\Reports\\Test Suites\\20180515_135739\\execution0.log"/>
         <property name="attachments" value=""/>
         <property name="hostName" value="thaotle - SGH451QS3J.kms.com.vn"/>
         <property name="os" value="Windows 7 64bit"/>
         <property name="katalonVersion" value="5.4.1.1"/>
         <property name="browser" value="Chrome 66.0.3359.139"/>
         <property name="hostAddress" value="192.168.10.156"/>
         <property name="sessionId" value="4b3c5369444a4b6efee4b4d8c85c4f34"/>
         <property name="seleniumVersion" value="3.7.1"/>
         <property name="proxyInformation" value="ProxyInformation{proxyOption=NO_PROXY, proxyServerType=HTTP, password=, proxyServerAddress=, proxyServerPort=0}"/>
         <property name="platform" value="Windows 7"/>
      </properties>
      <testcase name="Test Cases/TC1/TC3" classname="Test Cases/TC1/TC3" status="ERROR">
         <error type="ERROR" message="Test Cases/TC1/TC3 FAILED because (of) java.lang.NullPointerException"/>
         <system-out><![CDATA[2018-05-15 13:57:40 - [TEST_CASE][ERROR] - Test Cases/TC1/TC3: Test Cases/TC1/TC3 FAILED because (of) java.lang.NullPointerException

2018-05-15 13:57:40 - [TEST_STEP][PASSED] - callTestCase: Call Test Case 'Test Cases/TC1/Common TC to Sign up' successfully

2018-05-15 13:57:41 - [TEST_CASE][PASSED] - Test Cases/TC1/Common TC to Sign up: Test Cases/TC1/Common TC to Sign up

2018-05-15 13:57:41 - [TEST_STEP][PASSED] - openBrowser: Browser is opened with url: ''

2018-05-15 13:57:49 - [MESSAGE][PASSED] - Browser is opened with url: ''

2018-05-15 13:57:49 - [TEST_STEP][PASSED] - maximizeWindow: Current window maximized

2018-05-15 13:57:50 - [MESSAGE][PASSED] - Current window maximized

2018-05-15 13:57:50 - [TEST_STEP][PASSED] - navigateToUrl: Navigate to 'http://13.250.134.32/subrion/' successfully

2018-05-15 13:57:53 - [MESSAGE][PASSED] - Navigate to 'http://13.250.134.32/subrion/' successfully

2018-05-15 13:57:53 - [TEST_STEP][PASSED] - click: Object: 'Object Repository/Object_Sign up/a_Sign up' is clicked on

2018-05-15 13:57:54 - [MESSAGE][PASSED] - Object: 'Object Repository/Object_Sign up/a_Sign up' is clicked on

2018-05-15 13:57:54 - [TEST_STEP][PASSED] - waitForPageLoad: Wait for page load successfully

2018-05-15 13:57:54 - [MESSAGE][PASSED] - Wait for page load successfully

2018-05-15 13:57:54 - [TEST_STEP][PASSED] - sendKeys: Keys 'thaole16.21' sent to object: 'Object Repository/Object_Sign up/input_username'

2018-05-15 13:57:54 - [MESSAGE][PASSED] - Keys 'thaole16.21' sent to object: 'Object Repository/Object_Sign up/input_username'

2018-05-15 13:57:54 - [TEST_STEP][PASSED] - sendKeys: Keys 'thaole16.21' sent to object: 'Object Repository/Object_Sign up/input_fullname'

2018-05-15 13:57:55 - [MESSAGE][PASSED] - Keys 'thaole16.21' sent to object: 'Object Repository/Object_Sign up/input_fullname'

2018-05-15 13:57:55 - [TEST_STEP][PASSED] - sendKeys: Keys 'thaole16.21@gmail.com' sent to object: 'Object Repository/Object_Sign up/input_email'

2018-05-15 13:57:55 - [MESSAGE][PASSED] - Keys 'thaole16.21@gmail.com' sent to object: 'Object Repository/Object_Sign up/input_email'

2018-05-15 13:57:55 - [TEST_STEP][PASSED] - selectOptionByValue: All options with value '2' are selected in object 'Object Repository/Object_Sign up/cmb_gender' 

2018-05-15 13:57:55 - [MESSAGE][PASSED] - All options with value '2' are selected in object 'Object Repository/Object_Sign up/cmb_gender' 

2018-05-15 13:57:55 - [TEST_STEP][PASSED] - sendKeys: Keys 'Password01' sent to object: 'Object Repository/Object_Sign up/input_password'

2018-05-15 13:57:55 - [MESSAGE][PASSED] - Keys 'Password01' sent to object: 'Object Repository/Object_Sign up/input_password'

2018-05-15 13:57:55 - [TEST_STEP][PASSED] - sendKeys: Keys 'Password01' sent to object: 'Object Repository/Object_Sign up/input_password2'

2018-05-15 13:57:55 - [MESSAGE][PASSED] - Keys 'Password01' sent to object: 'Object Repository/Object_Sign up/input_password2'

2018-05-15 13:57:55 - [TEST_STEP][PASSED] - click: Object: 'Object Repository/Object_Sign up/button_Registration' is clicked on

2018-05-15 13:57:56 - [MESSAGE][PASSED] - Object: 'Object Repository/Object_Sign up/button_Registration' is clicked on

2018-05-15 13:57:56 - [TEST_STEP][PASSED] - Statement - message = com.kms.katalon.core.webui.keyword.WebUiBuiltInKeywords.getText(com.kms.katalon.core.testobject.ObjectRepository.findTestObject(Object_Sign up/div_message)): Text of object 'Object Repository/Object_Sign up/div_message' is: 'Member registered! Thank you!'

2018-05-15 13:57:56 - [MESSAGE][PASSED] - Text of object 'Object Repository/Object_Sign up/div_message' is: 'Member registered! Thank you!'

2018-05-15 13:57:56 - [TEST_STEP][PASSED] - verifyMatch: Actual text 'Member registered! Thank you!' and expected text 'Member registered! Thank you!' are matched 

2018-05-15 13:57:56 - [MESSAGE][PASSED] - Actual text 'Member registered! Thank you!' and expected text 'Member registered! Thank you!' are matched 

2018-05-15 13:57:56 - [MESSAGE][PASSED] - Call Test Case 'Test Cases/TC1/Common TC to Sign up' successfully

2018-05-15 13:57:56 - [TEST_STEP][PASSED] - click: Object: 'Object Repository/Object_Login/a_Log in' is clicked on

2018-05-15 13:57:57 - [MESSAGE][PASSED] - Object: 'Object Repository/Object_Login/a_Log in' is clicked on

2018-05-15 13:57:57 - [TEST_STEP][PASSED] - setText: Text 'thaole16.21' is set on object 'Object Repository/Object_Login/input_username'

2018-05-15 13:57:57 - [MESSAGE][PASSED] - Text 'thaole16.21' is set on object 'Object Repository/Object_Login/input_username'

2018-05-15 13:57:57 - [TEST_STEP][PASSED] - Statement - return_username = com.kms.katalon.core.webui.keyword.WebUiBuiltInKeywords.getText(com.kms.katalon.core.testobject.ObjectRepository.findTestObject(Object_Login/input_username)): Text of object 'Object Repository/Object_Login/input_username' is: ''

2018-05-15 13:57:57 - [MESSAGE][PASSED] - Text of object 'Object Repository/Object_Login/input_username' is: ''

2018-05-15 13:57:57 - [TEST_STEP][PASSED] - setText: Text 'Password01' is set on object 'Object Repository/Object_Login/input_password'

2018-05-15 13:57:57 - [MESSAGE][PASSED] - Text 'Password01' is set on object 'Object Repository/Object_Login/input_password'

2018-05-15 13:57:57 - [TEST_STEP][PASSED] - click: Object: 'Object Repository/Object_Login/btn_Login' is clicked on

2018-05-15 13:57:58 - [MESSAGE][PASSED] - Object: 'Object Repository/Object_Login/btn_Login' is clicked on

2018-05-15 13:57:58 - [TEST_STEP][PASSED] - verifyElementText: Test object with id 'Object Repository/' does not exist

2018-05-15 13:57:58 - [MESSAGE][WARNING] - Test object with id 'Object Repository/TC3_1/Page_Login  Powered by Subrion 4.2/li_Either login or password is' does not exist

2018-05-15 13:57:58 - [MESSAGE][WARNING] - Test object with id 'Object Repository/' does not exist]]></system-out>
         <system-err><![CDATA[2018-05-15 13:57:40 - [TEST_CASE][ERROR] - Test Cases/TC1/TC3: Test Cases/TC1/TC3 FAILED because (of) java.lang.NullPointerException]]></system-err>
      </testcase>
      <system-out><![CDATA[2018-05-15 13:57:40 - [TEST_SUITE][ERROR] - Test Suites: Test Cases/TC1/TC3 FAILED because (of) java.lang.NullPointerException]]></system-out>
      <system-err><![CDATA[2018-05-15 13:57:40 - [TEST_SUITE][ERROR] - Test Suites: Test Cases/TC1/TC3 FAILED because (of) java.lang.NullPointerException]]></system-err>
   </testsuite>
</testsuites>
