<?xml version="1.0" encoding="UTF-8"?>
<testsuites name="Test Suites" time="32" tests="0" failures="1" errors="0">
   <testsuite name="Test Suites" tests="0" failures="1" errors="0" time="32" timestamp="2018-05-15 10:27:28" hostname="thaotle - SGH451QS3J.kms.com.vn" id="Test Suites/Test Suites">
      <properties>
         <property name="deviceName" value=""/>
         <property name="devicePlatform" value=""/>
         <property name="logFolder" value="C:\\Users\\thaotle\\Katalon Studio\\Sigma\\Reports\\Test Suites\\20180515_102727"/>
         <property name="logFiles" value="C:\\Users\\thaotle\\Katalon Studio\\Sigma\\Reports\\Test Suites\\20180515_102727\\execution0.log"/>
         <property name="attachments" value="C:\\Users\\thaotle\\Katalon Studio\\Sigma\\Reports\\Test Suites\\20180515_102727\\1526354879569.png"/>
         <property name="hostName" value="thaotle - SGH451QS3J.kms.com.vn"/>
         <property name="os" value="Windows 7 64bit"/>
         <property name="katalonVersion" value="5.4.1.1"/>
         <property name="browser" value="Chrome 66.0.3359.139"/>
         <property name="hostAddress" value="192.168.10.156"/>
         <property name="sessionId" value="ca238583002a92e33736cda3447c6ae9"/>
         <property name="seleniumVersion" value="3.7.1"/>
         <property name="proxyInformation" value="ProxyInformation{proxyOption=NO_PROXY, proxyServerType=HTTP, password=, proxyServerAddress=, proxyServerPort=0}"/>
         <property name="platform" value="Windows 7"/>
      </properties>
      <testcase name="Test Cases/TC1/TC3" classname="Test Cases/TC1/TC3" status="FAILED">
         <failure type="FAILED" message="Unable to click on object (Root cause: java.lang.IllegalArgumentException: Object is null)"/>
         <system-out><![CDATA[2018-05-15 10:27:28 - [TEST_CASE][FAILED] - Test Cases/TC1/TC3: Test Cases/TC1/TC3 FAILED because (of) Unable to click on object (Root cause: java.lang.IllegalArgumentException: Object is null)

2018-05-15 10:27:29 - [TEST_STEP][PASSED] - callTestCase: Call Test Case 'Test Cases/TC1/Common TC to Sign up' successfully

2018-05-15 10:27:29 - [TEST_CASE][PASSED] - Test Cases/TC1/Common TC to Sign up: Test Cases/TC1/Common TC to Sign up

2018-05-15 10:27:29 - [TEST_STEP][PASSED] - openBrowser: Browser is opened with url: ''

2018-05-15 10:27:35 - [MESSAGE][PASSED] - Browser is opened with url: ''

2018-05-15 10:27:35 - [TEST_STEP][PASSED] - navigateToUrl: Navigate to 'http://13.250.134.32/subrion/' successfully

2018-05-15 10:27:37 - [MESSAGE][PASSED] - Navigate to 'http://13.250.134.32/subrion/' successfully

2018-05-15 10:27:37 - [TEST_STEP][PASSED] - click: Object: 'Object Repository/Object_Sign up/a_Sign up' is clicked on

2018-05-15 10:27:38 - [MESSAGE][PASSED] - Object: 'Object Repository/Object_Sign up/a_Sign up' is clicked on

2018-05-15 10:27:38 - [TEST_STEP][PASSED] - waitForPageLoad: Wait for page load successfully

2018-05-15 10:27:38 - [MESSAGE][PASSED] - Wait for page load successfully

2018-05-15 10:27:38 - [TEST_STEP][PASSED] - sendKeys: Keys 'thaotle1.19' sent to object: 'Object Repository/Object_Sign up/input_username'

2018-05-15 10:27:38 - [MESSAGE][PASSED] - Keys 'thaotle1.19' sent to object: 'Object Repository/Object_Sign up/input_username'

2018-05-15 10:27:38 - [TEST_STEP][PASSED] - sendKeys: Keys 'thaotle1.2' sent to object: 'Object Repository/Object_Sign up/input_fullname'

2018-05-15 10:27:38 - [MESSAGE][PASSED] - Keys 'thaotle1.2' sent to object: 'Object Repository/Object_Sign up/input_fullname'

2018-05-15 10:27:38 - [TEST_STEP][PASSED] - sendKeys: Keys 'thaotle1.19@gmail.com' sent to object: 'Object Repository/Object_Sign up/input_email'

2018-05-15 10:27:38 - [MESSAGE][PASSED] - Keys 'thaotle1.19@gmail.com' sent to object: 'Object Repository/Object_Sign up/input_email'

2018-05-15 10:27:38 - [TEST_STEP][PASSED] - selectOptionByValue: All options with value '2' are selected in object 'Object Repository/Object_Sign up/cmb_gender' 

2018-05-15 10:27:38 - [MESSAGE][PASSED] - All options with value '2' are selected in object 'Object Repository/Object_Sign up/cmb_gender' 

2018-05-15 10:27:38 - [TEST_STEP][PASSED] - sendKeys: Keys 'Password01' sent to object: 'Object Repository/Object_Sign up/input_password'

2018-05-15 10:27:38 - [MESSAGE][PASSED] - Keys 'Password01' sent to object: 'Object Repository/Object_Sign up/input_password'

2018-05-15 10:27:38 - [TEST_STEP][PASSED] - sendKeys: Keys 'Password01' sent to object: 'Object Repository/Object_Sign up/input_password2'

2018-05-15 10:27:38 - [MESSAGE][PASSED] - Keys 'Password01' sent to object: 'Object Repository/Object_Sign up/input_password2'

2018-05-15 10:27:38 - [TEST_STEP][PASSED] - click: Object: 'Object Repository/Object_Sign up/button_Registration' is clicked on

2018-05-15 10:27:39 - [MESSAGE][PASSED] - Object: 'Object Repository/Object_Sign up/button_Registration' is clicked on

2018-05-15 10:27:39 - [TEST_STEP][PASSED] - Statement - message = com.kms.katalon.core.webui.keyword.WebUiBuiltInKeywords.getText(com.kms.katalon.core.testobject.ObjectRepository.findTestObject(Object_Sign up/div_message)): Text of object 'Object Repository/Object_Sign up/div_message' is: 'Member registered! Thank you!'

2018-05-15 10:27:40 - [MESSAGE][PASSED] - Text of object 'Object Repository/Object_Sign up/div_message' is: 'Member registered! Thank you!'

2018-05-15 10:27:40 - [TEST_STEP][PASSED] - verifyMatch: Actual text 'Member registered! Thank you!' and expected text 'Member registered! Thank you!' are matched 

2018-05-15 10:27:40 - [MESSAGE][PASSED] - Actual text 'Member registered! Thank you!' and expected text 'Member registered! Thank you!' are matched 

2018-05-15 10:27:40 - [MESSAGE][PASSED] - Call Test Case 'Test Cases/TC1/Common TC to Sign up' successfully

2018-05-15 10:27:40 - [TEST_STEP][PASSED] - click: Object: 'Object Repository/TC3_1/Page_Registration  Powered by Subri/li_Log in' is clicked on

2018-05-15 10:27:40 - [MESSAGE][PASSED] - Object: 'Object Repository/TC3_1/Page_Registration  Powered by Subri/li_Log in' is clicked on

2018-05-15 10:27:40 - [TEST_STEP][PASSED] - click: Object: 'Object Repository/Object_Login/a_Log in' is clicked on

2018-05-15 10:27:41 - [MESSAGE][PASSED] - Object: 'Object Repository/Object_Login/a_Log in' is clicked on

2018-05-15 10:27:41 - [TEST_STEP][PASSED] - setText: Text 'thaotle1.19' is set on object 'Object Repository/Object_Login/input_username'

2018-05-15 10:27:41 - [MESSAGE][PASSED] - Text 'thaotle1.19' is set on object 'Object Repository/Object_Login/input_username'

2018-05-15 10:27:41 - [TEST_STEP][PASSED] - Statement - return_username = com.kms.katalon.core.webui.keyword.WebUiBuiltInKeywords.getText(com.kms.katalon.core.testobject.ObjectRepository.findTestObject(Object_Login/input_username)): Text of object 'Object Repository/Object_Login/input_username' is: ''

2018-05-15 10:27:41 - [MESSAGE][PASSED] - Text of object 'Object Repository/Object_Login/input_username' is: ''

2018-05-15 10:27:41 - [TEST_STEP][PASSED] - setText: Text 'Password01' is set on object 'Object Repository/Object_Login/input_password'

2018-05-15 10:27:41 - [MESSAGE][PASSED] - Text 'Password01' is set on object 'Object Repository/Object_Login/input_password'

2018-05-15 10:27:41 - [TEST_STEP][PASSED] - click: Object: 'Object Repository/Object_Login/btn_Login' is clicked on

2018-05-15 10:27:42 - [MESSAGE][PASSED] - Object: 'Object Repository/Object_Login/btn_Login' is clicked on

2018-05-15 10:27:42 - [TEST_STEP][PASSED] - verifyElementText: Actual text and expected text of test object 'Object Repository/TC3_1/Page_Login  Powered by Subrion 4.2/li_Either login or password is' are matched.

2018-05-15 10:27:42 - [MESSAGE][PASSED] - Actual text and expected text of test object 'Object Repository/TC3_1/Page_Login  Powered by Subrion 4.2/li_Either login or password is' are matched.

2018-05-15 10:27:42 - [TEST_STEP][PASSED] - callTestCase: Call Test Case 'Test Cases/TC1/Common TC to Login' successfully

2018-05-15 10:27:42 - [TEST_CASE][PASSED] - Test Cases/TC1/Common TC to Login: Test Cases/TC1/Common TC to Login

2018-05-15 10:27:42 - [TEST_STEP][PASSED] - click: Object: 'Object Repository/Object_Login/a_Log in' is clicked on

2018-05-15 10:27:43 - [MESSAGE][PASSED] - Object: 'Object Repository/Object_Login/a_Log in' is clicked on

2018-05-15 10:27:43 - [TEST_STEP][PASSED] - setText: Text 'admin' is set on object 'Object Repository/Object_Login/input_username'

2018-05-15 10:27:43 - [MESSAGE][PASSED] - Text 'admin' is set on object 'Object Repository/Object_Login/input_username'

2018-05-15 10:27:43 - [TEST_STEP][PASSED] - setText: Text 'Katalon@2018' is set on object 'Object Repository/Object_Login/input_password'

2018-05-15 10:27:43 - [MESSAGE][PASSED] - Text 'Katalon@2018' is set on object 'Object Repository/Object_Login/input_password'

2018-05-15 10:27:43 - [TEST_STEP][PASSED] - click: Object: 'Object Repository/Object_Login/btn_Login' is clicked on

2018-05-15 10:27:44 - [MESSAGE][PASSED] - Object: 'Object Repository/Object_Login/btn_Login' is clicked on

2018-05-15 10:27:44 - [MESSAGE][PASSED] - Call Test Case 'Test Cases/TC1/Common TC to Login' successfully

2018-05-15 10:27:44 - [TEST_STEP][PASSED] - navigateToUrl: Navigate to 'http://13.250.134.32/subrion/panel/' successfully

2018-05-15 10:27:45 - [MESSAGE][PASSED] - Navigate to 'http://13.250.134.32/subrion/panel/' successfully

2018-05-15 10:27:45 - [TEST_STEP][PASSED] - waitForPageLoad: Wait for page load successfully

2018-05-15 10:27:45 - [MESSAGE][PASSED] - Wait for page load successfully

2018-05-15 10:27:45 - [TEST_STEP][PASSED] - waitForElementNotVisible: Web element with id: 'Object Repository/Object_Active member/wait_loader' located by 'By.xpath: //*[@ip = 'js-ajax-loader-status']' not found

2018-05-15 10:27:56 - [MESSAGE][WARNING] - Web element with id: 'Object Repository/Object_Active member/wait_loader' located by 'By.xpath: //*[@ip = 'js-ajax-loader-status']' not found

2018-05-15 10:27:56 - [TEST_STEP][PASSED] - click: Object: 'Object Repository/Object_Active member/i_member' is clicked on

2018-05-15 10:27:56 - [MESSAGE][PASSED] - Object: 'Object Repository/Object_Active member/i_member' is clicked on

2018-05-15 10:27:56 - [TEST_STEP][PASSED] - click: Object: 'Object Repository/Object_Active member/sub_member' is clicked on

2018-05-15 10:27:57 - [MESSAGE][PASSED] - Object: 'Object Repository/Object_Active member/sub_member' is clicked on

2018-05-15 10:27:57 - [TEST_STEP][PASSED] - waitForPageLoad: Wait for page load successfully

2018-05-15 10:27:57 - [MESSAGE][PASSED] - Wait for page load successfully

2018-05-15 10:27:57 - [TEST_STEP][PASSED] - click: Object: 'Object Repository/Object_Active member/btn_edit' is clicked on

2018-05-15 10:27:59 - [MESSAGE][PASSED] - Object: 'Object Repository/Object_Active member/btn_edit' is clicked on

2018-05-15 10:27:59 - [TEST_STEP][PASSED] - selectOptionByValue: All options with value 'active' are selected in object 'Object Repository/Object_Active member/cmb_Status'  using regular expression

2018-05-15 10:27:59 - [MESSAGE][PASSED] - All options with value 'active' are selected in object 'Object Repository/Object_Active member/cmb_Status'  using regular expression

2018-05-15 10:27:59 - [TEST_STEP][FAILED] - click: Unable to click on object (Root cause: java.lang.IllegalArgumentException: Object is null)

2018-05-15 10:27:59 - [MESSAGE][WARNING] - Test object with id 'Object Repository/TC3_1/Page_Edit Member  Powered by Subrio/button_Save' does not exist

2018-05-15 10:27:59 - [MESSAGE][WARNING] - Test object with id 'Object Repository/' does not exist

2018-05-15 10:27:59 - [MESSAGE][FAILED] - Unable to click on object (Root cause: java.lang.IllegalArgumentException: Object is null)
[[ATTACHMENT|C:\\Users\\thaotle\\Katalon Studio\\Sigma\\Reports\\Test Suites\\20180515_102727\\1526354879569.png]]]]></system-out>
         <system-err><![CDATA[2018-05-15 10:27:28 - [TEST_CASE][FAILED] - Test Cases/TC1/TC3: Test Cases/TC1/TC3 FAILED because (of) Unable to click on object (Root cause: java.lang.IllegalArgumentException: Object is null)]]></system-err>
      </testcase>
      <system-out><![CDATA[2018-05-15 10:27:28 - [TEST_SUITE][FAILED] - Test Suites: Test Cases/TC1/TC3 FAILED because (of) Unable to click on object (Root cause: java.lang.IllegalArgumentException: Object is null)]]></system-out>
      <system-err><![CDATA[2018-05-15 10:27:28 - [TEST_SUITE][FAILED] - Test Suites: Test Cases/TC1/TC3 FAILED because (of) Unable to click on object (Root cause: java.lang.IllegalArgumentException: Object is null)]]></system-err>
   </testsuite>
</testsuites>
