{"devicePlatform":"","logFolder":"C:\\Users\\thaotle\\Katalon Studio\\Sigma\\Reports\\Test Suites\\20180515_112247","runData":{"hostName":"thaotle - SGH451QS3J.kms.com.vn","hostAddress":"192.168.10.156","os":"Windows 7 64bit","katalonVersion":"5.4.1.1"},"type":"TEST_SUITE","name":"Test Suites","id":"Test Suites/Test Suites","source":"","message":"Test Cases/TC1/TC3 FAILED because (of) Unable to open browser with url: \u0027\u0027 (Root cause: org.openqa.selenium.WebDriverException: Timed out waiting for driver server to start.\nBuild info: version: \u00273.7.1\u0027, revision: \u00278a0099a\u0027, time: \u00272017-11-06T21:07:36.161Z\u0027\nSystem info: host: \u0027SGH451QS3J\u0027, ip: \u0027192.168.10.156\u0027, os.name: \u0027Windows 7\u0027, os.arch: \u0027amd64\u0027, os.version: \u00276.1\u0027, java.version: \u00271.8.0_102\u0027\nDriver info: driver.version: CChromeDriver)","description":"","startTime":1526358168671,"endTime":1526358210385,"childRecords":[{"isOptional":false,"type":"TEST_CASE","name":"Test Cases/TC1/TC3","id":"Test Cases/TC1/TC3","source":"C:\\\\Users\\\\thaotle\\\\Katalon Studio\\\\Sigma\\\\Test Cases\\\\TC1\\\\TC3.tc","message":"Test Cases/TC1/TC3 FAILED because (of) Unable to open browser with url: \u0027\u0027 (Root cause: org.openqa.selenium.WebDriverException: Timed out waiting for driver server to start.\nBuild info: version: \u00273.7.1\u0027, revision: \u00278a0099a\u0027, time: \u00272017-11-06T21:07:36.161Z\u0027\nSystem info: host: \u0027SGH451QS3J\u0027, ip: \u0027192.168.10.156\u0027, os.name: \u0027Windows 7\u0027, os.arch: \u0027amd64\u0027, os.version: \u00276.1\u0027, java.version: \u00271.8.0_102\u0027\nDriver info: driver.version: CChromeDriver)","description":"","startTime":1526358168934,"endTime":1526358190245,"childRecords":[{"testStatus":{"stackTrace":"","statusValue":"INFO"},"type":"MESSAGE","name":"","message":"Evaluating variables for test case","startTime":1526358168959,"endTime":0,"childRecords":[],"interuppted":false},{"testStatus":{"stackTrace":"","statusValue":"INFO"},"type":"MESSAGE","name":"","message":"Variable \u0027password\u0027 is set to Password01","startTime":1526358168962,"endTime":0,"childRecords":[],"interuppted":false},{"testStatus":{"stackTrace":"","statusValue":"INFO"},"type":"MESSAGE","name":"","message":"Variable \u0027username\u0027 is set to thaotle1.27","startTime":1526358168963,"endTime":0,"childRecords":[],"interuppted":false},{"testStatus":{"stackTrace":"","statusValue":"INFO"},"type":"MESSAGE","name":"","message":"Variable \u0027email\u0027 is set to thaotle1.27@gmail.com","startTime":1526358168964,"endTime":0,"childRecords":[],"interuppted":false},{"testStatus":{"stackTrace":"","statusValue":"INFO"},"type":"MESSAGE","name":"","message":"Variable \u0027fullname\u0027 is set to thaotle1.2","startTime":1526358168964,"endTime":0,"childRecords":[],"interuppted":false},{"index":1,"isIgnoredIfFailed":false,"type":"TEST_STEP","name":"callTestCase","message":"Unable to call Test Case with id \u0027Test Cases/TC1/Common TC to Sign up\u0027 (Root cause: Call Test Case \u0027Test Cases/TC1/Common TC to Sign up\u0027 failed)","description":"Call Common TC to Sign up","startTime":1526358169255,"endTime":1526358190244,"childRecords":[{"isOptional":false,"type":"TEST_CASE","name":"Test Cases/TC1/Common TC to Sign up","id":"Test Cases/TC1/Common TC to Sign up","source":"C:\\\\Users\\\\thaotle\\\\Katalon Studio\\\\Sigma\\\\Test Cases\\\\TC1\\\\Common TC to Sign up.tc","message":"Test Cases/TC1/Common TC to Sign up FAILED because (of) Unable to open browser with url: \u0027\u0027 (Root cause: org.openqa.selenium.WebDriverException: Timed out waiting for driver server to start.\nBuild info: version: \u00273.7.1\u0027, revision: \u00278a0099a\u0027, time: \u00272017-11-06T21:07:36.161Z\u0027\nSystem info: host: \u0027SGH451QS3J\u0027, ip: \u0027192.168.10.156\u0027, os.name: \u0027Windows 7\u0027, os.arch: \u0027amd64\u0027, os.version: \u00276.1\u0027, java.version: \u00271.8.0_102\u0027\nDriver info: driver.version: CChromeDriver)","description":"","startTime":1526358169382,"endTime":1526358190234,"childRecords":[{"testStatus":{"stackTrace":"","statusValue":"INFO"},"type":"MESSAGE","name":"","message":"Evaluating variables for test case","startTime":1526358169407,"endTime":0,"childRecords":[],"interuppted":false},{"testStatus":{"stackTrace":"","statusValue":"INFO"},"type":"MESSAGE","name":"","message":"Variable \u0027password\u0027 is set to Password01","startTime":1526358169407,"endTime":0,"childRecords":[],"interuppted":false},{"testStatus":{"stackTrace":"","statusValue":"INFO"},"type":"MESSAGE","name":"","message":"Variable \u0027username\u0027 is set to thaotle1.27","startTime":1526358169408,"endTime":0,"childRecords":[],"interuppted":false},{"testStatus":{"stackTrace":"","statusValue":"INFO"},"type":"MESSAGE","name":"","message":"Variable \u0027fullname\u0027 is set to thaotle1.2","startTime":1526358169408,"endTime":0,"childRecords":[],"interuppted":false},{"testStatus":{"stackTrace":"","statusValue":"INFO"},"type":"MESSAGE","name":"","message":"Variable \u0027email\u0027 is set to thaotle1.27@gmail.com","startTime":1526358169408,"endTime":0,"childRecords":[],"interuppted":false},{"index":1,"isIgnoredIfFailed":false,"type":"TEST_STEP","name":"openBrowser","message":"Unable to open browser with url: \u0027\u0027 (Root cause: org.openqa.selenium.WebDriverException: Timed out waiting for driver server to start.\nBuild info: version: \u00273.7.1\u0027, revision: \u00278a0099a\u0027, time: \u00272017-11-06T21:07:36.161Z\u0027\nSystem info: host: \u0027SGH451QS3J\u0027, ip: \u0027192.168.10.156\u0027, os.name: \u0027Windows 7\u0027, os.arch: \u0027amd64\u0027, os.version: \u00276.1\u0027, java.version: \u00271.8.0_102\u0027\nDriver info: driver.version: CChromeDriver)","description":"Open Browser","startTime":1526358169527,"endTime":1526358190210,"childRecords":[{"testStatus":{"stackTrace":"","statusValue":"FAILED"},"type":"MESSAGE","name":"","message":"Unable to open browser with url: \u0027\u0027 (Root cause: org.openqa.selenium.WebDriverException: Timed out waiting for driver server to start.\nBuild info: version: \u00273.7.1\u0027, revision: \u00278a0099a\u0027, time: \u00272017-11-06T21:07:36.161Z\u0027\nSystem info: host: \u0027SGH451QS3J\u0027, ip: \u0027192.168.10.156\u0027, os.name: \u0027Windows 7\u0027, os.arch: \u0027amd64\u0027, os.version: \u00276.1\u0027, java.version: \u00271.8.0_102\u0027\nDriver info: driver.version: CChromeDriver)","startTime":1526358190207,"endTime":0,"childRecords":[],"interuppted":false}],"interuppted":false},{"testStatus":{"stackTrace":"","statusValue":"FAILED"},"type":"MESSAGE","name":"","message":"Test Cases/TC1/Common TC to Sign up FAILED because (of) Unable to open browser with url: \u0027\u0027 (Root cause: org.openqa.selenium.WebDriverException: Timed out waiting for driver server to start.\nBuild info: version: \u00273.7.1\u0027, revision: \u00278a0099a\u0027, time: \u00272017-11-06T21:07:36.161Z\u0027\nSystem info: host: \u0027SGH451QS3J\u0027, ip: \u0027192.168.10.156\u0027, os.name: \u0027Windows 7\u0027, os.arch: \u0027amd64\u0027, os.version: \u00276.1\u0027, java.version: \u00271.8.0_102\u0027\nDriver info: driver.version: CChromeDriver)","startTime":1526358190211,"endTime":0,"childRecords":[],"interuppted":false}],"interuppted":false},{"testStatus":{"stackTrace":"","statusValue":"FAILED"},"type":"MESSAGE","name":"","message":"Unable to call Test Case with id \u0027Test Cases/TC1/Common TC to Sign up\u0027 (Root cause: Call Test Case \u0027Test Cases/TC1/Common TC to Sign up\u0027 failed)","startTime":1526358190244,"endTime":0,"childRecords":[],"interuppted":false}],"interuppted":false},{"testStatus":{"stackTrace":"","statusValue":"FAILED"},"type":"MESSAGE","name":"","message":"Test Cases/TC1/TC3 FAILED because (of) Unable to open browser with url: \u0027\u0027 (Root cause: org.openqa.selenium.WebDriverException: Timed out waiting for driver server to start.\nBuild info: version: \u00273.7.1\u0027, revision: \u00278a0099a\u0027, time: \u00272017-11-06T21:07:36.161Z\u0027\nSystem info: host: \u0027SGH451QS3J\u0027, ip: \u0027192.168.10.156\u0027, os.name: \u0027Windows 7\u0027, os.arch: \u0027amd64\u0027, os.version: \u00276.1\u0027, java.version: \u00271.8.0_102\u0027\nDriver info: driver.version: CChromeDriver)","startTime":1526358190244,"endTime":0,"childRecords":[],"interuppted":false}],"interuppted":false},{"isOptional":false,"type":"TEST_CASE","name":"Test Cases/TC1/TC3","id":"Test Cases/TC1/TC3","source":"C:\\\\Users\\\\thaotle\\\\Katalon Studio\\\\Sigma\\\\Test Cases\\\\TC1\\\\TC3.tc","message":"Test Cases/TC1/TC3 FAILED because (of) Unable to open browser with url: \u0027\u0027 (Root cause: org.openqa.selenium.WebDriverException: Timed out waiting for driver server to start.\nBuild info: version: \u00273.7.1\u0027, revision: \u00278a0099a\u0027, time: \u00272017-11-06T21:07:36.161Z\u0027\nSystem info: host: \u0027SGH451QS3J\u0027, ip: \u0027192.168.10.156\u0027, os.name: \u0027Windows 7\u0027, os.arch: \u0027amd64\u0027, os.version: \u00276.1\u0027, java.version: \u00271.8.0_102\u0027\nDriver info: driver.version: CChromeDriver)","description":"","startTime":1526358190245,"endTime":1526358210351,"childRecords":[{"testStatus":{"stackTrace":"","statusValue":"INFO"},"type":"MESSAGE","name":"","message":"Evaluating variables for test case","startTime":1526358190253,"endTime":0,"childRecords":[],"interuppted":false},{"testStatus":{"stackTrace":"","statusValue":"INFO"},"type":"MESSAGE","name":"","message":"Variable \u0027password\u0027 is set to ","startTime":1526358190254,"endTime":0,"childRecords":[],"interuppted":false},{"testStatus":{"stackTrace":"","statusValue":"INFO"},"type":"MESSAGE","name":"","message":"Variable \u0027username\u0027 is set to ","startTime":1526358190254,"endTime":0,"childRecords":[],"interuppted":false},{"testStatus":{"stackTrace":"","statusValue":"INFO"},"type":"MESSAGE","name":"","message":"Variable \u0027email\u0027 is set to ","startTime":1526358190254,"endTime":0,"childRecords":[],"interuppted":false},{"testStatus":{"stackTrace":"","statusValue":"INFO"},"type":"MESSAGE","name":"","message":"Variable \u0027fullname\u0027 is set to ","startTime":1526358190254,"endTime":0,"childRecords":[],"interuppted":false},{"index":1,"isIgnoredIfFailed":false,"type":"TEST_STEP","name":"callTestCase","message":"Unable to call Test Case with id \u0027Test Cases/TC1/Common TC to Sign up\u0027 (Root cause: Call Test Case \u0027Test Cases/TC1/Common TC to Sign up\u0027 failed)","description":"Call Common TC to Sign up","startTime":1526358190260,"endTime":1526358210349,"childRecords":[{"isOptional":false,"type":"TEST_CASE","name":"Test Cases/TC1/Common TC to Sign up","id":"Test Cases/TC1/Common TC to Sign up","source":"C:\\\\Users\\\\thaotle\\\\Katalon Studio\\\\Sigma\\\\Test Cases\\\\TC1\\\\Common TC to Sign up.tc","message":"Test Cases/TC1/Common TC to Sign up FAILED because (of) Unable to open browser with url: \u0027\u0027 (Root cause: org.openqa.selenium.WebDriverException: Timed out waiting for driver server to start.\nBuild info: version: \u00273.7.1\u0027, revision: \u00278a0099a\u0027, time: \u00272017-11-06T21:07:36.161Z\u0027\nSystem info: host: \u0027SGH451QS3J\u0027, ip: \u0027192.168.10.156\u0027, os.name: \u0027Windows 7\u0027, os.arch: \u0027amd64\u0027, os.version: \u00276.1\u0027, java.version: \u00271.8.0_102\u0027\nDriver info: driver.version: CChromeDriver)","description":"","startTime":1526358190336,"endTime":1526358210345,"childRecords":[{"testStatus":{"stackTrace":"","statusValue":"INFO"},"type":"MESSAGE","name":"","message":"Evaluating variables for test case","startTime":1526358190346,"endTime":0,"childRecords":[],"interuppted":false},{"testStatus":{"stackTrace":"","statusValue":"INFO"},"type":"MESSAGE","name":"","message":"Variable \u0027password\u0027 is set to ","startTime":1526358190346,"endTime":0,"childRecords":[],"interuppted":false},{"testStatus":{"stackTrace":"","statusValue":"INFO"},"type":"MESSAGE","name":"","message":"Variable \u0027username\u0027 is set to ","startTime":1526358190346,"endTime":0,"childRecords":[],"interuppted":false},{"testStatus":{"stackTrace":"","statusValue":"INFO"},"type":"MESSAGE","name":"","message":"Variable \u0027fullname\u0027 is set to ","startTime":1526358190346,"endTime":0,"childRecords":[],"interuppted":false},{"testStatus":{"stackTrace":"","statusValue":"INFO"},"type":"MESSAGE","name":"","message":"Variable \u0027email\u0027 is set to ","startTime":1526358190346,"endTime":0,"childRecords":[],"interuppted":false},{"index":1,"isIgnoredIfFailed":false,"type":"TEST_STEP","name":"openBrowser","message":"Unable to open browser with url: \u0027\u0027 (Root cause: org.openqa.selenium.WebDriverException: Timed out waiting for driver server to start.\nBuild info: version: \u00273.7.1\u0027, revision: \u00278a0099a\u0027, time: \u00272017-11-06T21:07:36.161Z\u0027\nSystem info: host: \u0027SGH451QS3J\u0027, ip: \u0027192.168.10.156\u0027, os.name: \u0027Windows 7\u0027, os.arch: \u0027amd64\u0027, os.version: \u00276.1\u0027, java.version: \u00271.8.0_102\u0027\nDriver info: driver.version: CChromeDriver)","description":"Open Browser","startTime":1526358190346,"endTime":1526358210342,"childRecords":[{"testStatus":{"stackTrace":"","statusValue":"FAILED"},"type":"MESSAGE","name":"","message":"Unable to open browser with url: \u0027\u0027 (Root cause: org.openqa.selenium.WebDriverException: Timed out waiting for driver server to start.\nBuild info: version: \u00273.7.1\u0027, revision: \u00278a0099a\u0027, time: \u00272017-11-06T21:07:36.161Z\u0027\nSystem info: host: \u0027SGH451QS3J\u0027, ip: \u0027192.168.10.156\u0027, os.name: \u0027Windows 7\u0027, os.arch: \u0027amd64\u0027, os.version: \u00276.1\u0027, java.version: \u00271.8.0_102\u0027\nDriver info: driver.version: CChromeDriver)","startTime":1526358210341,"endTime":0,"childRecords":[],"interuppted":false}],"interuppted":false},{"testStatus":{"stackTrace":"","statusValue":"FAILED"},"type":"MESSAGE","name":"","message":"Test Cases/TC1/Common TC to Sign up FAILED because (of) Unable to open browser with url: \u0027\u0027 (Root cause: org.openqa.selenium.WebDriverException: Timed out waiting for driver server to start.\nBuild info: version: \u00273.7.1\u0027, revision: \u00278a0099a\u0027, time: \u00272017-11-06T21:07:36.161Z\u0027\nSystem info: host: \u0027SGH451QS3J\u0027, ip: \u0027192.168.10.156\u0027, os.name: \u0027Windows 7\u0027, os.arch: \u0027amd64\u0027, os.version: \u00276.1\u0027, java.version: \u00271.8.0_102\u0027\nDriver info: driver.version: CChromeDriver)","startTime":1526358210343,"endTime":0,"childRecords":[],"interuppted":false}],"interuppted":false},{"testStatus":{"stackTrace":"","statusValue":"FAILED"},"type":"MESSAGE","name":"","message":"Unable to call Test Case with id \u0027Test Cases/TC1/Common TC to Sign up\u0027 (Root cause: Call Test Case \u0027Test Cases/TC1/Common TC to Sign up\u0027 failed)","startTime":1526358210345,"endTime":0,"childRecords":[],"interuppted":false}],"interuppted":false},{"testStatus":{"stackTrace":"","statusValue":"FAILED"},"type":"MESSAGE","name":"","message":"Test Cases/TC1/TC3 FAILED because (of) Unable to open browser with url: \u0027\u0027 (Root cause: org.openqa.selenium.WebDriverException: Timed out waiting for driver server to start.\nBuild info: version: \u00273.7.1\u0027, revision: \u00278a0099a\u0027, time: \u00272017-11-06T21:07:36.161Z\u0027\nSystem info: host: \u0027SGH451QS3J\u0027, ip: \u0027192.168.10.156\u0027, os.name: \u0027Windows 7\u0027, os.arch: \u0027amd64\u0027, os.version: \u00276.1\u0027, java.version: \u00271.8.0_102\u0027\nDriver info: driver.version: CChromeDriver)","startTime":1526358210350,"endTime":0,"childRecords":[],"interuppted":false}],"interuppted":false}],"interuppted":false}