<?xml version="1.0" encoding="UTF-8"?>
<testsuites name="Test Suites" time="53" tests="0" failures="1" errors="0">
   <testsuite name="Test Suites" tests="0" failures="1" errors="0" time="53" timestamp="2018-05-14 16:01:39" hostname="thaotle - SGH451QS3J.kms.com.vn" id="Test Suites/Test Suites">
      <properties>
         <property name="deviceName" value=""/>
         <property name="devicePlatform" value=""/>
         <property name="logFolder" value="C:\\Users\\thaotle\\Katalon Studio\\Sigma\\Reports\\Test Suites\\20180514_160134"/>
         <property name="logFiles" value="C:\\Users\\thaotle\\Katalon Studio\\Sigma\\Reports\\Test Suites\\20180514_160134\\execution0.log"/>
         <property name="attachments" value=""/>
         <property name="hostName" value="thaotle - SGH451QS3J.kms.com.vn"/>
         <property name="os" value="Windows 7 64bit"/>
         <property name="katalonVersion" value="5.4.1.1"/>
         <property name="browser" value="Chrome 66.0.3359.139"/>
         <property name="hostAddress" value="192.168.10.156"/>
         <property name="sessionId" value="3063008bf743b38506ef1edff5279672"/>
         <property name="seleniumVersion" value="3.7.1"/>
         <property name="proxyInformation" value="ProxyInformation{proxyOption=NO_PROXY, proxyServerType=HTTP, password=, proxyServerAddress=, proxyServerPort=0}"/>
         <property name="platform" value="Windows 7"/>
      </properties>
      <testcase name="Test Cases/TC1/TC3" classname="Test Cases/TC1/TC3" status="FAILED">
         <failure type="FAILED" message="Unable to get text of object 'Object Repository/Object_Sign up/div_message' (Root cause: org.openqa.selenium.WebDriverException: chrome not reachable
  (Session info: chrome=66.0.3359.139)
  (Driver info: chromedriver=2.35.528161 (5b82f2d2aae0ca24b877009200ced9065a772e73),platform=Windows NT 6.1.7601 SP1 x86_64) (WARNING: The server did not provide any stacktrace information)
Command duration or timeout: 0 milliseconds
Build info: version: '3.7.1', revision: '8a0099a', time: '2017-11-06T21:07:36.161Z'
System info: host: 'SGH451QS3J', ip: '192.168.10.156', os.name: 'Windows 7', os.arch: 'amd64', os.version: '6.1', java.version: '1.8.0_102'
Driver info: com.kms.katalon.selenium.driver.CChromeDriver
Capabilities {acceptInsecureCerts: false, acceptSslCerts: false, applicationCacheEnabled: false, browserConnectionEnabled: false, browserName: chrome, chrome: {chromedriverVersion: 2.35.528161 (5b82f2d2aae0ca..., userDataDir: C:\Users\thaotle\AppData\Lo...}, cssSelectorsEnabled: true, databaseEnabled: false, handlesAlerts: true, hasTouchScreen: false, javascriptEnabled: true, locationContextEnabled: true, mobileEmulationEnabled: false, nativeEvents: true, networkConnectionEnabled: false, pageLoadStrategy: normal, platform: XP, platformName: XP, rotatable: false, setWindowRect: true, takesHeapSnapshot: true, takesScreenshot: true, unexpectedAlertBehaviour: , unhandledPromptBehavior: , version: 66.0.3359.139, webStorageEnabled: true}
Session ID: 3063008bf743b38506ef1edff5279672
*** Element info: {Using=xpath, value=/html[1]/body[@class=&quot;page-registration&quot;]/div[@class=&quot;content&quot;]/div[@class=&quot;container&quot;]/div[@class=&quot;page-system&quot;]/div[@class=&quot;alert alert-success&quot;]})"/>
         <system-out><![CDATA[2018-05-14 16:01:39 - [TEST_CASE][FAILED] - Test Cases/TC1/TC3: Test Cases/TC1/TC3 FAILED because (of) Unable to get text of object 'Object Repository/Object_Sign up/div_message' (Root cause: org.openqa.selenium.WebDriverException: chrome not reachable
  (Session info: chrome=66.0.3359.139)
  (Driver info: chromedriver=2.35.528161 (5b82f2d2aae0ca24b877009200ced9065a772e73),platform=Windows NT 6.1.7601 SP1 x86_64) (WARNING: The server did not provide any stacktrace information)
Command duration or timeout: 0 milliseconds
Build info: version: '3.7.1', revision: '8a0099a', time: '2017-11-06T21:07:36.161Z'
System info: host: 'SGH451QS3J', ip: '192.168.10.156', os.name: 'Windows 7', os.arch: 'amd64', os.version: '6.1', java.version: '1.8.0_102'
Driver info: com.kms.katalon.selenium.driver.CChromeDriver
Capabilities {acceptInsecureCerts: false, acceptSslCerts: false, applicationCacheEnabled: false, browserConnectionEnabled: false, browserName: chrome, chrome: {chromedriverVersion: 2.35.528161 (5b82f2d2aae0ca..., userDataDir: C:\Users\thaotle\AppData\Lo...}, cssSelectorsEnabled: true, databaseEnabled: false, handlesAlerts: true, hasTouchScreen: false, javascriptEnabled: true, locationContextEnabled: true, mobileEmulationEnabled: false, nativeEvents: true, networkConnectionEnabled: false, pageLoadStrategy: normal, platform: XP, platformName: XP, rotatable: false, setWindowRect: true, takesHeapSnapshot: true, takesScreenshot: true, unexpectedAlertBehaviour: , unhandledPromptBehavior: , version: 66.0.3359.139, webStorageEnabled: true}
Session ID: 3063008bf743b38506ef1edff5279672
*** Element info: {Using=xpath, value=/html[1]/body[@class="page-registration"]/div[@class="content"]/div[@class="container"]/div[@class="page-system"]/div[@class="alert alert-success"]})

2018-05-14 16:01:40 - [TEST_STEP][FAILED] - callTestCase: Unable to call Test Case with id 'Test Cases/TC1/Common TC to Sign up' (Root cause: Call Test Case 'Test Cases/TC1/Common TC to Sign up' failed)

2018-05-14 16:01:40 - [TEST_CASE][FAILED] - Test Cases/TC1/Common TC to Sign up: Test Cases/TC1/Common TC to Sign up FAILED because (of) Unable to get text of object 'Object Repository/Object_Sign up/div_message' (Root cause: org.openqa.selenium.WebDriverException: chrome not reachable
  (Session info: chrome=66.0.3359.139)
  (Driver info: chromedriver=2.35.528161 (5b82f2d2aae0ca24b877009200ced9065a772e73),platform=Windows NT 6.1.7601 SP1 x86_64) (WARNING: The server did not provide any stacktrace information)
Command duration or timeout: 0 milliseconds
Build info: version: '3.7.1', revision: '8a0099a', time: '2017-11-06T21:07:36.161Z'
System info: host: 'SGH451QS3J', ip: '192.168.10.156', os.name: 'Windows 7', os.arch: 'amd64', os.version: '6.1', java.version: '1.8.0_102'
Driver info: com.kms.katalon.selenium.driver.CChromeDriver
Capabilities {acceptInsecureCerts: false, acceptSslCerts: false, applicationCacheEnabled: false, browserConnectionEnabled: false, browserName: chrome, chrome: {chromedriverVersion: 2.35.528161 (5b82f2d2aae0ca..., userDataDir: C:\Users\thaotle\AppData\Lo...}, cssSelectorsEnabled: true, databaseEnabled: false, handlesAlerts: true, hasTouchScreen: false, javascriptEnabled: true, locationContextEnabled: true, mobileEmulationEnabled: false, nativeEvents: true, networkConnectionEnabled: false, pageLoadStrategy: normal, platform: XP, platformName: XP, rotatable: false, setWindowRect: true, takesHeapSnapshot: true, takesScreenshot: true, unexpectedAlertBehaviour: , unhandledPromptBehavior: , version: 66.0.3359.139, webStorageEnabled: true}
Session ID: 3063008bf743b38506ef1edff5279672
*** Element info: {Using=xpath, value=/html[1]/body[@class="page-registration"]/div[@class="content"]/div[@class="container"]/div[@class="page-system"]/div[@class="alert alert-success"]})

2018-05-14 16:01:40 - [TEST_STEP][PASSED] - openBrowser: Browser is opened with url: ''

2018-05-14 16:01:53 - [MESSAGE][PASSED] - Browser is opened with url: ''

2018-05-14 16:01:53 - [TEST_STEP][PASSED] - navigateToUrl: Navigate to 'http://13.250.134.32/subrion/' successfully

2018-05-14 16:01:55 - [MESSAGE][PASSED] - Navigate to 'http://13.250.134.32/subrion/' successfully

2018-05-14 16:01:55 - [TEST_STEP][PASSED] - click: Object: 'Object Repository/Object_Sign up/a_Sign up' is clicked on

2018-05-14 16:01:56 - [MESSAGE][PASSED] - Object: 'Object Repository/Object_Sign up/a_Sign up' is clicked on

2018-05-14 16:01:56 - [TEST_STEP][PASSED] - waitForPageLoad: Wait for page load successfully

2018-05-14 16:01:57 - [MESSAGE][PASSED] - Wait for page load successfully

2018-05-14 16:01:57 - [TEST_STEP][PASSED] - sendKeys: Keys 'username' sent to object: 'Object Repository/Object_Sign up/input_username'

2018-05-14 16:01:57 - [MESSAGE][PASSED] - Keys 'username' sent to object: 'Object Repository/Object_Sign up/input_username'

2018-05-14 16:01:57 - [TEST_STEP][PASSED] - sendKeys: Keys 'fullname' sent to object: 'Object Repository/Object_Sign up/input_fullname'

2018-05-14 16:01:57 - [MESSAGE][PASSED] - Keys 'fullname' sent to object: 'Object Repository/Object_Sign up/input_fullname'

2018-05-14 16:01:57 - [TEST_STEP][PASSED] - sendKeys: Keys 'email' sent to object: 'Object Repository/Object_Sign up/input_email'

2018-05-14 16:01:57 - [MESSAGE][PASSED] - Keys 'email' sent to object: 'Object Repository/Object_Sign up/input_email'

2018-05-14 16:01:57 - [TEST_STEP][PASSED] - selectOptionByValue: All options with value '2' are selected in object 'Object Repository/Object_Sign up/cmb_gender' 

2018-05-14 16:01:57 - [MESSAGE][PASSED] - All options with value '2' are selected in object 'Object Repository/Object_Sign up/cmb_gender' 

2018-05-14 16:01:57 - [TEST_STEP][PASSED] - sendKeys: Keys 'Password01' sent to object: 'Object Repository/Object_Sign up/input_password'

2018-05-14 16:01:58 - [MESSAGE][PASSED] - Keys 'Password01' sent to object: 'Object Repository/Object_Sign up/input_password'

2018-05-14 16:01:58 - [TEST_STEP][PASSED] - sendKeys: Keys 'Password01' sent to object: 'Object Repository/Object_Sign up/input_password2'

2018-05-14 16:01:58 - [MESSAGE][PASSED] - Keys 'Password01' sent to object: 'Object Repository/Object_Sign up/input_password2'

2018-05-14 16:01:58 - [TEST_STEP][PASSED] - click: Object: 'Object Repository/Object_Sign up/button_Registration' is clicked on

2018-05-14 16:01:59 - [MESSAGE][PASSED] - Object: 'Object Repository/Object_Sign up/button_Registration' is clicked on

2018-05-14 16:01:59 - [TEST_STEP][FAILED] - Statement - message = com.kms.katalon.core.webui.keyword.WebUiBuiltInKeywords.getText(com.kms.katalon.core.testobject.ObjectRepository.findTestObject(Object_Sign up/div_message)): Unable to get text of object 'Object Repository/Object_Sign up/div_message' (Root cause: org.openqa.selenium.WebDriverException: chrome not reachable
  (Session info: chrome=66.0.3359.139)
  (Driver info: chromedriver=2.35.528161 (5b82f2d2aae0ca24b877009200ced9065a772e73),platform=Windows NT 6.1.7601 SP1 x86_64) (WARNING: The server did not provide any stacktrace information)
Command duration or timeout: 0 milliseconds
Build info: version: '3.7.1', revision: '8a0099a', time: '2017-11-06T21:07:36.161Z'
System info: host: 'SGH451QS3J', ip: '192.168.10.156', os.name: 'Windows 7', os.arch: 'amd64', os.version: '6.1', java.version: '1.8.0_102'
Driver info: com.kms.katalon.selenium.driver.CChromeDriver
Capabilities {acceptInsecureCerts: false, acceptSslCerts: false, applicationCacheEnabled: false, browserConnectionEnabled: false, browserName: chrome, chrome: {chromedriverVersion: 2.35.528161 (5b82f2d2aae0ca..., userDataDir: C:\Users\thaotle\AppData\Lo...}, cssSelectorsEnabled: true, databaseEnabled: false, handlesAlerts: true, hasTouchScreen: false, javascriptEnabled: true, locationContextEnabled: true, mobileEmulationEnabled: false, nativeEvents: true, networkConnectionEnabled: false, pageLoadStrategy: normal, platform: XP, platformName: XP, rotatable: false, setWindowRect: true, takesHeapSnapshot: true, takesScreenshot: true, unexpectedAlertBehaviour: , unhandledPromptBehavior: , version: 66.0.3359.139, webStorageEnabled: true}
Session ID: 3063008bf743b38506ef1edff5279672
*** Element info: {Using=xpath, value=/html[1]/body[@class="page-registration"]/div[@class="content"]/div[@class="container"]/div[@class="page-system"]/div[@class="alert alert-success"]})

2018-05-14 16:02:32 - [MESSAGE][WARNING] - Cannot take screenshot

2018-05-14 16:02:32 - [MESSAGE][FAILED] - Unable to get text of object 'Object Repository/Object_Sign up/div_message' (Root cause: org.openqa.selenium.WebDriverException: chrome not reachable
  (Session info: chrome=66.0.3359.139)
  (Driver info: chromedriver=2.35.528161 (5b82f2d2aae0ca24b877009200ced9065a772e73),platform=Windows NT 6.1.7601 SP1 x86_64) (WARNING: The server did not provide any stacktrace information)
Command duration or timeout: 0 milliseconds
Build info: version: '3.7.1', revision: '8a0099a', time: '2017-11-06T21:07:36.161Z'
System info: host: 'SGH451QS3J', ip: '192.168.10.156', os.name: 'Windows 7', os.arch: 'amd64', os.version: '6.1', java.version: '1.8.0_102'
Driver info: com.kms.katalon.selenium.driver.CChromeDriver
Capabilities {acceptInsecureCerts: false, acceptSslCerts: false, applicationCacheEnabled: false, browserConnectionEnabled: false, browserName: chrome, chrome: {chromedriverVersion: 2.35.528161 (5b82f2d2aae0ca..., userDataDir: C:\Users\thaotle\AppData\Lo...}, cssSelectorsEnabled: true, databaseEnabled: false, handlesAlerts: true, hasTouchScreen: false, javascriptEnabled: true, locationContextEnabled: true, mobileEmulationEnabled: false, nativeEvents: true, networkConnectionEnabled: false, pageLoadStrategy: normal, platform: XP, platformName: XP, rotatable: false, setWindowRect: true, takesHeapSnapshot: true, takesScreenshot: true, unexpectedAlertBehaviour: , unhandledPromptBehavior: , version: 66.0.3359.139, webStorageEnabled: true}
Session ID: 3063008bf743b38506ef1edff5279672
*** Element info: {Using=xpath, value=/html[1]/body[@class="page-registration"]/div[@class="content"]/div[@class="container"]/div[@class="page-system"]/div[@class="alert alert-success"]})

2018-05-14 16:02:32 - [MESSAGE][FAILED] - Unable to call Test Case with id 'Test Cases/TC1/Common TC to Sign up' (Root cause: Call Test Case 'Test Cases/TC1/Common TC to Sign up' failed)]]></system-out>
         <system-err><![CDATA[2018-05-14 16:01:39 - [TEST_CASE][FAILED] - Test Cases/TC1/TC3: Test Cases/TC1/TC3 FAILED because (of) Unable to get text of object 'Object Repository/Object_Sign up/div_message' (Root cause: org.openqa.selenium.WebDriverException: chrome not reachable
  (Session info: chrome=66.0.3359.139)
  (Driver info: chromedriver=2.35.528161 (5b82f2d2aae0ca24b877009200ced9065a772e73),platform=Windows NT 6.1.7601 SP1 x86_64) (WARNING: The server did not provide any stacktrace information)
Command duration or timeout: 0 milliseconds
Build info: version: '3.7.1', revision: '8a0099a', time: '2017-11-06T21:07:36.161Z'
System info: host: 'SGH451QS3J', ip: '192.168.10.156', os.name: 'Windows 7', os.arch: 'amd64', os.version: '6.1', java.version: '1.8.0_102'
Driver info: com.kms.katalon.selenium.driver.CChromeDriver
Capabilities {acceptInsecureCerts: false, acceptSslCerts: false, applicationCacheEnabled: false, browserConnectionEnabled: false, browserName: chrome, chrome: {chromedriverVersion: 2.35.528161 (5b82f2d2aae0ca..., userDataDir: C:\Users\thaotle\AppData\Lo...}, cssSelectorsEnabled: true, databaseEnabled: false, handlesAlerts: true, hasTouchScreen: false, javascriptEnabled: true, locationContextEnabled: true, mobileEmulationEnabled: false, nativeEvents: true, networkConnectionEnabled: false, pageLoadStrategy: normal, platform: XP, platformName: XP, rotatable: false, setWindowRect: true, takesHeapSnapshot: true, takesScreenshot: true, unexpectedAlertBehaviour: , unhandledPromptBehavior: , version: 66.0.3359.139, webStorageEnabled: true}
Session ID: 3063008bf743b38506ef1edff5279672
*** Element info: {Using=xpath, value=/html[1]/body[@class="page-registration"]/div[@class="content"]/div[@class="container"]/div[@class="page-system"]/div[@class="alert alert-success"]})]]></system-err>
      </testcase>
      <system-out><![CDATA[2018-05-14 16:01:39 - [TEST_SUITE][FAILED] - Test Suites: Test Cases/TC1/TC3 FAILED because (of) Unable to get text of object 'Object Repository/Object_Sign up/div_message' (Root cause: org.openqa.selenium.WebDriverException: chrome not reachable
  (Session info: chrome=66.0.3359.139)
  (Driver info: chromedriver=2.35.528161 (5b82f2d2aae0ca24b877009200ced9065a772e73),platform=Windows NT 6.1.7601 SP1 x86_64) (WARNING: The server did not provide any stacktrace information)
Command duration or timeout: 0 milliseconds
Build info: version: '3.7.1', revision: '8a0099a', time: '2017-11-06T21:07:36.161Z'
System info: host: 'SGH451QS3J', ip: '192.168.10.156', os.name: 'Windows 7', os.arch: 'amd64', os.version: '6.1', java.version: '1.8.0_102'
Driver info: com.kms.katalon.selenium.driver.CChromeDriver
Capabilities {acceptInsecureCerts: false, acceptSslCerts: false, applicationCacheEnabled: false, browserConnectionEnabled: false, browserName: chrome, chrome: {chromedriverVersion: 2.35.528161 (5b82f2d2aae0ca..., userDataDir: C:\Users\thaotle\AppData\Lo...}, cssSelectorsEnabled: true, databaseEnabled: false, handlesAlerts: true, hasTouchScreen: false, javascriptEnabled: true, locationContextEnabled: true, mobileEmulationEnabled: false, nativeEvents: true, networkConnectionEnabled: false, pageLoadStrategy: normal, platform: XP, platformName: XP, rotatable: false, setWindowRect: true, takesHeapSnapshot: true, takesScreenshot: true, unexpectedAlertBehaviour: , unhandledPromptBehavior: , version: 66.0.3359.139, webStorageEnabled: true}
Session ID: 3063008bf743b38506ef1edff5279672
*** Element info: {Using=xpath, value=/html[1]/body[@class="page-registration"]/div[@class="content"]/div[@class="container"]/div[@class="page-system"]/div[@class="alert alert-success"]})]]></system-out>
      <system-err><![CDATA[2018-05-14 16:01:39 - [TEST_SUITE][FAILED] - Test Suites: Test Cases/TC1/TC3 FAILED because (of) Unable to get text of object 'Object Repository/Object_Sign up/div_message' (Root cause: org.openqa.selenium.WebDriverException: chrome not reachable
  (Session info: chrome=66.0.3359.139)
  (Driver info: chromedriver=2.35.528161 (5b82f2d2aae0ca24b877009200ced9065a772e73),platform=Windows NT 6.1.7601 SP1 x86_64) (WARNING: The server did not provide any stacktrace information)
Command duration or timeout: 0 milliseconds
Build info: version: '3.7.1', revision: '8a0099a', time: '2017-11-06T21:07:36.161Z'
System info: host: 'SGH451QS3J', ip: '192.168.10.156', os.name: 'Windows 7', os.arch: 'amd64', os.version: '6.1', java.version: '1.8.0_102'
Driver info: com.kms.katalon.selenium.driver.CChromeDriver
Capabilities {acceptInsecureCerts: false, acceptSslCerts: false, applicationCacheEnabled: false, browserConnectionEnabled: false, browserName: chrome, chrome: {chromedriverVersion: 2.35.528161 (5b82f2d2aae0ca..., userDataDir: C:\Users\thaotle\AppData\Lo...}, cssSelectorsEnabled: true, databaseEnabled: false, handlesAlerts: true, hasTouchScreen: false, javascriptEnabled: true, locationContextEnabled: true, mobileEmulationEnabled: false, nativeEvents: true, networkConnectionEnabled: false, pageLoadStrategy: normal, platform: XP, platformName: XP, rotatable: false, setWindowRect: true, takesHeapSnapshot: true, takesScreenshot: true, unexpectedAlertBehaviour: , unhandledPromptBehavior: , version: 66.0.3359.139, webStorageEnabled: true}
Session ID: 3063008bf743b38506ef1edff5279672
*** Element info: {Using=xpath, value=/html[1]/body[@class="page-registration"]/div[@class="content"]/div[@class="container"]/div[@class="page-system"]/div[@class="alert alert-success"]})]]></system-err>
   </testsuite>
</testsuites>
