<?xml version="1.0" encoding="UTF-8"?>
<testsuites name="Test Suites" time="80" tests="1" failures="1" errors="0">
   <testsuite name="Test Suites" tests="1" failures="1" errors="0" time="80" timestamp="2018-05-15 11:15:44" hostname="thaotle - SGH451QS3J.kms.com.vn" id="Test Suites/Test Suites">
      <properties>
         <property name="deviceName" value=""/>
         <property name="devicePlatform" value=""/>
         <property name="logFolder" value="C:\\Users\\thaotle\\Katalon Studio\\Sigma\\Reports\\Test Suites\\20180515_111543"/>
         <property name="logFiles" value="C:\\Users\\thaotle\\Katalon Studio\\Sigma\\Reports\\Test Suites\\20180515_111543\\execution0.log"/>
         <property name="attachments" value="C:\\Users\\thaotle\\Katalon Studio\\Sigma\\Reports\\Test Suites\\20180515_111543\\1526357823536.png"/>
         <property name="hostName" value="thaotle - SGH451QS3J.kms.com.vn"/>
         <property name="os" value="Windows 7 64bit"/>
         <property name="katalonVersion" value="5.4.1.1"/>
         <property name="browser" value="Chrome 66.0.3359.139"/>
         <property name="hostAddress" value="192.168.10.156"/>
         <property name="sessionId" value="9283eda71a071696af125a839b638fc9"/>
         <property name="seleniumVersion" value="3.7.1"/>
         <property name="proxyInformation" value="ProxyInformation{proxyOption=NO_PROXY, proxyServerType=HTTP, password=, proxyServerAddress=, proxyServerPort=0}"/>
         <property name="platform" value="Windows 7"/>
      </properties>
      <testcase name="Test Cases/TC1/TC3" classname="Test Cases/TC1/TC3" status="PASSED">
         <system-out><![CDATA[2018-05-15 11:15:45 - [TEST_CASE][PASSED] - Test Cases/TC1/TC3: Test Cases/TC1/TC3

2018-05-15 11:15:45 - [TEST_STEP][PASSED] - callTestCase: Call Test Case 'Test Cases/TC1/Common TC to Sign up' successfully

2018-05-15 11:15:45 - [TEST_CASE][PASSED] - Test Cases/TC1/Common TC to Sign up: Test Cases/TC1/Common TC to Sign up

2018-05-15 11:15:45 - [TEST_STEP][PASSED] - openBrowser: Browser is opened with url: ''

2018-05-15 11:15:50 - [MESSAGE][PASSED] - Browser is opened with url: ''

2018-05-15 11:15:50 - [TEST_STEP][PASSED] - maximizeWindow: Current window maximized

2018-05-15 11:15:51 - [MESSAGE][PASSED] - Current window maximized

2018-05-15 11:15:51 - [TEST_STEP][PASSED] - navigateToUrl: Navigate to 'http://13.250.134.32/subrion/' successfully

2018-05-15 11:15:53 - [MESSAGE][PASSED] - Navigate to 'http://13.250.134.32/subrion/' successfully

2018-05-15 11:15:53 - [TEST_STEP][PASSED] - click: Object: 'Object Repository/Object_Sign up/a_Sign up' is clicked on

2018-05-15 11:15:53 - [MESSAGE][PASSED] - Object: 'Object Repository/Object_Sign up/a_Sign up' is clicked on

2018-05-15 11:15:53 - [TEST_STEP][PASSED] - waitForPageLoad: Wait for page load successfully

2018-05-15 11:15:54 - [MESSAGE][PASSED] - Wait for page load successfully

2018-05-15 11:15:54 - [TEST_STEP][PASSED] - sendKeys: Keys 'thaotle1.26' sent to object: 'Object Repository/Object_Sign up/input_username'

2018-05-15 11:15:54 - [MESSAGE][PASSED] - Keys 'thaotle1.26' sent to object: 'Object Repository/Object_Sign up/input_username'

2018-05-15 11:15:54 - [TEST_STEP][PASSED] - sendKeys: Keys 'thaotle1.2' sent to object: 'Object Repository/Object_Sign up/input_fullname'

2018-05-15 11:15:54 - [MESSAGE][PASSED] - Keys 'thaotle1.2' sent to object: 'Object Repository/Object_Sign up/input_fullname'

2018-05-15 11:15:54 - [TEST_STEP][PASSED] - sendKeys: Keys 'thaotle1.26@gmail.com' sent to object: 'Object Repository/Object_Sign up/input_email'

2018-05-15 11:15:54 - [MESSAGE][PASSED] - Keys 'thaotle1.26@gmail.com' sent to object: 'Object Repository/Object_Sign up/input_email'

2018-05-15 11:15:54 - [TEST_STEP][PASSED] - selectOptionByValue: All options with value '2' are selected in object 'Object Repository/Object_Sign up/cmb_gender' 

2018-05-15 11:15:54 - [MESSAGE][PASSED] - All options with value '2' are selected in object 'Object Repository/Object_Sign up/cmb_gender' 

2018-05-15 11:15:54 - [TEST_STEP][PASSED] - sendKeys: Keys 'Password01' sent to object: 'Object Repository/Object_Sign up/input_password'

2018-05-15 11:15:54 - [MESSAGE][PASSED] - Keys 'Password01' sent to object: 'Object Repository/Object_Sign up/input_password'

2018-05-15 11:15:54 - [TEST_STEP][PASSED] - sendKeys: Keys 'Password01' sent to object: 'Object Repository/Object_Sign up/input_password2'

2018-05-15 11:15:54 - [MESSAGE][PASSED] - Keys 'Password01' sent to object: 'Object Repository/Object_Sign up/input_password2'

2018-05-15 11:15:54 - [TEST_STEP][PASSED] - click: Object: 'Object Repository/Object_Sign up/button_Registration' is clicked on

2018-05-15 11:15:56 - [MESSAGE][PASSED] - Object: 'Object Repository/Object_Sign up/button_Registration' is clicked on

2018-05-15 11:15:56 - [TEST_STEP][PASSED] - Statement - message = com.kms.katalon.core.webui.keyword.WebUiBuiltInKeywords.getText(com.kms.katalon.core.testobject.ObjectRepository.findTestObject(Object_Sign up/div_message)): Text of object 'Object Repository/Object_Sign up/div_message' is: 'Member registered! Thank you!'

2018-05-15 11:15:56 - [MESSAGE][PASSED] - Text of object 'Object Repository/Object_Sign up/div_message' is: 'Member registered! Thank you!'

2018-05-15 11:15:56 - [TEST_STEP][PASSED] - verifyMatch: Actual text 'Member registered! Thank you!' and expected text 'Member registered! Thank you!' are matched 

2018-05-15 11:15:56 - [MESSAGE][PASSED] - Actual text 'Member registered! Thank you!' and expected text 'Member registered! Thank you!' are matched 

2018-05-15 11:15:56 - [MESSAGE][PASSED] - Call Test Case 'Test Cases/TC1/Common TC to Sign up' successfully

2018-05-15 11:15:56 - [TEST_STEP][PASSED] - click: Object: 'Object Repository/TC3_1/Page_Registration  Powered by Subri/li_Log in' is clicked on

2018-05-15 11:15:57 - [MESSAGE][PASSED] - Object: 'Object Repository/TC3_1/Page_Registration  Powered by Subri/li_Log in' is clicked on

2018-05-15 11:15:57 - [TEST_STEP][PASSED] - click: Object: 'Object Repository/Object_Login/a_Log in' is clicked on

2018-05-15 11:15:57 - [MESSAGE][PASSED] - Object: 'Object Repository/Object_Login/a_Log in' is clicked on

2018-05-15 11:15:57 - [TEST_STEP][PASSED] - setText: Text 'thaotle1.26' is set on object 'Object Repository/Object_Login/input_username'

2018-05-15 11:15:57 - [MESSAGE][PASSED] - Text 'thaotle1.26' is set on object 'Object Repository/Object_Login/input_username'

2018-05-15 11:15:57 - [TEST_STEP][PASSED] - Statement - return_username = com.kms.katalon.core.webui.keyword.WebUiBuiltInKeywords.getText(com.kms.katalon.core.testobject.ObjectRepository.findTestObject(Object_Login/input_username)): Text of object 'Object Repository/Object_Login/input_username' is: ''

2018-05-15 11:15:58 - [MESSAGE][PASSED] - Text of object 'Object Repository/Object_Login/input_username' is: ''

2018-05-15 11:15:58 - [TEST_STEP][PASSED] - setText: Text 'Password01' is set on object 'Object Repository/Object_Login/input_password'

2018-05-15 11:15:58 - [MESSAGE][PASSED] - Text 'Password01' is set on object 'Object Repository/Object_Login/input_password'

2018-05-15 11:15:58 - [TEST_STEP][PASSED] - click: Object: 'Object Repository/Object_Login/btn_Login' is clicked on

2018-05-15 11:15:59 - [MESSAGE][PASSED] - Object: 'Object Repository/Object_Login/btn_Login' is clicked on

2018-05-15 11:15:59 - [TEST_STEP][PASSED] - verifyElementText: Actual text and expected text of test object 'Object Repository/TC3_1/Page_Login  Powered by Subrion 4.2/li_Either login or password is' are matched.

2018-05-15 11:15:59 - [MESSAGE][PASSED] - Actual text and expected text of test object 'Object Repository/TC3_1/Page_Login  Powered by Subrion 4.2/li_Either login or password is' are matched.

2018-05-15 11:15:59 - [TEST_STEP][PASSED] - callTestCase: Call Test Case 'Test Cases/TC1/Common TC to Login' successfully

2018-05-15 11:15:59 - [TEST_CASE][PASSED] - Test Cases/TC1/Common TC to Login: Test Cases/TC1/Common TC to Login

2018-05-15 11:15:59 - [TEST_STEP][PASSED] - click: Object: 'Object Repository/Object_Login/a_Log in' is clicked on

2018-05-15 11:16:00 - [MESSAGE][PASSED] - Object: 'Object Repository/Object_Login/a_Log in' is clicked on

2018-05-15 11:16:00 - [TEST_STEP][PASSED] - setText: Text 'admin' is set on object 'Object Repository/Object_Login/input_username'

2018-05-15 11:16:00 - [MESSAGE][PASSED] - Text 'admin' is set on object 'Object Repository/Object_Login/input_username'

2018-05-15 11:16:00 - [TEST_STEP][PASSED] - setText: Text 'Katalon@2018' is set on object 'Object Repository/Object_Login/input_password'

2018-05-15 11:16:00 - [MESSAGE][PASSED] - Text 'Katalon@2018' is set on object 'Object Repository/Object_Login/input_password'

2018-05-15 11:16:00 - [TEST_STEP][PASSED] - click: Object: 'Object Repository/Object_Login/btn_Login' is clicked on

2018-05-15 11:16:01 - [MESSAGE][PASSED] - Object: 'Object Repository/Object_Login/btn_Login' is clicked on

2018-05-15 11:16:01 - [MESSAGE][PASSED] - Call Test Case 'Test Cases/TC1/Common TC to Login' successfully

2018-05-15 11:16:01 - [TEST_STEP][PASSED] - navigateToUrl: Navigate to 'http://13.250.134.32/subrion/panel/' successfully

2018-05-15 11:16:03 - [MESSAGE][PASSED] - Navigate to 'http://13.250.134.32/subrion/panel/' successfully

2018-05-15 11:16:03 - [TEST_STEP][PASSED] - waitForPageLoad: Wait for page load successfully

2018-05-15 11:16:03 - [MESSAGE][PASSED] - Wait for page load successfully

2018-05-15 11:16:03 - [TEST_STEP][PASSED] - waitForElementNotVisible: Web element with id: 'Object Repository/Object_Active member/wait_loader' located by 'By.xpath: //*[@ip = 'js-ajax-loader-status']' not found

2018-05-15 11:16:13 - [MESSAGE][WARNING] - Web element with id: 'Object Repository/Object_Active member/wait_loader' located by 'By.xpath: //*[@ip = 'js-ajax-loader-status']' not found

2018-05-15 11:16:13 - [TEST_STEP][PASSED] - click: Object: 'Object Repository/Object_Active member/i_member' is clicked on

2018-05-15 11:16:13 - [MESSAGE][PASSED] - Object: 'Object Repository/Object_Active member/i_member' is clicked on

2018-05-15 11:16:13 - [TEST_STEP][PASSED] - click: Object: 'Object Repository/Object_Active member/sub_member' is clicked on

2018-05-15 11:16:15 - [MESSAGE][PASSED] - Object: 'Object Repository/Object_Active member/sub_member' is clicked on

2018-05-15 11:16:15 - [TEST_STEP][PASSED] - waitForPageLoad: Wait for page load successfully

2018-05-15 11:16:15 - [MESSAGE][PASSED] - Wait for page load successfully

2018-05-15 11:16:15 - [TEST_STEP][PASSED] - Statement - edit_xpath = com.kms.katalon.core.webui.keyword.WebUiBuiltInKeywords.concatenate(["//div[contains(text(),'", username, "')]/parent::td/following-sibling::td[9]/div/i[@title="Edit"]"]): Concatenated string array: '['//div[contains(text(),'','thaotle1.26','')]/parent::td/following-sibling::td[9]/div/i[@title="Edit"]']' into '//div[contains(text(),'thaotle1.26')]/parent::td/following-sibling::td[9]/div/i[@title="Edit"]'

2018-05-15 11:16:15 - [MESSAGE][PASSED] - Concatenated string array: '['//div[contains(text(),'','thaotle1.26','')]/parent::td/following-sibling::td[9]/div/i[@title="Edit"]']' into '//div[contains(text(),'thaotle1.26')]/parent::td/following-sibling::td[9]/div/i[@title="Edit"]'

2018-05-15 11:16:15 - [TEST_STEP][PASSED] - Statement - myNewObject = new com.kms.katalon.core.testobject.TestObject(TheObjectName): null

2018-05-15 11:16:15 - [TEST_STEP][PASSED] - Statement - myNewObject.addProperty("xpath", EQUALS, edit_xpath): null

2018-05-15 11:16:15 - [TEST_STEP][PASSED] - click: Object: 'TheObjectName' is clicked on

2018-05-15 11:16:17 - [MESSAGE][PASSED] - Object: 'TheObjectName' is clicked on

2018-05-15 11:16:17 - [TEST_STEP][PASSED] - selectOptionByValue: All options with value 'active' are selected in object 'Object Repository/Object_Active member/cmb_Status'  using regular expression

2018-05-15 11:16:17 - [MESSAGE][PASSED] - All options with value 'active' are selected in object 'Object Repository/Object_Active member/cmb_Status'  using regular expression

2018-05-15 11:16:17 - [TEST_STEP][PASSED] - click: Object: 'Object Repository/Object_Active member/btn_Save' is clicked on

2018-05-15 11:16:18 - [MESSAGE][PASSED] - Object: 'Object Repository/Object_Active member/btn_Save' is clicked on

2018-05-15 11:16:18 - [TEST_STEP][PASSED] - click: Object: 'Object Repository/Object_Active member/a_Logout' is clicked on

2018-05-15 11:16:20 - [MESSAGE][PASSED] - Object: 'Object Repository/Object_Active member/a_Logout' is clicked on

2018-05-15 11:16:20 - [TEST_STEP][PASSED] - navigateToUrl: Navigate to 'http://13.250.134.32/subrion/login/' successfully

2018-05-15 11:16:20 - [MESSAGE][PASSED] - Navigate to 'http://13.250.134.32/subrion/login/' successfully

2018-05-15 11:16:20 - [TEST_STEP][PASSED] - setText: Text 'thaotle1.26' is set on object 'Object Repository/TC3_1/Page_Login  Powered by Subrion 4.2 (2)/input_username'

2018-05-15 11:16:20 - [MESSAGE][PASSED] - Text 'thaotle1.26' is set on object 'Object Repository/TC3_1/Page_Login  Powered by Subrion 4.2 (2)/input_username'

2018-05-15 11:16:20 - [TEST_STEP][PASSED] - setText: Text 'Password01' is set on object 'Object Repository/TC3_1/Page_Login  Powered by Subrion 4.2 (2)/input_password'

2018-05-15 11:16:21 - [MESSAGE][PASSED] - Text 'Password01' is set on object 'Object Repository/TC3_1/Page_Login  Powered by Subrion 4.2 (2)/input_password'

2018-05-15 11:16:21 - [TEST_STEP][PASSED] - click: Object: 'Object Repository/TC3_1/Page_Login  Powered by Subrion 4.2 (2)/button_Log in' is clicked on

2018-05-15 11:16:22 - [MESSAGE][PASSED] - Object: 'Object Repository/TC3_1/Page_Login  Powered by Subrion 4.2 (2)/button_Log in' is clicked on

2018-05-15 11:16:22 - [TEST_STEP][PASSED] - closeBrowser: Browser is closed

2018-05-15 11:16:23 - [MESSAGE][PASSED] - Browser is closed]]></system-out>
         <system-err><![CDATA[]]></system-err>
      </testcase>
      <testcase name="Test Cases/TC1/TC3" classname="Test Cases/TC1/TC3" status="FAILED">
         <failure type="FAILED" message="Unable to get text of object 'Object Repository/Object_Sign up/div_message' (Root cause: com.kms.katalon.core.webui.exception.WebElementNotFoundException: Web element with id: 'Object Repository/Object_Sign up/div_message' located by 'By.xpath: /html[1]/body[@class=&quot;page-registration&quot;]/div[@class=&quot;content&quot;]/div[@class=&quot;container&quot;]/div[@class=&quot;page-system&quot;]/div[@class=&quot;alert alert-success&quot;]' not found)"/>
         <system-out><![CDATA[2018-05-15 11:16:23 - [TEST_CASE][FAILED] - Test Cases/TC1/TC3: Test Cases/TC1/TC3 FAILED because (of) Unable to get text of object 'Object Repository/Object_Sign up/div_message' (Root cause: com.kms.katalon.core.webui.exception.WebElementNotFoundException: Web element with id: 'Object Repository/Object_Sign up/div_message' located by 'By.xpath: /html[1]/body[@class="page-registration"]/div[@class="content"]/div[@class="container"]/div[@class="page-system"]/div[@class="alert alert-success"]' not found)

2018-05-15 11:16:23 - [TEST_STEP][FAILED] - callTestCase: Unable to call Test Case with id 'Test Cases/TC1/Common TC to Sign up' (Root cause: Call Test Case 'Test Cases/TC1/Common TC to Sign up' failed)

2018-05-15 11:16:23 - [TEST_CASE][FAILED] - Test Cases/TC1/Common TC to Sign up: Test Cases/TC1/Common TC to Sign up FAILED because (of) Unable to get text of object 'Object Repository/Object_Sign up/div_message' (Root cause: com.kms.katalon.core.webui.exception.WebElementNotFoundException: Web element with id: 'Object Repository/Object_Sign up/div_message' located by 'By.xpath: /html[1]/body[@class="page-registration"]/div[@class="content"]/div[@class="container"]/div[@class="page-system"]/div[@class="alert alert-success"]' not found)

2018-05-15 11:16:23 - [TEST_STEP][PASSED] - openBrowser: Browser is opened with url: ''

2018-05-15 11:16:27 - [MESSAGE][PASSED] - Browser is opened with url: ''

2018-05-15 11:16:27 - [TEST_STEP][PASSED] - maximizeWindow: Current window maximized

2018-05-15 11:16:28 - [MESSAGE][PASSED] - Current window maximized

2018-05-15 11:16:28 - [TEST_STEP][PASSED] - navigateToUrl: Navigate to 'http://13.250.134.32/subrion/' successfully

2018-05-15 11:16:30 - [MESSAGE][PASSED] - Navigate to 'http://13.250.134.32/subrion/' successfully

2018-05-15 11:16:30 - [TEST_STEP][PASSED] - click: Object: 'Object Repository/Object_Sign up/a_Sign up' is clicked on

2018-05-15 11:16:31 - [MESSAGE][PASSED] - Object: 'Object Repository/Object_Sign up/a_Sign up' is clicked on

2018-05-15 11:16:31 - [TEST_STEP][PASSED] - waitForPageLoad: Wait for page load successfully

2018-05-15 11:16:31 - [MESSAGE][PASSED] - Wait for page load successfully

2018-05-15 11:16:31 - [TEST_STEP][PASSED] - sendKeys: Keys '' sent to object: 'Object Repository/Object_Sign up/input_username'

2018-05-15 11:16:31 - [MESSAGE][PASSED] - Keys '' sent to object: 'Object Repository/Object_Sign up/input_username'

2018-05-15 11:16:31 - [TEST_STEP][PASSED] - sendKeys: Keys '' sent to object: 'Object Repository/Object_Sign up/input_fullname'

2018-05-15 11:16:31 - [MESSAGE][PASSED] - Keys '' sent to object: 'Object Repository/Object_Sign up/input_fullname'

2018-05-15 11:16:31 - [TEST_STEP][PASSED] - sendKeys: Keys '' sent to object: 'Object Repository/Object_Sign up/input_email'

2018-05-15 11:16:31 - [MESSAGE][PASSED] - Keys '' sent to object: 'Object Repository/Object_Sign up/input_email'

2018-05-15 11:16:31 - [TEST_STEP][PASSED] - selectOptionByValue: All options with value '2' are selected in object 'Object Repository/Object_Sign up/cmb_gender' 

2018-05-15 11:16:31 - [MESSAGE][PASSED] - All options with value '2' are selected in object 'Object Repository/Object_Sign up/cmb_gender' 

2018-05-15 11:16:31 - [TEST_STEP][PASSED] - sendKeys: Keys '' sent to object: 'Object Repository/Object_Sign up/input_password'

2018-05-15 11:16:31 - [MESSAGE][PASSED] - Keys '' sent to object: 'Object Repository/Object_Sign up/input_password'

2018-05-15 11:16:31 - [TEST_STEP][PASSED] - sendKeys: Keys '' sent to object: 'Object Repository/Object_Sign up/input_password2'

2018-05-15 11:16:31 - [MESSAGE][PASSED] - Keys '' sent to object: 'Object Repository/Object_Sign up/input_password2'

2018-05-15 11:16:31 - [TEST_STEP][PASSED] - click: Object: 'Object Repository/Object_Sign up/button_Registration' is clicked on

2018-05-15 11:16:32 - [MESSAGE][PASSED] - Object: 'Object Repository/Object_Sign up/button_Registration' is clicked on

2018-05-15 11:16:32 - [TEST_STEP][FAILED] - Statement - message = com.kms.katalon.core.webui.keyword.WebUiBuiltInKeywords.getText(com.kms.katalon.core.testobject.ObjectRepository.findTestObject(Object_Sign up/div_message)): Unable to get text of object 'Object Repository/Object_Sign up/div_message' (Root cause: com.kms.katalon.core.webui.exception.WebElementNotFoundException: Web element with id: 'Object Repository/Object_Sign up/div_message' located by 'By.xpath: /html[1]/body[@class="page-registration"]/div[@class="content"]/div[@class="container"]/div[@class="page-system"]/div[@class="alert alert-success"]' not found)

2018-05-15 11:17:03 - [MESSAGE][FAILED] - Unable to get text of object 'Object Repository/Object_Sign up/div_message' (Root cause: com.kms.katalon.core.webui.exception.WebElementNotFoundException: Web element with id: 'Object Repository/Object_Sign up/div_message' located by 'By.xpath: /html[1]/body[@class="page-registration"]/div[@class="content"]/div[@class="container"]/div[@class="page-system"]/div[@class="alert alert-success"]' not found)
[[ATTACHMENT|C:\\Users\\thaotle\\Katalon Studio\\Sigma\\Reports\\Test Suites\\20180515_111543\\1526357823536.png]]

2018-05-15 11:17:03 - [MESSAGE][FAILED] - Unable to call Test Case with id 'Test Cases/TC1/Common TC to Sign up' (Root cause: Call Test Case 'Test Cases/TC1/Common TC to Sign up' failed)]]></system-out>
         <system-err><![CDATA[2018-05-15 11:16:23 - [TEST_CASE][FAILED] - Test Cases/TC1/TC3: Test Cases/TC1/TC3 FAILED because (of) Unable to get text of object 'Object Repository/Object_Sign up/div_message' (Root cause: com.kms.katalon.core.webui.exception.WebElementNotFoundException: Web element with id: 'Object Repository/Object_Sign up/div_message' located by 'By.xpath: /html[1]/body[@class="page-registration"]/div[@class="content"]/div[@class="container"]/div[@class="page-system"]/div[@class="alert alert-success"]' not found)]]></system-err>
      </testcase>
      <system-out><![CDATA[2018-05-15 11:15:44 - [TEST_SUITE][FAILED] - Test Suites: Test Cases/TC1/TC3 FAILED because (of) Unable to get text of object 'Object Repository/Object_Sign up/div_message' (Root cause: com.kms.katalon.core.webui.exception.WebElementNotFoundException: Web element with id: 'Object Repository/Object_Sign up/div_message' located by 'By.xpath: /html[1]/body[@class="page-registration"]/div[@class="content"]/div[@class="container"]/div[@class="page-system"]/div[@class="alert alert-success"]' not found)]]></system-out>
      <system-err><![CDATA[2018-05-15 11:15:44 - [TEST_SUITE][FAILED] - Test Suites: Test Cases/TC1/TC3 FAILED because (of) Unable to get text of object 'Object Repository/Object_Sign up/div_message' (Root cause: com.kms.katalon.core.webui.exception.WebElementNotFoundException: Web element with id: 'Object Repository/Object_Sign up/div_message' located by 'By.xpath: /html[1]/body[@class="page-registration"]/div[@class="content"]/div[@class="container"]/div[@class="page-system"]/div[@class="alert alert-success"]' not found)]]></system-err>
   </testsuite>
</testsuites>
