<?xml version="1.0" encoding="UTF-8"?>
<testsuites name="Test Suites" time="36" tests="0" failures="0" errors="1">
   <testsuite name="Test Suites" tests="0" failures="0" errors="1" time="36" timestamp="2018-05-15 14:06:27" hostname="thaotle - SGH451QS3J.kms.com.vn" id="Test Suites/Test Suites">
      <properties>
         <property name="deviceName" value=""/>
         <property name="devicePlatform" value=""/>
         <property name="logFolder" value="C:\\Users\\thaotle\\Katalon Studio\\Sigma\\Reports\\Test Suites\\20180515_140626"/>
         <property name="logFiles" value="C:\\Users\\thaotle\\Katalon Studio\\Sigma\\Reports\\Test Suites\\20180515_140626\\execution0.log"/>
         <property name="attachments" value=""/>
         <property name="hostName" value="thaotle - SGH451QS3J.kms.com.vn"/>
         <property name="os" value="Windows 7 64bit"/>
         <property name="katalonVersion" value="5.4.1.1"/>
         <property name="browser" value="Chrome 66.0.3359.139"/>
         <property name="hostAddress" value="192.168.10.156"/>
         <property name="sessionId" value="9e7141fa40377904c846f86ce78490fc"/>
         <property name="seleniumVersion" value="3.7.1"/>
         <property name="proxyInformation" value="ProxyInformation{proxyOption=NO_PROXY, proxyServerType=HTTP, password=, proxyServerAddress=, proxyServerPort=0}"/>
         <property name="platform" value="Windows 7"/>
      </properties>
      <testcase name="Test Cases/TC1/TC3" classname="Test Cases/TC1/TC3" status="ERROR">
         <error type="ERROR" message="Test Cases/TC1/TC3 FAILED because (of) Variable 'myNewObject' is not defined for test case."/>
         <system-out><![CDATA[2018-05-15 14:06:27 - [TEST_CASE][ERROR] - Test Cases/TC1/TC3: Test Cases/TC1/TC3 FAILED because (of) Variable 'myNewObject' is not defined for test case.

2018-05-15 14:06:28 - [TEST_STEP][PASSED] - callTestCase: Call Test Case 'Test Cases/TC1/Common TC to Sign up' successfully

2018-05-15 14:06:28 - [TEST_CASE][PASSED] - Test Cases/TC1/Common TC to Sign up: Test Cases/TC1/Common TC to Sign up

2018-05-15 14:06:28 - [TEST_STEP][PASSED] - openBrowser: Browser is opened with url: ''

2018-05-15 14:06:39 - [MESSAGE][PASSED] - Browser is opened with url: ''

2018-05-15 14:06:39 - [TEST_STEP][PASSED] - maximizeWindow: Current window maximized

2018-05-15 14:06:40 - [MESSAGE][PASSED] - Current window maximized

2018-05-15 14:06:40 - [TEST_STEP][PASSED] - navigateToUrl: Navigate to 'http://13.250.134.32/subrion/' successfully

2018-05-15 14:06:41 - [MESSAGE][PASSED] - Navigate to 'http://13.250.134.32/subrion/' successfully

2018-05-15 14:06:41 - [TEST_STEP][PASSED] - click: Object: 'Object Repository/Object_Sign up/a_Sign up' is clicked on

2018-05-15 14:06:43 - [MESSAGE][PASSED] - Object: 'Object Repository/Object_Sign up/a_Sign up' is clicked on

2018-05-15 14:06:43 - [TEST_STEP][PASSED] - waitForPageLoad: Wait for page load successfully

2018-05-15 14:06:43 - [MESSAGE][PASSED] - Wait for page load successfully

2018-05-15 14:06:43 - [TEST_STEP][PASSED] - sendKeys: Keys 'thaole16.24' sent to object: 'Object Repository/Object_Sign up/input_username'

2018-05-15 14:06:43 - [MESSAGE][PASSED] - Keys 'thaole16.24' sent to object: 'Object Repository/Object_Sign up/input_username'

2018-05-15 14:06:43 - [TEST_STEP][PASSED] - sendKeys: Keys 'thaole16.21' sent to object: 'Object Repository/Object_Sign up/input_fullname'

2018-05-15 14:06:43 - [MESSAGE][PASSED] - Keys 'thaole16.21' sent to object: 'Object Repository/Object_Sign up/input_fullname'

2018-05-15 14:06:43 - [TEST_STEP][PASSED] - sendKeys: Keys 'thaole16.24@gmail.com' sent to object: 'Object Repository/Object_Sign up/input_email'

2018-05-15 14:06:43 - [MESSAGE][PASSED] - Keys 'thaole16.24@gmail.com' sent to object: 'Object Repository/Object_Sign up/input_email'

2018-05-15 14:06:43 - [TEST_STEP][PASSED] - selectOptionByValue: All options with value '2' are selected in object 'Object Repository/Object_Sign up/cmb_gender' 

2018-05-15 14:06:43 - [MESSAGE][PASSED] - All options with value '2' are selected in object 'Object Repository/Object_Sign up/cmb_gender' 

2018-05-15 14:06:43 - [TEST_STEP][PASSED] - sendKeys: Keys 'Password01' sent to object: 'Object Repository/Object_Sign up/input_password'

2018-05-15 14:06:43 - [MESSAGE][PASSED] - Keys 'Password01' sent to object: 'Object Repository/Object_Sign up/input_password'

2018-05-15 14:06:43 - [TEST_STEP][PASSED] - sendKeys: Keys 'Password01' sent to object: 'Object Repository/Object_Sign up/input_password2'

2018-05-15 14:06:43 - [MESSAGE][PASSED] - Keys 'Password01' sent to object: 'Object Repository/Object_Sign up/input_password2'

2018-05-15 14:06:43 - [TEST_STEP][PASSED] - click: Object: 'Object Repository/Object_Sign up/button_Registration' is clicked on

2018-05-15 14:06:45 - [MESSAGE][PASSED] - Object: 'Object Repository/Object_Sign up/button_Registration' is clicked on

2018-05-15 14:06:45 - [TEST_STEP][PASSED] - Statement - message = com.kms.katalon.core.webui.keyword.WebUiBuiltInKeywords.getText(com.kms.katalon.core.testobject.ObjectRepository.findTestObject(Object_Sign up/div_message)): Text of object 'Object Repository/Object_Sign up/div_message' is: 'Member registered! Thank you!'

2018-05-15 14:06:45 - [MESSAGE][PASSED] - Text of object 'Object Repository/Object_Sign up/div_message' is: 'Member registered! Thank you!'

2018-05-15 14:06:45 - [TEST_STEP][PASSED] - verifyMatch: Actual text 'Member registered! Thank you!' and expected text 'Member registered! Thank you!' are matched 

2018-05-15 14:06:45 - [MESSAGE][PASSED] - Actual text 'Member registered! Thank you!' and expected text 'Member registered! Thank you!' are matched 

2018-05-15 14:06:45 - [MESSAGE][PASSED] - Call Test Case 'Test Cases/TC1/Common TC to Sign up' successfully

2018-05-15 14:06:45 - [TEST_STEP][PASSED] - click: Object: 'Object Repository/Object_Login/a_Log in' is clicked on

2018-05-15 14:06:46 - [MESSAGE][PASSED] - Object: 'Object Repository/Object_Login/a_Log in' is clicked on

2018-05-15 14:06:46 - [TEST_STEP][PASSED] - setText: Text 'thaole16.24' is set on object 'Object Repository/Object_Login/input_username'

2018-05-15 14:06:46 - [MESSAGE][PASSED] - Text 'thaole16.24' is set on object 'Object Repository/Object_Login/input_username'

2018-05-15 14:06:46 - [TEST_STEP][PASSED] - Statement - return_username = com.kms.katalon.core.webui.keyword.WebUiBuiltInKeywords.getText(com.kms.katalon.core.testobject.ObjectRepository.findTestObject(Object_Login/input_username)): Text of object 'Object Repository/Object_Login/input_username' is: ''

2018-05-15 14:06:46 - [MESSAGE][PASSED] - Text of object 'Object Repository/Object_Login/input_username' is: ''

2018-05-15 14:06:46 - [TEST_STEP][PASSED] - setText: Text 'Password01' is set on object 'Object Repository/Object_Login/input_password'

2018-05-15 14:06:46 - [MESSAGE][PASSED] - Text 'Password01' is set on object 'Object Repository/Object_Login/input_password'

2018-05-15 14:06:46 - [TEST_STEP][PASSED] - click: Object: 'Object Repository/Object_Login/btn_Login' is clicked on

2018-05-15 14:06:47 - [MESSAGE][PASSED] - Object: 'Object Repository/Object_Login/btn_Login' is clicked on

2018-05-15 14:06:47 - [TEST_STEP][PASSED] - verifyElementText: Actual text and expected text of test object 'Object Repository/Object_Login/Object_Messeage_Login Failed' are matched.

2018-05-15 14:06:47 - [MESSAGE][PASSED] - Actual text and expected text of test object 'Object Repository/Object_Login/Object_Messeage_Login Failed' are matched.

2018-05-15 14:06:47 - [TEST_STEP][PASSED] - callTestCase: Call Test Case 'Test Cases/TC1/Common TC to Login' successfully

2018-05-15 14:06:47 - [TEST_CASE][PASSED] - Test Cases/TC1/Common TC to Login: Test Cases/TC1/Common TC to Login

2018-05-15 14:06:47 - [TEST_STEP][PASSED] - click: Object: 'Object Repository/Object_Login/a_Log in' is clicked on

2018-05-15 14:06:48 - [MESSAGE][PASSED] - Object: 'Object Repository/Object_Login/a_Log in' is clicked on

2018-05-15 14:06:48 - [TEST_STEP][PASSED] - setText: Text 'admin' is set on object 'Object Repository/Object_Login/input_username'

2018-05-15 14:06:48 - [MESSAGE][PASSED] - Text 'admin' is set on object 'Object Repository/Object_Login/input_username'

2018-05-15 14:06:48 - [TEST_STEP][PASSED] - setText: Text 'Katalon@2018' is set on object 'Object Repository/Object_Login/input_password'

2018-05-15 14:06:48 - [MESSAGE][PASSED] - Text 'Katalon@2018' is set on object 'Object Repository/Object_Login/input_password'

2018-05-15 14:06:48 - [TEST_STEP][PASSED] - click: Object: 'Object Repository/Object_Login/btn_Login' is clicked on

2018-05-15 14:06:49 - [MESSAGE][PASSED] - Object: 'Object Repository/Object_Login/btn_Login' is clicked on

2018-05-15 14:06:49 - [MESSAGE][PASSED] - Call Test Case 'Test Cases/TC1/Common TC to Login' successfully

2018-05-15 14:06:49 - [TEST_STEP][PASSED] - navigateToUrl: Navigate to 'http://13.250.134.32/subrion/panel/' successfully

2018-05-15 14:06:51 - [MESSAGE][PASSED] - Navigate to 'http://13.250.134.32/subrion/panel/' successfully

2018-05-15 14:06:51 - [TEST_STEP][PASSED] - waitForPageLoad: Wait for page load successfully

2018-05-15 14:06:51 - [MESSAGE][PASSED] - Wait for page load successfully

2018-05-15 14:06:51 - [TEST_STEP][PASSED] - waitForElementNotVisible: Web element with id: 'Object Repository/Object_Active member/wait_loader' located by 'By.xpath: //*[@ip = 'js-ajax-loader-status']' not found

2018-05-15 14:07:01 - [MESSAGE][WARNING] - Web element with id: 'Object Repository/Object_Active member/wait_loader' located by 'By.xpath: //*[@ip = 'js-ajax-loader-status']' not found

2018-05-15 14:07:01 - [TEST_STEP][PASSED] - click: Object: 'Object Repository/Object_Active member/main_member' is clicked on

2018-05-15 14:07:01 - [MESSAGE][PASSED] - Object: 'Object Repository/Object_Active member/main_member' is clicked on

2018-05-15 14:07:01 - [TEST_STEP][PASSED] - click: Object: 'Object Repository/Object_Active member/sub_member' is clicked on

2018-05-15 14:07:03 - [MESSAGE][PASSED] - Object: 'Object Repository/Object_Active member/sub_member' is clicked on

2018-05-15 14:07:03 - [TEST_STEP][PASSED] - waitForPageLoad: Wait for page load successfully

2018-05-15 14:07:03 - [MESSAGE][PASSED] - Wait for page load successfully

2018-05-15 14:07:03 - [TEST_STEP][PASSED] - Statement - xpath_string = com.kms.katalon.core.webui.keyword.WebUiBuiltInKeywords.concatenate(["//div[contains(text(),'", return_username, "')]/parent::td/following-sibling::td[9]/div/i[@title="Edit"]"]): Concatenated string array: '['//div[contains(text(),'','','')]/parent::td/following-sibling::td[9]/div/i[@title="Edit"]']' into '//div[contains(text(),'')]/parent::td/following-sibling::td[9]/div/i[@title="Edit"]'

2018-05-15 14:07:03 - [MESSAGE][PASSED] - Concatenated string array: '['//div[contains(text(),'','','')]/parent::td/following-sibling::td[9]/div/i[@title="Edit"]']' into '//div[contains(text(),'')]/parent::td/following-sibling::td[9]/div/i[@title="Edit"]'

2018-05-15 14:07:03 - [TEST_STEP][PASSED] - Statement - btn_edit = new com.kms.katalon.core.testobject.TestObject(TheObjectName): null

2018-05-15 14:07:03 - [TEST_STEP][PASSED] - Statement - myNewObject.addProperty("xpath", EQUALS, xpath_string): null]]></system-out>
         <system-err><![CDATA[2018-05-15 14:06:27 - [TEST_CASE][ERROR] - Test Cases/TC1/TC3: Test Cases/TC1/TC3 FAILED because (of) Variable 'myNewObject' is not defined for test case.]]></system-err>
      </testcase>
      <system-out><![CDATA[2018-05-15 14:06:27 - [TEST_SUITE][ERROR] - Test Suites: Test Cases/TC1/TC3 FAILED because (of) Variable 'myNewObject' is not defined for test case.]]></system-out>
      <system-err><![CDATA[2018-05-15 14:06:27 - [TEST_SUITE][ERROR] - Test Suites: Test Cases/TC1/TC3 FAILED because (of) Variable 'myNewObject' is not defined for test case.]]></system-err>
   </testsuite>
</testsuites>
