{"devicePlatform":"","logFolder":"C:\\Users\\thaotle\\Katalon Studio\\Sigma\\Reports\\Test Suites\\20180514_161826","runData":{"hostName":"thaotle - SGH451QS3J.kms.com.vn","os":"Windows 7 64bit","katalonVersion":"5.4.1.1","browser":"Chrome 66.0.3359.139","hostAddress":"192.168.10.156","sessionId":"ea920525f4b605afde5fef9481d41c8d","seleniumVersion":"3.7.1","proxyInformation":"ProxyInformation{proxyOption\u003dNO_PROXY, proxyServerType\u003dHTTP, password\u003d, proxyServerAddress\u003d, proxyServerPort\u003d0}","platform":"Windows 7"},"type":"TEST_SUITE","name":"Test Suites","id":"Test Suites/Test Suites","source":"","message":"Test Cases/TC1/TC3 FAILED because (of) Unable to click on object \u0027Object Repository/Object_Active member/i_member\u0027 (Root cause: org.openqa.selenium.WebDriverException: unknown error: Element \u003ci class\u003d\"i-cogs i-members\"\u003e\u003c/i\u003e is not clickable at point (61, 370). Other element would receive the click: \u003cdiv id\u003d\"js-ajax-loader\"\u003e...\u003c/div\u003e\n  (Session info: chrome\u003d66.0.3359.139)\n  (Driver info: chromedriver\u003d2.35.528161 (5b82f2d2aae0ca24b877009200ced9065a772e73),platform\u003dWindows NT 6.1.7601 SP1 x86_64) (WARNING: The server did not provide any stacktrace information)\nCommand duration or timeout: 0 milliseconds\nBuild info: version: \u00273.7.1\u0027, revision: \u00278a0099a\u0027, time: \u00272017-11-06T21:07:36.161Z\u0027\nSystem info: host: \u0027SGH451QS3J\u0027, ip: \u0027192.168.10.156\u0027, os.name: \u0027Windows 7\u0027, os.arch: \u0027amd64\u0027, os.version: \u00276.1\u0027, java.version: \u00271.8.0_102\u0027\nDriver info: com.kms.katalon.selenium.driver.CChromeDriver\nCapabilities {acceptInsecureCerts: false, acceptSslCerts: false, applicationCacheEnabled: false, browserConnectionEnabled: false, browserName: chrome, chrome: {chromedriverVersion: 2.35.528161 (5b82f2d2aae0ca..., userDataDir: C:\\Users\\thaotle\\AppData\\Lo...}, cssSelectorsEnabled: true, databaseEnabled: false, handlesAlerts: true, hasTouchScreen: false, javascriptEnabled: true, locationContextEnabled: true, mobileEmulationEnabled: false, nativeEvents: true, networkConnectionEnabled: false, pageLoadStrategy: normal, platform: XP, platformName: XP, rotatable: false, setWindowRect: true, takesHeapSnapshot: true, takesScreenshot: true, unexpectedAlertBehaviour: , unhandledPromptBehavior: , version: 66.0.3359.139, webStorageEnabled: true}\nSession ID: ea920525f4b605afde5fef9481d41c8d)","description":"","startTime":1526289508067,"endTime":1526289531374,"childRecords":[{"isOptional":false,"type":"TEST_CASE","name":"Test Cases/TC1/TC3","id":"Test Cases/TC1/TC3","source":"C:\\\\Users\\\\thaotle\\\\Katalon Studio\\\\Sigma\\\\Test Cases\\\\TC1\\\\TC3.tc","message":"Test Cases/TC1/TC3 FAILED because (of) Unable to click on object \u0027Object Repository/Object_Active member/i_member\u0027 (Root cause: org.openqa.selenium.WebDriverException: unknown error: Element \u003ci class\u003d\"i-cogs i-members\"\u003e\u003c/i\u003e is not clickable at point (61, 370). Other element would receive the click: \u003cdiv id\u003d\"js-ajax-loader\"\u003e...\u003c/div\u003e\n  (Session info: chrome\u003d66.0.3359.139)\n  (Driver info: chromedriver\u003d2.35.528161 (5b82f2d2aae0ca24b877009200ced9065a772e73),platform\u003dWindows NT 6.1.7601 SP1 x86_64) (WARNING: The server did not provide any stacktrace information)\nCommand duration or timeout: 0 milliseconds\nBuild info: version: \u00273.7.1\u0027, revision: \u00278a0099a\u0027, time: \u00272017-11-06T21:07:36.161Z\u0027\nSystem info: host: \u0027SGH451QS3J\u0027, ip: \u0027192.168.10.156\u0027, os.name: \u0027Windows 7\u0027, os.arch: \u0027amd64\u0027, os.version: \u00276.1\u0027, java.version: \u00271.8.0_102\u0027\nDriver info: com.kms.katalon.selenium.driver.CChromeDriver\nCapabilities {acceptInsecureCerts: false, acceptSslCerts: false, applicationCacheEnabled: false, browserConnectionEnabled: false, browserName: chrome, chrome: {chromedriverVersion: 2.35.528161 (5b82f2d2aae0ca..., userDataDir: C:\\Users\\thaotle\\AppData\\Lo...}, cssSelectorsEnabled: true, databaseEnabled: false, handlesAlerts: true, hasTouchScreen: false, javascriptEnabled: true, locationContextEnabled: true, mobileEmulationEnabled: false, nativeEvents: true, networkConnectionEnabled: false, pageLoadStrategy: normal, platform: XP, platformName: XP, rotatable: false, setWindowRect: true, takesHeapSnapshot: true, takesScreenshot: true, unexpectedAlertBehaviour: , unhandledPromptBehavior: , version: 66.0.3359.139, webStorageEnabled: true}\nSession ID: ea920525f4b605afde5fef9481d41c8d)","description":"","startTime":1526289508323,"endTime":1526289530370,"childRecords":[{"testStatus":{"stackTrace":"","statusValue":"INFO"},"type":"MESSAGE","name":"","message":"Evaluating variables for test case","startTime":1526289508349,"endTime":0,"childRecords":[],"interuppted":false},{"testStatus":{"stackTrace":"","statusValue":"INFO"},"type":"MESSAGE","name":"","message":"Variable \u0027password\u0027 is set to Password01","startTime":1526289508381,"endTime":0,"childRecords":[],"interuppted":false},{"testStatus":{"stackTrace":"","statusValue":"INFO"},"type":"MESSAGE","name":"","message":"Variable \u0027username\u0027 is set to thaotle1.3","startTime":1526289508381,"endTime":0,"childRecords":[],"interuppted":false},{"testStatus":{"stackTrace":"","statusValue":"INFO"},"type":"MESSAGE","name":"","message":"Variable \u0027email\u0027 is set to thaotle1.3@gmail.com","startTime":1526289508381,"endTime":0,"childRecords":[],"interuppted":false},{"testStatus":{"stackTrace":"","statusValue":"INFO"},"type":"MESSAGE","name":"","message":"Variable \u0027fullname\u0027 is set to thaotle1.2","startTime":1526289508381,"endTime":0,"childRecords":[],"interuppted":false},{"index":1,"isIgnoredIfFailed":false,"type":"TEST_STEP","name":"callTestCase","message":"Call Test Case \u0027Test Cases/TC1/Common TC to Sign up\u0027 successfully","description":"","startTime":1526289508672,"endTime":1526289521776,"childRecords":[{"isOptional":false,"type":"TEST_CASE","name":"Test Cases/TC1/Common TC to Sign up","id":"Test Cases/TC1/Common TC to Sign up","source":"C:\\\\Users\\\\thaotle\\\\Katalon Studio\\\\Sigma\\\\Test Cases\\\\TC1\\\\Common TC to Sign up.tc","message":"Test Cases/TC1/Common TC to Sign up","description":"","startTime":1526289508758,"endTime":1526289521776,"childRecords":[{"testStatus":{"stackTrace":"","statusValue":"INFO"},"type":"MESSAGE","name":"","message":"Evaluating variables for test case","startTime":1526289508771,"endTime":0,"childRecords":[],"interuppted":false},{"testStatus":{"stackTrace":"","statusValue":"INFO"},"type":"MESSAGE","name":"","message":"Variable \u0027password\u0027 is set to Password01","startTime":1526289508772,"endTime":0,"childRecords":[],"interuppted":false},{"testStatus":{"stackTrace":"","statusValue":"INFO"},"type":"MESSAGE","name":"","message":"Variable \u0027username\u0027 is set to thaotle1.3","startTime":1526289508773,"endTime":0,"childRecords":[],"interuppted":false},{"testStatus":{"stackTrace":"","statusValue":"INFO"},"type":"MESSAGE","name":"","message":"Variable \u0027fullname\u0027 is set to thaotle1.2","startTime":1526289508773,"endTime":0,"childRecords":[],"interuppted":false},{"testStatus":{"stackTrace":"","statusValue":"INFO"},"type":"MESSAGE","name":"","message":"Variable \u0027email\u0027 is set to thaotle1.3@gmail.com","startTime":1526289508777,"endTime":0,"childRecords":[],"interuppted":false},{"index":1,"isIgnoredIfFailed":false,"type":"TEST_STEP","name":"openBrowser","message":"Browser is opened with url: \u0027\u0027","description":"Open Browser","startTime":1526289508930,"endTime":1526289515345,"childRecords":[{"testStatus":{"stackTrace":"","statusValue":"PASSED"},"type":"MESSAGE","name":"","message":"Browser is opened with url: \u0027\u0027","startTime":1526289515345,"endTime":0,"childRecords":[],"interuppted":false}],"interuppted":false},{"index":2,"isIgnoredIfFailed":false,"type":"TEST_STEP","name":"navigateToUrl","message":"Navigate to \u0027http://13.250.134.32/subrion/\u0027 successfully","description":"Navigate to link http://13.250.134.32/subrion/","startTime":1526289515346,"endTime":1526289518304,"childRecords":[{"testStatus":{"stackTrace":"","statusValue":"PASSED"},"type":"MESSAGE","name":"","message":"Navigate to \u0027http://13.250.134.32/subrion/\u0027 successfully","startTime":1526289518303,"endTime":0,"childRecords":[],"interuppted":false}],"interuppted":false},{"index":3,"isIgnoredIfFailed":false,"type":"TEST_STEP","name":"click","message":"Object: \u0027Object Repository/Object_Sign up/a_Sign up\u0027 is clicked on","description":"Click on Sign up","startTime":1526289518305,"endTime":1526289519473,"childRecords":[{"testStatus":{"stackTrace":"","statusValue":"PASSED"},"type":"MESSAGE","name":"","message":"Object: \u0027Object Repository/Object_Sign up/a_Sign up\u0027 is clicked on","startTime":1526289519472,"endTime":0,"childRecords":[],"interuppted":false}],"interuppted":false},{"index":4,"isIgnoredIfFailed":false,"type":"TEST_STEP","name":"waitForPageLoad","message":"Wait for page load successfully","description":"Wait 20s","startTime":1526289519474,"endTime":1526289519516,"childRecords":[{"testStatus":{"stackTrace":"","statusValue":"PASSED"},"type":"MESSAGE","name":"","message":"Wait for page load successfully","startTime":1526289519516,"endTime":0,"childRecords":[],"interuppted":false}],"interuppted":false},{"index":5,"isIgnoredIfFailed":false,"type":"TEST_STEP","name":"sendKeys","message":"Keys \u0027thaotle1.3\u0027 sent to object: \u0027Object Repository/Object_Sign up/input_username\u0027","description":"Enter Username","startTime":1526289519517,"endTime":1526289519648,"childRecords":[{"testStatus":{"stackTrace":"","statusValue":"PASSED"},"type":"MESSAGE","name":"","message":"Keys \u0027thaotle1.3\u0027 sent to object: \u0027Object Repository/Object_Sign up/input_username\u0027","startTime":1526289519647,"endTime":0,"childRecords":[],"interuppted":false}],"interuppted":false},{"index":6,"isIgnoredIfFailed":false,"type":"TEST_STEP","name":"sendKeys","message":"Keys \u0027thaotle1.2\u0027 sent to object: \u0027Object Repository/Object_Sign up/input_fullname\u0027","description":"Enter Fullname","startTime":1526289519648,"endTime":1526289519743,"childRecords":[{"testStatus":{"stackTrace":"","statusValue":"PASSED"},"type":"MESSAGE","name":"","message":"Keys \u0027thaotle1.2\u0027 sent to object: \u0027Object Repository/Object_Sign up/input_fullname\u0027","startTime":1526289519742,"endTime":0,"childRecords":[],"interuppted":false}],"interuppted":false},{"index":7,"isIgnoredIfFailed":false,"type":"TEST_STEP","name":"sendKeys","message":"Keys \u0027thaotle1.3@gmail.com\u0027 sent to object: \u0027Object Repository/Object_Sign up/input_email\u0027","description":"Enter Email","startTime":1526289519743,"endTime":1526289519886,"childRecords":[{"testStatus":{"stackTrace":"","statusValue":"PASSED"},"type":"MESSAGE","name":"","message":"Keys \u0027thaotle1.3@gmail.com\u0027 sent to object: \u0027Object Repository/Object_Sign up/input_email\u0027","startTime":1526289519885,"endTime":0,"childRecords":[],"interuppted":false}],"interuppted":false},{"index":8,"isIgnoredIfFailed":false,"type":"TEST_STEP","name":"selectOptionByValue","message":"All options with value \u00272\u0027 are selected in object \u0027Object Repository/Object_Sign up/cmb_gender\u0027 ","description":"Enter Gender","startTime":1526289519887,"endTime":1526289520028,"childRecords":[{"testStatus":{"stackTrace":"","statusValue":"PASSED"},"type":"MESSAGE","name":"","message":"All options with value \u00272\u0027 are selected in object \u0027Object Repository/Object_Sign up/cmb_gender\u0027 ","startTime":1526289520027,"endTime":0,"childRecords":[],"interuppted":false}],"interuppted":false},{"index":9,"isIgnoredIfFailed":false,"type":"TEST_STEP","name":"sendKeys","message":"Keys \u0027Password01\u0027 sent to object: \u0027Object Repository/Object_Sign up/input_password\u0027","description":"Enter Password","startTime":1526289520028,"endTime":1526289520143,"childRecords":[{"testStatus":{"stackTrace":"","statusValue":"PASSED"},"type":"MESSAGE","name":"","message":"Keys \u0027Password01\u0027 sent to object: \u0027Object Repository/Object_Sign up/input_password\u0027","startTime":1526289520142,"endTime":0,"childRecords":[],"interuppted":false}],"interuppted":false},{"index":10,"isIgnoredIfFailed":false,"type":"TEST_STEP","name":"sendKeys","message":"Keys \u0027Password01\u0027 sent to object: \u0027Object Repository/Object_Sign up/input_password2\u0027","description":"Re-enter Password","startTime":1526289520143,"endTime":1526289520254,"childRecords":[{"testStatus":{"stackTrace":"","statusValue":"PASSED"},"type":"MESSAGE","name":"","message":"Keys \u0027Password01\u0027 sent to object: \u0027Object Repository/Object_Sign up/input_password2\u0027","startTime":1526289520250,"endTime":0,"childRecords":[],"interuppted":false}],"interuppted":false},{"index":11,"isIgnoredIfFailed":false,"type":"TEST_STEP","name":"click","message":"Object: \u0027Object Repository/Object_Sign up/button_Registration\u0027 is clicked on","description":"Click on Registration button\\r\\n","startTime":1526289520254,"endTime":1526289521681,"childRecords":[{"testStatus":{"stackTrace":"","statusValue":"PASSED"},"type":"MESSAGE","name":"","message":"Object: \u0027Object Repository/Object_Sign up/button_Registration\u0027 is clicked on","startTime":1526289521680,"endTime":0,"childRecords":[],"interuppted":false}],"interuppted":false},{"index":12,"isIgnoredIfFailed":false,"type":"TEST_STEP","name":"Statement - message \u003d com.kms.katalon.core.webui.keyword.WebUiBuiltInKeywords.getText(com.kms.katalon.core.testobject.ObjectRepository.findTestObject(Object_Sign up/div_message))","message":"Text of object \u0027Object Repository/Object_Sign up/div_message\u0027 is: \u0027Member registered! Thank you!\u0027","description":"Get the messege","startTime":1526289521681,"endTime":1526289521766,"childRecords":[{"testStatus":{"stackTrace":"","statusValue":"PASSED"},"type":"MESSAGE","name":"","message":"Text of object \u0027Object Repository/Object_Sign up/div_message\u0027 is: \u0027Member registered! Thank you!\u0027","startTime":1526289521766,"endTime":0,"childRecords":[],"interuppted":false}],"interuppted":false},{"index":13,"isIgnoredIfFailed":false,"type":"TEST_STEP","name":"verifyMatch","message":"Actual text \u0027Member registered! Thank you!\u0027 and expected text \u0027Member registered! Thank you!\u0027 are matched ","description":"Compare message","startTime":1526289521766,"endTime":1526289521766,"childRecords":[{"testStatus":{"stackTrace":"","statusValue":"PASSED"},"type":"MESSAGE","name":"","message":"Actual text \u0027Member registered! Thank you!\u0027 and expected text \u0027Member registered! Thank you!\u0027 are matched ","startTime":1526289521766,"endTime":0,"childRecords":[],"interuppted":false}],"interuppted":false},{"testStatus":{"stackTrace":"","statusValue":"PASSED"},"type":"MESSAGE","name":"","message":"Test Cases/TC1/Common TC to Sign up","startTime":1526289521766,"endTime":0,"childRecords":[],"interuppted":false}],"interuppted":false},{"testStatus":{"stackTrace":"","statusValue":"PASSED"},"type":"MESSAGE","name":"","message":"Call Test Case \u0027Test Cases/TC1/Common TC to Sign up\u0027 successfully","startTime":1526289521776,"endTime":0,"childRecords":[],"interuppted":false}],"interuppted":false},{"index":2,"isIgnoredIfFailed":false,"type":"TEST_STEP","name":"click","message":"Object: \u0027Object Repository/TC3_1/Page_Registration  Powered by Subri/li_Log in\u0027 is clicked on","description":"","startTime":1526289521776,"endTime":1526289522383,"childRecords":[{"testStatus":{"stackTrace":"","statusValue":"PASSED"},"type":"MESSAGE","name":"","message":"Object: \u0027Object Repository/TC3_1/Page_Registration  Powered by Subri/li_Log in\u0027 is clicked on","startTime":1526289522380,"endTime":0,"childRecords":[],"interuppted":false}],"interuppted":false},{"index":3,"isIgnoredIfFailed":false,"type":"TEST_STEP","name":"click","message":"Object: \u0027Object Repository/Object_Login/a_Log in\u0027 is clicked on","description":"","startTime":1526289522384,"endTime":1526289523032,"childRecords":[{"testStatus":{"stackTrace":"","statusValue":"PASSED"},"type":"MESSAGE","name":"","message":"Object: \u0027Object Repository/Object_Login/a_Log in\u0027 is clicked on","startTime":1526289523030,"endTime":0,"childRecords":[],"interuppted":false}],"interuppted":false},{"index":4,"isIgnoredIfFailed":false,"type":"TEST_STEP","name":"setText","message":"Text \u0027thaotle1.3\u0027 is set on object \u0027Object Repository/Object_Login/input_username\u0027","description":"","startTime":1526289523034,"endTime":1526289523192,"childRecords":[{"testStatus":{"stackTrace":"","statusValue":"PASSED"},"type":"MESSAGE","name":"","message":"Text \u0027thaotle1.3\u0027 is set on object \u0027Object Repository/Object_Login/input_username\u0027","startTime":1526289523192,"endTime":0,"childRecords":[],"interuppted":false}],"interuppted":false},{"index":5,"isIgnoredIfFailed":false,"type":"TEST_STEP","name":"setText","message":"Text \u0027Password01\u0027 is set on object \u0027Object Repository/Object_Login/input_password\u0027","description":"","startTime":1526289523193,"endTime":1526289523330,"childRecords":[{"testStatus":{"stackTrace":"","statusValue":"PASSED"},"type":"MESSAGE","name":"","message":"Text \u0027Password01\u0027 is set on object \u0027Object Repository/Object_Login/input_password\u0027","startTime":1526289523329,"endTime":0,"childRecords":[],"interuppted":false}],"interuppted":false},{"index":6,"isIgnoredIfFailed":false,"type":"TEST_STEP","name":"click","message":"Object: \u0027Object Repository/Object_Login/btn_Login\u0027 is clicked on","description":"","startTime":1526289523330,"endTime":1526289524381,"childRecords":[{"testStatus":{"stackTrace":"","statusValue":"PASSED"},"type":"MESSAGE","name":"","message":"Object: \u0027Object Repository/Object_Login/btn_Login\u0027 is clicked on","startTime":1526289524380,"endTime":0,"childRecords":[],"interuppted":false}],"interuppted":false},{"index":7,"isIgnoredIfFailed":false,"type":"TEST_STEP","name":"verifyElementText","message":"Actual text and expected text of test object \u0027Object Repository/TC3_1/Page_Login  Powered by Subrion 4.2/li_Either login or password is\u0027 are matched.","description":"","startTime":1526289524381,"endTime":1526289524434,"childRecords":[{"testStatus":{"stackTrace":"","statusValue":"PASSED"},"type":"MESSAGE","name":"","message":"Actual text and expected text of test object \u0027Object Repository/TC3_1/Page_Login  Powered by Subrion 4.2/li_Either login or password is\u0027 are matched.","startTime":1526289524434,"endTime":0,"childRecords":[],"interuppted":false}],"interuppted":false},{"index":8,"isIgnoredIfFailed":false,"type":"TEST_STEP","name":"navigateToUrl","message":"Navigate to \u0027http://13.250.134.32/subrion/panel/\u0027 successfully","description":"","startTime":1526289524435,"endTime":1526289526396,"childRecords":[{"testStatus":{"stackTrace":"","statusValue":"PASSED"},"type":"MESSAGE","name":"","message":"Navigate to \u0027http://13.250.134.32/subrion/panel/\u0027 successfully","startTime":1526289526394,"endTime":0,"childRecords":[],"interuppted":false}],"interuppted":false},{"index":9,"isIgnoredIfFailed":false,"type":"TEST_STEP","name":"sendKeys","message":"Keys \u0027admin\u0027 sent to object: \u0027Object Repository/Object_Login for Admin/input_username\u0027","description":"","startTime":1526289526396,"endTime":1526289526496,"childRecords":[{"testStatus":{"stackTrace":"","statusValue":"PASSED"},"type":"MESSAGE","name":"","message":"Keys \u0027admin\u0027 sent to object: \u0027Object Repository/Object_Login for Admin/input_username\u0027","startTime":1526289526496,"endTime":0,"childRecords":[],"interuppted":false}],"interuppted":false},{"index":10,"isIgnoredIfFailed":false,"type":"TEST_STEP","name":"sendKeys","message":"Keys \u0027Katalon@2018\u0027 sent to object: \u0027Object Repository/Object_Login for Admin/input_password\u0027","description":"","startTime":1526289526497,"endTime":1526289526599,"childRecords":[{"testStatus":{"stackTrace":"","statusValue":"PASSED"},"type":"MESSAGE","name":"","message":"Keys \u0027Katalon@2018\u0027 sent to object: \u0027Object Repository/Object_Login for Admin/input_password\u0027","startTime":1526289526598,"endTime":0,"childRecords":[],"interuppted":false}],"interuppted":false},{"index":11,"isIgnoredIfFailed":false,"type":"TEST_STEP","name":"click","message":"Object: \u0027Object Repository/Object_Login for Admin/btn_Login\u0027 is clicked on","description":"","startTime":1526289526599,"endTime":1526289528241,"childRecords":[{"testStatus":{"stackTrace":"","statusValue":"PASSED"},"type":"MESSAGE","name":"","message":"Object: \u0027Object Repository/Object_Login for Admin/btn_Login\u0027 is clicked on","startTime":1526289528239,"endTime":0,"childRecords":[],"interuppted":false}],"interuppted":false},{"index":12,"isIgnoredIfFailed":false,"type":"TEST_STEP","name":"navigateToUrl","message":"Navigate to \u0027http://13.250.134.32/subrion/panel/\u0027 successfully","description":"","startTime":1526289528241,"endTime":1526289529875,"childRecords":[{"testStatus":{"stackTrace":"","statusValue":"PASSED"},"type":"MESSAGE","name":"","message":"Navigate to \u0027http://13.250.134.32/subrion/panel/\u0027 successfully","startTime":1526289529875,"endTime":0,"childRecords":[],"interuppted":false}],"interuppted":false},{"attachment":"1526289530007.png","index":13,"isIgnoredIfFailed":false,"type":"TEST_STEP","name":"click","message":"Unable to click on object \u0027Object Repository/Object_Active member/i_member\u0027 (Root cause: org.openqa.selenium.WebDriverException: unknown error: Element \u003ci class\u003d\"i-cogs i-members\"\u003e\u003c/i\u003e is not clickable at point (61, 370). Other element would receive the click: \u003cdiv id\u003d\"js-ajax-loader\"\u003e...\u003c/div\u003e\n  (Session info: chrome\u003d66.0.3359.139)\n  (Driver info: chromedriver\u003d2.35.528161 (5b82f2d2aae0ca24b877009200ced9065a772e73),platform\u003dWindows NT 6.1.7601 SP1 x86_64) (WARNING: The server did not provide any stacktrace information)\nCommand duration or timeout: 0 milliseconds\nBuild info: version: \u00273.7.1\u0027, revision: \u00278a0099a\u0027, time: \u00272017-11-06T21:07:36.161Z\u0027\nSystem info: host: \u0027SGH451QS3J\u0027, ip: \u0027192.168.10.156\u0027, os.name: \u0027Windows 7\u0027, os.arch: \u0027amd64\u0027, os.version: \u00276.1\u0027, java.version: \u00271.8.0_102\u0027\nDriver info: com.kms.katalon.selenium.driver.CChromeDriver\nCapabilities {acceptInsecureCerts: false, acceptSslCerts: false, applicationCacheEnabled: false, browserConnectionEnabled: false, browserName: chrome, chrome: {chromedriverVersion: 2.35.528161 (5b82f2d2aae0ca..., userDataDir: C:\\Users\\thaotle\\AppData\\Lo...}, cssSelectorsEnabled: true, databaseEnabled: false, handlesAlerts: true, hasTouchScreen: false, javascriptEnabled: true, locationContextEnabled: true, mobileEmulationEnabled: false, nativeEvents: true, networkConnectionEnabled: false, pageLoadStrategy: normal, platform: XP, platformName: XP, rotatable: false, setWindowRect: true, takesHeapSnapshot: true, takesScreenshot: true, unexpectedAlertBehaviour: , unhandledPromptBehavior: , version: 66.0.3359.139, webStorageEnabled: true}\nSession ID: ea920525f4b605afde5fef9481d41c8d)","description":"","startTime":1526289529876,"endTime":1526289530366,"childRecords":[{"testStatus":{"stackTrace":"","statusValue":"FAILED"},"attachment":"1526289530007.png","type":"MESSAGE","name":"","message":"Unable to click on object \u0027Object Repository/Object_Active member/i_member\u0027 (Root cause: org.openqa.selenium.WebDriverException: unknown error: Element \u003ci class\u003d\"i-cogs i-members\"\u003e\u003c/i\u003e is not clickable at point (61, 370). Other element would receive the click: \u003cdiv id\u003d\"js-ajax-loader\"\u003e...\u003c/div\u003e\n  (Session info: chrome\u003d66.0.3359.139)\n  (Driver info: chromedriver\u003d2.35.528161 (5b82f2d2aae0ca24b877009200ced9065a772e73),platform\u003dWindows NT 6.1.7601 SP1 x86_64) (WARNING: The server did not provide any stacktrace information)\nCommand duration or timeout: 0 milliseconds\nBuild info: version: \u00273.7.1\u0027, revision: \u00278a0099a\u0027, time: \u00272017-11-06T21:07:36.161Z\u0027\nSystem info: host: \u0027SGH451QS3J\u0027, ip: \u0027192.168.10.156\u0027, os.name: \u0027Windows 7\u0027, os.arch: \u0027amd64\u0027, os.version: \u00276.1\u0027, java.version: \u00271.8.0_102\u0027\nDriver info: com.kms.katalon.selenium.driver.CChromeDriver\nCapabilities {acceptInsecureCerts: false, acceptSslCerts: false, applicationCacheEnabled: false, browserConnectionEnabled: false, browserName: chrome, chrome: {chromedriverVersion: 2.35.528161 (5b82f2d2aae0ca..., userDataDir: C:\\Users\\thaotle\\AppData\\Lo...}, cssSelectorsEnabled: true, databaseEnabled: false, handlesAlerts: true, hasTouchScreen: false, javascriptEnabled: true, locationContextEnabled: true, mobileEmulationEnabled: false, nativeEvents: true, networkConnectionEnabled: false, pageLoadStrategy: normal, platform: XP, platformName: XP, rotatable: false, setWindowRect: true, takesHeapSnapshot: true, takesScreenshot: true, unexpectedAlertBehaviour: , unhandledPromptBehavior: , version: 66.0.3359.139, webStorageEnabled: true}\nSession ID: ea920525f4b605afde5fef9481d41c8d)","startTime":1526289530365,"endTime":0,"childRecords":[],"interuppted":false}],"interuppted":false},{"testStatus":{"stackTrace":"","statusValue":"FAILED"},"type":"MESSAGE","name":"","message":"Test Cases/TC1/TC3 FAILED because (of) Unable to click on object \u0027Object Repository/Object_Active member/i_member\u0027 (Root cause: org.openqa.selenium.WebDriverException: unknown error: Element \u003ci class\u003d\"i-cogs i-members\"\u003e\u003c/i\u003e is not clickable at point (61, 370). Other element would receive the click: \u003cdiv id\u003d\"js-ajax-loader\"\u003e...\u003c/div\u003e\n  (Session info: chrome\u003d66.0.3359.139)\n  (Driver info: chromedriver\u003d2.35.528161 (5b82f2d2aae0ca24b877009200ced9065a772e73),platform\u003dWindows NT 6.1.7601 SP1 x86_64) (WARNING: The server did not provide any stacktrace information)\nCommand duration or timeout: 0 milliseconds\nBuild info: version: \u00273.7.1\u0027, revision: \u00278a0099a\u0027, time: \u00272017-11-06T21:07:36.161Z\u0027\nSystem info: host: \u0027SGH451QS3J\u0027, ip: \u0027192.168.10.156\u0027, os.name: \u0027Windows 7\u0027, os.arch: \u0027amd64\u0027, os.version: \u00276.1\u0027, java.version: \u00271.8.0_102\u0027\nDriver info: com.kms.katalon.selenium.driver.CChromeDriver\nCapabilities {acceptInsecureCerts: false, acceptSslCerts: false, applicationCacheEnabled: false, browserConnectionEnabled: false, browserName: chrome, chrome: {chromedriverVersion: 2.35.528161 (5b82f2d2aae0ca..., userDataDir: C:\\Users\\thaotle\\AppData\\Lo...}, cssSelectorsEnabled: true, databaseEnabled: false, handlesAlerts: true, hasTouchScreen: false, javascriptEnabled: true, locationContextEnabled: true, mobileEmulationEnabled: false, nativeEvents: true, networkConnectionEnabled: false, pageLoadStrategy: normal, platform: XP, platformName: XP, rotatable: false, setWindowRect: true, takesHeapSnapshot: true, takesScreenshot: true, unexpectedAlertBehaviour: , unhandledPromptBehavior: , version: 66.0.3359.139, webStorageEnabled: true}\nSession ID: ea920525f4b605afde5fef9481d41c8d)","startTime":1526289530367,"endTime":0,"childRecords":[],"interuppted":false}],"interuppted":false}],"interuppted":false}