<?xml version="1.0" encoding="UTF-8"?>
<testsuites name="Test Suites" time="64" tests="0" failures="1" errors="0">
   <testsuite name="Test Suites" tests="0" failures="1" errors="0" time="64" timestamp="2018-05-14 17:43:07" hostname="thaotle - SGH451QS3J.kms.com.vn" id="Test Suites/Test Suites">
      <properties>
         <property name="deviceName" value=""/>
         <property name="devicePlatform" value=""/>
         <property name="logFolder" value="C:\\Users\\thaotle\\Katalon Studio\\Sigma\\Reports\\Test Suites\\20180514_174306"/>
         <property name="logFiles" value="C:\\Users\\thaotle\\Katalon Studio\\Sigma\\Reports\\Test Suites\\20180514_174306\\execution0.log"/>
         <property name="attachments" value=""/>
         <property name="hostName" value="thaotle - SGH451QS3J.kms.com.vn"/>
         <property name="os" value="Windows 7 64bit"/>
         <property name="katalonVersion" value="5.4.1.1"/>
         <property name="browser" value="Chrome 66.0.3359.139"/>
         <property name="hostAddress" value="192.168.10.156"/>
         <property name="sessionId" value="067563e851ca7b39f0d1468b5fd026e5"/>
         <property name="seleniumVersion" value="3.7.1"/>
         <property name="proxyInformation" value="ProxyInformation{proxyOption=NO_PROXY, proxyServerType=HTTP, password=, proxyServerAddress=, proxyServerPort=0}"/>
         <property name="platform" value="Windows 7"/>
      </properties>
      <testcase name="Test Cases/TC1/TC3" classname="Test Cases/TC1/TC3" status="FAILED">
         <failure type="FAILED" message="Unable to click on object 'Object Repository/Object_Active member/btn_edit' (Root cause: org.openqa.selenium.WebDriverException: chrome not reachable
  (Session info: chrome=66.0.3359.139)
  (Driver info: chromedriver=2.35.528161 (5b82f2d2aae0ca24b877009200ced9065a772e73),platform=Windows NT 6.1.7601 SP1 x86_64) (WARNING: The server did not provide any stacktrace information)
Command duration or timeout: 0 milliseconds
Build info: version: '3.7.1', revision: '8a0099a', time: '2017-11-06T21:07:36.161Z'
System info: host: 'SGH451QS3J', ip: '192.168.10.156', os.name: 'Windows 7', os.arch: 'amd64', os.version: '6.1', java.version: '1.8.0_102'
Driver info: com.kms.katalon.selenium.driver.CChromeDriver
Capabilities {acceptInsecureCerts: false, acceptSslCerts: false, applicationCacheEnabled: false, browserConnectionEnabled: false, browserName: chrome, chrome: {chromedriverVersion: 2.35.528161 (5b82f2d2aae0ca..., userDataDir: C:\Users\thaotle\AppData\Lo...}, cssSelectorsEnabled: true, databaseEnabled: false, handlesAlerts: true, hasTouchScreen: false, javascriptEnabled: true, locationContextEnabled: true, mobileEmulationEnabled: false, nativeEvents: true, networkConnectionEnabled: false, pageLoadStrategy: normal, platform: XP, platformName: XP, rotatable: false, setWindowRect: true, takesHeapSnapshot: true, takesScreenshot: true, unexpectedAlertBehaviour: , unhandledPromptBehavior: , version: 66.0.3359.139, webStorageEnabled: true}
Session ID: 067563e851ca7b39f0d1468b5fd026e5
*** Element info: {Using=xpath, value=})"/>
         <system-out><![CDATA[2018-05-14 17:43:07 - [TEST_CASE][FAILED] - Test Cases/TC1/TC3: Test Cases/TC1/TC3 FAILED because (of) Unable to click on object 'Object Repository/Object_Active member/btn_edit' (Root cause: org.openqa.selenium.WebDriverException: chrome not reachable
  (Session info: chrome=66.0.3359.139)
  (Driver info: chromedriver=2.35.528161 (5b82f2d2aae0ca24b877009200ced9065a772e73),platform=Windows NT 6.1.7601 SP1 x86_64) (WARNING: The server did not provide any stacktrace information)
Command duration or timeout: 0 milliseconds
Build info: version: '3.7.1', revision: '8a0099a', time: '2017-11-06T21:07:36.161Z'
System info: host: 'SGH451QS3J', ip: '192.168.10.156', os.name: 'Windows 7', os.arch: 'amd64', os.version: '6.1', java.version: '1.8.0_102'
Driver info: com.kms.katalon.selenium.driver.CChromeDriver
Capabilities {acceptInsecureCerts: false, acceptSslCerts: false, applicationCacheEnabled: false, browserConnectionEnabled: false, browserName: chrome, chrome: {chromedriverVersion: 2.35.528161 (5b82f2d2aae0ca..., userDataDir: C:\Users\thaotle\AppData\Lo...}, cssSelectorsEnabled: true, databaseEnabled: false, handlesAlerts: true, hasTouchScreen: false, javascriptEnabled: true, locationContextEnabled: true, mobileEmulationEnabled: false, nativeEvents: true, networkConnectionEnabled: false, pageLoadStrategy: normal, platform: XP, platformName: XP, rotatable: false, setWindowRect: true, takesHeapSnapshot: true, takesScreenshot: true, unexpectedAlertBehaviour: , unhandledPromptBehavior: , version: 66.0.3359.139, webStorageEnabled: true}
Session ID: 067563e851ca7b39f0d1468b5fd026e5
*** Element info: {Using=xpath, value=})

2018-05-14 17:43:08 - [TEST_STEP][PASSED] - callTestCase: Call Test Case 'Test Cases/TC1/Common TC to Sign up' successfully

2018-05-14 17:43:08 - [TEST_CASE][PASSED] - Test Cases/TC1/Common TC to Sign up: Test Cases/TC1/Common TC to Sign up

2018-05-14 17:43:08 - [TEST_STEP][PASSED] - openBrowser: Browser is opened with url: ''

2018-05-14 17:43:13 - [MESSAGE][PASSED] - Browser is opened with url: ''

2018-05-14 17:43:13 - [TEST_STEP][PASSED] - navigateToUrl: Navigate to 'http://13.250.134.32/subrion/' successfully

2018-05-14 17:43:15 - [MESSAGE][PASSED] - Navigate to 'http://13.250.134.32/subrion/' successfully

2018-05-14 17:43:15 - [TEST_STEP][PASSED] - click: Object: 'Object Repository/Object_Sign up/a_Sign up' is clicked on

2018-05-14 17:43:16 - [MESSAGE][PASSED] - Object: 'Object Repository/Object_Sign up/a_Sign up' is clicked on

2018-05-14 17:43:16 - [TEST_STEP][PASSED] - waitForPageLoad: Wait for page load successfully

2018-05-14 17:43:16 - [MESSAGE][PASSED] - Wait for page load successfully

2018-05-14 17:43:16 - [TEST_STEP][PASSED] - sendKeys: Keys 'thaotle1.14' sent to object: 'Object Repository/Object_Sign up/input_username'

2018-05-14 17:43:16 - [MESSAGE][PASSED] - Keys 'thaotle1.14' sent to object: 'Object Repository/Object_Sign up/input_username'

2018-05-14 17:43:16 - [TEST_STEP][PASSED] - sendKeys: Keys 'thaotle1.2' sent to object: 'Object Repository/Object_Sign up/input_fullname'

2018-05-14 17:43:16 - [MESSAGE][PASSED] - Keys 'thaotle1.2' sent to object: 'Object Repository/Object_Sign up/input_fullname'

2018-05-14 17:43:16 - [TEST_STEP][PASSED] - sendKeys: Keys 'thaotle1.14@gmail.com' sent to object: 'Object Repository/Object_Sign up/input_email'

2018-05-14 17:43:16 - [MESSAGE][PASSED] - Keys 'thaotle1.14@gmail.com' sent to object: 'Object Repository/Object_Sign up/input_email'

2018-05-14 17:43:16 - [TEST_STEP][PASSED] - selectOptionByValue: All options with value '2' are selected in object 'Object Repository/Object_Sign up/cmb_gender' 

2018-05-14 17:43:16 - [MESSAGE][PASSED] - All options with value '2' are selected in object 'Object Repository/Object_Sign up/cmb_gender' 

2018-05-14 17:43:16 - [TEST_STEP][PASSED] - sendKeys: Keys 'Password01' sent to object: 'Object Repository/Object_Sign up/input_password'

2018-05-14 17:43:16 - [MESSAGE][PASSED] - Keys 'Password01' sent to object: 'Object Repository/Object_Sign up/input_password'

2018-05-14 17:43:16 - [TEST_STEP][PASSED] - sendKeys: Keys 'Password01' sent to object: 'Object Repository/Object_Sign up/input_password2'

2018-05-14 17:43:16 - [MESSAGE][PASSED] - Keys 'Password01' sent to object: 'Object Repository/Object_Sign up/input_password2'

2018-05-14 17:43:16 - [TEST_STEP][PASSED] - click: Object: 'Object Repository/Object_Sign up/button_Registration' is clicked on

2018-05-14 17:43:18 - [MESSAGE][PASSED] - Object: 'Object Repository/Object_Sign up/button_Registration' is clicked on

2018-05-14 17:43:18 - [TEST_STEP][PASSED] - Statement - message = com.kms.katalon.core.webui.keyword.WebUiBuiltInKeywords.getText(com.kms.katalon.core.testobject.ObjectRepository.findTestObject(Object_Sign up/div_message)): Text of object 'Object Repository/Object_Sign up/div_message' is: 'Member registered! Thank you!'

2018-05-14 17:43:18 - [MESSAGE][PASSED] - Text of object 'Object Repository/Object_Sign up/div_message' is: 'Member registered! Thank you!'

2018-05-14 17:43:18 - [TEST_STEP][PASSED] - verifyMatch: Actual text 'Member registered! Thank you!' and expected text 'Member registered! Thank you!' are matched 

2018-05-14 17:43:18 - [MESSAGE][PASSED] - Actual text 'Member registered! Thank you!' and expected text 'Member registered! Thank you!' are matched 

2018-05-14 17:43:18 - [MESSAGE][PASSED] - Call Test Case 'Test Cases/TC1/Common TC to Sign up' successfully

2018-05-14 17:43:18 - [TEST_STEP][PASSED] - click: Object: 'Object Repository/TC3_1/Page_Registration  Powered by Subri/li_Log in' is clicked on

2018-05-14 17:43:19 - [MESSAGE][PASSED] - Object: 'Object Repository/TC3_1/Page_Registration  Powered by Subri/li_Log in' is clicked on

2018-05-14 17:43:19 - [TEST_STEP][PASSED] - click: Object: 'Object Repository/Object_Login/a_Log in' is clicked on

2018-05-14 17:43:20 - [MESSAGE][PASSED] - Object: 'Object Repository/Object_Login/a_Log in' is clicked on

2018-05-14 17:43:20 - [TEST_STEP][PASSED] - setText: Text 'thaotle1.14' is set on object 'Object Repository/Object_Login/input_username'

2018-05-14 17:43:20 - [MESSAGE][PASSED] - Text 'thaotle1.14' is set on object 'Object Repository/Object_Login/input_username'

2018-05-14 17:43:20 - [TEST_STEP][PASSED] - setText: Text 'Password01' is set on object 'Object Repository/Object_Login/input_password'

2018-05-14 17:43:20 - [MESSAGE][PASSED] - Text 'Password01' is set on object 'Object Repository/Object_Login/input_password'

2018-05-14 17:43:20 - [TEST_STEP][PASSED] - click: Object: 'Object Repository/Object_Login/btn_Login' is clicked on

2018-05-14 17:43:21 - [MESSAGE][PASSED] - Object: 'Object Repository/Object_Login/btn_Login' is clicked on

2018-05-14 17:43:21 - [TEST_STEP][PASSED] - verifyElementText: Actual text and expected text of test object 'Object Repository/TC3_1/Page_Login  Powered by Subrion 4.2/li_Either login or password is' are matched.

2018-05-14 17:43:21 - [MESSAGE][PASSED] - Actual text and expected text of test object 'Object Repository/TC3_1/Page_Login  Powered by Subrion 4.2/li_Either login or password is' are matched.

2018-05-14 17:43:21 - [TEST_STEP][PASSED] - callTestCase: Call Test Case 'Test Cases/TC1/Common TC to Login' successfully

2018-05-14 17:43:21 - [TEST_CASE][PASSED] - Test Cases/TC1/Common TC to Login: Test Cases/TC1/Common TC to Login

2018-05-14 17:43:21 - [TEST_STEP][PASSED] - click: Object: 'Object Repository/Object_Login/a_Log in' is clicked on

2018-05-14 17:43:22 - [MESSAGE][PASSED] - Object: 'Object Repository/Object_Login/a_Log in' is clicked on

2018-05-14 17:43:22 - [TEST_STEP][PASSED] - setText: Text 'admin' is set on object 'Object Repository/Object_Login/input_username'

2018-05-14 17:43:22 - [MESSAGE][PASSED] - Text 'admin' is set on object 'Object Repository/Object_Login/input_username'

2018-05-14 17:43:22 - [TEST_STEP][PASSED] - setText: Text 'Katalon@2018' is set on object 'Object Repository/Object_Login/input_password'

2018-05-14 17:43:22 - [MESSAGE][PASSED] - Text 'Katalon@2018' is set on object 'Object Repository/Object_Login/input_password'

2018-05-14 17:43:22 - [TEST_STEP][PASSED] - click: Object: 'Object Repository/Object_Login/btn_Login' is clicked on

2018-05-14 17:43:23 - [MESSAGE][PASSED] - Object: 'Object Repository/Object_Login/btn_Login' is clicked on

2018-05-14 17:43:23 - [MESSAGE][PASSED] - Call Test Case 'Test Cases/TC1/Common TC to Login' successfully

2018-05-14 17:43:23 - [TEST_STEP][PASSED] - navigateToUrl: Navigate to 'http://13.250.134.32/subrion/panel/' successfully

2018-05-14 17:43:24 - [MESSAGE][PASSED] - Navigate to 'http://13.250.134.32/subrion/panel/' successfully

2018-05-14 17:43:24 - [TEST_STEP][PASSED] - waitForPageLoad: Wait for page load successfully

2018-05-14 17:43:24 - [MESSAGE][PASSED] - Wait for page load successfully

2018-05-14 17:43:24 - [TEST_STEP][PASSED] - waitForElementNotVisible: Web element with id: 'Object Repository/Object_Active member/wait_loader' located by 'By.xpath: //*[@ip = 'js-ajax-loader-status']' not found

2018-05-14 17:43:35 - [MESSAGE][WARNING] - Web element with id: 'Object Repository/Object_Active member/wait_loader' located by 'By.xpath: //*[@ip = 'js-ajax-loader-status']' not found

2018-05-14 17:43:35 - [TEST_STEP][PASSED] - click: Object: 'Object Repository/Object_Active member/i_member' is clicked on

2018-05-14 17:43:35 - [MESSAGE][PASSED] - Object: 'Object Repository/Object_Active member/i_member' is clicked on

2018-05-14 17:43:35 - [TEST_STEP][PASSED] - click: Object: 'Object Repository/Object_Active member/sub_member' is clicked on

2018-05-14 17:43:37 - [MESSAGE][PASSED] - Object: 'Object Repository/Object_Active member/sub_member' is clicked on

2018-05-14 17:43:37 - [TEST_STEP][PASSED] - waitForPageLoad: Wait for page load successfully

2018-05-14 17:43:37 - [MESSAGE][PASSED] - Wait for page load successfully

2018-05-14 17:43:37 - [TEST_STEP][PASSED] - Statement - new_btn = com.kms.katalon.core.webui.keyword.WebUiBuiltInKeywords.modifyObjectProperty(com.kms.katalon.core.testobject.ObjectRepository.findTestObject(Object_Active member/btn_edit), "xpath", "equals", "//div[contains(text(),username]/parent::td/following-sibling::td[9]/div/i[@title="Edit"]", false): Modify property of object successfully

2018-05-14 17:43:37 - [MESSAGE][PASSED] - Modify property of object successfully

2018-05-14 17:43:37 - [TEST_STEP][FAILED] - click: Unable to click on object 'Object Repository/Object_Active member/btn_edit' (Root cause: org.openqa.selenium.WebDriverException: chrome not reachable
  (Session info: chrome=66.0.3359.139)
  (Driver info: chromedriver=2.35.528161 (5b82f2d2aae0ca24b877009200ced9065a772e73),platform=Windows NT 6.1.7601 SP1 x86_64) (WARNING: The server did not provide any stacktrace information)
Command duration or timeout: 0 milliseconds
Build info: version: '3.7.1', revision: '8a0099a', time: '2017-11-06T21:07:36.161Z'
System info: host: 'SGH451QS3J', ip: '192.168.10.156', os.name: 'Windows 7', os.arch: 'amd64', os.version: '6.1', java.version: '1.8.0_102'
Driver info: com.kms.katalon.selenium.driver.CChromeDriver
Capabilities {acceptInsecureCerts: false, acceptSslCerts: false, applicationCacheEnabled: false, browserConnectionEnabled: false, browserName: chrome, chrome: {chromedriverVersion: 2.35.528161 (5b82f2d2aae0ca..., userDataDir: C:\Users\thaotle\AppData\Lo...}, cssSelectorsEnabled: true, databaseEnabled: false, handlesAlerts: true, hasTouchScreen: false, javascriptEnabled: true, locationContextEnabled: true, mobileEmulationEnabled: false, nativeEvents: true, networkConnectionEnabled: false, pageLoadStrategy: normal, platform: XP, platformName: XP, rotatable: false, setWindowRect: true, takesHeapSnapshot: true, takesScreenshot: true, unexpectedAlertBehaviour: , unhandledPromptBehavior: , version: 66.0.3359.139, webStorageEnabled: true}
Session ID: 067563e851ca7b39f0d1468b5fd026e5
*** Element info: {Using=xpath, value=})

2018-05-14 17:44:11 - [MESSAGE][WARNING] - Cannot take screenshot

2018-05-14 17:44:11 - [MESSAGE][FAILED] - Unable to click on object 'Object Repository/Object_Active member/btn_edit' (Root cause: org.openqa.selenium.WebDriverException: chrome not reachable
  (Session info: chrome=66.0.3359.139)
  (Driver info: chromedriver=2.35.528161 (5b82f2d2aae0ca24b877009200ced9065a772e73),platform=Windows NT 6.1.7601 SP1 x86_64) (WARNING: The server did not provide any stacktrace information)
Command duration or timeout: 0 milliseconds
Build info: version: '3.7.1', revision: '8a0099a', time: '2017-11-06T21:07:36.161Z'
System info: host: 'SGH451QS3J', ip: '192.168.10.156', os.name: 'Windows 7', os.arch: 'amd64', os.version: '6.1', java.version: '1.8.0_102'
Driver info: com.kms.katalon.selenium.driver.CChromeDriver
Capabilities {acceptInsecureCerts: false, acceptSslCerts: false, applicationCacheEnabled: false, browserConnectionEnabled: false, browserName: chrome, chrome: {chromedriverVersion: 2.35.528161 (5b82f2d2aae0ca..., userDataDir: C:\Users\thaotle\AppData\Lo...}, cssSelectorsEnabled: true, databaseEnabled: false, handlesAlerts: true, hasTouchScreen: false, javascriptEnabled: true, locationContextEnabled: true, mobileEmulationEnabled: false, nativeEvents: true, networkConnectionEnabled: false, pageLoadStrategy: normal, platform: XP, platformName: XP, rotatable: false, setWindowRect: true, takesHeapSnapshot: true, takesScreenshot: true, unexpectedAlertBehaviour: , unhandledPromptBehavior: , version: 66.0.3359.139, webStorageEnabled: true}
Session ID: 067563e851ca7b39f0d1468b5fd026e5
*** Element info: {Using=xpath, value=})]]></system-out>
         <system-err><![CDATA[2018-05-14 17:43:07 - [TEST_CASE][FAILED] - Test Cases/TC1/TC3: Test Cases/TC1/TC3 FAILED because (of) Unable to click on object 'Object Repository/Object_Active member/btn_edit' (Root cause: org.openqa.selenium.WebDriverException: chrome not reachable
  (Session info: chrome=66.0.3359.139)
  (Driver info: chromedriver=2.35.528161 (5b82f2d2aae0ca24b877009200ced9065a772e73),platform=Windows NT 6.1.7601 SP1 x86_64) (WARNING: The server did not provide any stacktrace information)
Command duration or timeout: 0 milliseconds
Build info: version: '3.7.1', revision: '8a0099a', time: '2017-11-06T21:07:36.161Z'
System info: host: 'SGH451QS3J', ip: '192.168.10.156', os.name: 'Windows 7', os.arch: 'amd64', os.version: '6.1', java.version: '1.8.0_102'
Driver info: com.kms.katalon.selenium.driver.CChromeDriver
Capabilities {acceptInsecureCerts: false, acceptSslCerts: false, applicationCacheEnabled: false, browserConnectionEnabled: false, browserName: chrome, chrome: {chromedriverVersion: 2.35.528161 (5b82f2d2aae0ca..., userDataDir: C:\Users\thaotle\AppData\Lo...}, cssSelectorsEnabled: true, databaseEnabled: false, handlesAlerts: true, hasTouchScreen: false, javascriptEnabled: true, locationContextEnabled: true, mobileEmulationEnabled: false, nativeEvents: true, networkConnectionEnabled: false, pageLoadStrategy: normal, platform: XP, platformName: XP, rotatable: false, setWindowRect: true, takesHeapSnapshot: true, takesScreenshot: true, unexpectedAlertBehaviour: , unhandledPromptBehavior: , version: 66.0.3359.139, webStorageEnabled: true}
Session ID: 067563e851ca7b39f0d1468b5fd026e5
*** Element info: {Using=xpath, value=})]]></system-err>
      </testcase>
      <system-out><![CDATA[2018-05-14 17:43:07 - [TEST_SUITE][FAILED] - Test Suites: Test Cases/TC1/TC3 FAILED because (of) Unable to click on object 'Object Repository/Object_Active member/btn_edit' (Root cause: org.openqa.selenium.WebDriverException: chrome not reachable
  (Session info: chrome=66.0.3359.139)
  (Driver info: chromedriver=2.35.528161 (5b82f2d2aae0ca24b877009200ced9065a772e73),platform=Windows NT 6.1.7601 SP1 x86_64) (WARNING: The server did not provide any stacktrace information)
Command duration or timeout: 0 milliseconds
Build info: version: '3.7.1', revision: '8a0099a', time: '2017-11-06T21:07:36.161Z'
System info: host: 'SGH451QS3J', ip: '192.168.10.156', os.name: 'Windows 7', os.arch: 'amd64', os.version: '6.1', java.version: '1.8.0_102'
Driver info: com.kms.katalon.selenium.driver.CChromeDriver
Capabilities {acceptInsecureCerts: false, acceptSslCerts: false, applicationCacheEnabled: false, browserConnectionEnabled: false, browserName: chrome, chrome: {chromedriverVersion: 2.35.528161 (5b82f2d2aae0ca..., userDataDir: C:\Users\thaotle\AppData\Lo...}, cssSelectorsEnabled: true, databaseEnabled: false, handlesAlerts: true, hasTouchScreen: false, javascriptEnabled: true, locationContextEnabled: true, mobileEmulationEnabled: false, nativeEvents: true, networkConnectionEnabled: false, pageLoadStrategy: normal, platform: XP, platformName: XP, rotatable: false, setWindowRect: true, takesHeapSnapshot: true, takesScreenshot: true, unexpectedAlertBehaviour: , unhandledPromptBehavior: , version: 66.0.3359.139, webStorageEnabled: true}
Session ID: 067563e851ca7b39f0d1468b5fd026e5
*** Element info: {Using=xpath, value=})]]></system-out>
      <system-err><![CDATA[2018-05-14 17:43:07 - [TEST_SUITE][FAILED] - Test Suites: Test Cases/TC1/TC3 FAILED because (of) Unable to click on object 'Object Repository/Object_Active member/btn_edit' (Root cause: org.openqa.selenium.WebDriverException: chrome not reachable
  (Session info: chrome=66.0.3359.139)
  (Driver info: chromedriver=2.35.528161 (5b82f2d2aae0ca24b877009200ced9065a772e73),platform=Windows NT 6.1.7601 SP1 x86_64) (WARNING: The server did not provide any stacktrace information)
Command duration or timeout: 0 milliseconds
Build info: version: '3.7.1', revision: '8a0099a', time: '2017-11-06T21:07:36.161Z'
System info: host: 'SGH451QS3J', ip: '192.168.10.156', os.name: 'Windows 7', os.arch: 'amd64', os.version: '6.1', java.version: '1.8.0_102'
Driver info: com.kms.katalon.selenium.driver.CChromeDriver
Capabilities {acceptInsecureCerts: false, acceptSslCerts: false, applicationCacheEnabled: false, browserConnectionEnabled: false, browserName: chrome, chrome: {chromedriverVersion: 2.35.528161 (5b82f2d2aae0ca..., userDataDir: C:\Users\thaotle\AppData\Lo...}, cssSelectorsEnabled: true, databaseEnabled: false, handlesAlerts: true, hasTouchScreen: false, javascriptEnabled: true, locationContextEnabled: true, mobileEmulationEnabled: false, nativeEvents: true, networkConnectionEnabled: false, pageLoadStrategy: normal, platform: XP, platformName: XP, rotatable: false, setWindowRect: true, takesHeapSnapshot: true, takesScreenshot: true, unexpectedAlertBehaviour: , unhandledPromptBehavior: , version: 66.0.3359.139, webStorageEnabled: true}
Session ID: 067563e851ca7b39f0d1468b5fd026e5
*** Element info: {Using=xpath, value=})]]></system-err>
   </testsuite>
</testsuites>
