{"devicePlatform":"","logFolder":"C:\\Users\\thaotle\\Katalon Studio\\Sigma\\Reports\\Test Suites\\20180515_155607","runData":{"hostName":"thaotle - SGH451QS3J.kms.com.vn","hostAddress":"192.168.10.156","os":"Windows 7 64bit","katalonVersion":"5.4.1.1"},"type":"TEST_SUITE","name":"Test Suites","id":"Test Suites/Test Suites","source":"","message":"Test Cases/TC1/TC1 - Copy FAILED because (of) Variable \u0027username\u0027 is not defined for test case.","description":"","startTime":1526374569076,"endTime":1526374569721,"childRecords":[{"isOptional":false,"type":"TEST_CASE","name":"Test Cases/TC1/TC1 - Copy","id":"Test Cases/TC1/TC1 - Copy","source":"C:\\\\Users\\\\thaotle\\\\Katalon Studio\\\\Sigma\\\\Test Cases\\\\TC1\\\\TC1 - Copy.tc","message":"Test Cases/TC1/TC1 - Copy FAILED because (of) Variable \u0027username\u0027 is not defined for test case.","description":"","startTime":1526374569339,"endTime":1526374569694,"childRecords":[{"testStatus":{"stackTrace":"","statusValue":"INFO"},"type":"MESSAGE","name":"","message":"Evaluating variables for test case","startTime":1526374569361,"endTime":0,"childRecords":[],"interuppted":false},{"testStatus":{"stackTrace":"","statusValue":"INFO"},"type":"MESSAGE","name":"","message":"Variable \u0027password\u0027 is set to  as default","startTime":1526374569395,"endTime":0,"childRecords":[],"interuppted":false},{"testStatus":{"stackTrace":"","statusValue":"INFO"},"type":"MESSAGE","name":"","message":"Variable \u0027username\u0027 is set to  as default","startTime":1526374569415,"endTime":0,"childRecords":[],"interuppted":false},{"testStatus":{"stackTrace":"","statusValue":"INFO"},"type":"MESSAGE","name":"","message":"Variable \u0027fullname\u0027 is set to  as default","startTime":1526374569425,"endTime":0,"childRecords":[],"interuppted":false},{"testStatus":{"stackTrace":"","statusValue":"INFO"},"type":"MESSAGE","name":"","message":"Variable \u0027email\u0027 is set to  as default","startTime":1526374569425,"endTime":0,"childRecords":[],"interuppted":false},{"index":1,"isIgnoredIfFailed":false,"type":"TEST_STEP","name":"Statement - output_username \u003d CustomKeywords.newpackage.random_username.abc(\"thao\")","message":"No such property: username for class: newpackage.random_username","description":"","startTime":1526374569663,"endTime":1526374569694,"childRecords":[{"testStatus":{"stackTrace":"","statusValue":"ERROR"},"type":"MESSAGE","name":"","message":"No such property: username for class: newpackage.random_username","startTime":1526374569694,"endTime":0,"childRecords":[],"interuppted":false}],"interuppted":false},{"testStatus":{"stackTrace":"","statusValue":"ERROR"},"type":"MESSAGE","name":"","message":"Test Cases/TC1/TC1 - Copy FAILED because (of) Variable \u0027username\u0027 is not defined for test case.","startTime":1526374569694,"endTime":0,"childRecords":[],"interuppted":false}],"interuppted":false}],"interuppted":false}