{"devicePlatform":"","logFolder":"C:\\Users\\thaotle\\Katalon Studio\\Sigma\\Reports\\Test Suites\\20180515_160819","runData":{"hostName":"thaotle - SGH451QS3J.kms.com.vn","hostAddress":"192.168.10.156","os":"Windows 7 64bit","katalonVersion":"5.4.1.1"},"type":"TEST_SUITE","name":"Test Suites","id":"Test Suites/Test Suites","source":"","message":"Test Cases/TC1/TC1 - Copy FAILED because (of) org.codehaus.groovy.runtime.metaclass.MissingMethodExceptionNoStack: No signature of method: newpackage.random_username.abc() is applicable for argument types: (java.lang.String) values: [thao]\nPossible solutions: any(), any(groovy.lang.Closure), wait(), wait(long), use([Ljava.lang.Object;), each(groovy.lang.Closure)","description":"","startTime":1526375300750,"endTime":1526375301516,"childRecords":[{"isOptional":false,"type":"TEST_CASE","name":"Test Cases/TC1/TC1 - Copy","id":"Test Cases/TC1/TC1 - Copy","source":"C:\\\\Users\\\\thaotle\\\\Katalon Studio\\\\Sigma\\\\Test Cases\\\\TC1\\\\TC1 - Copy.tc","message":"Test Cases/TC1/TC1 - Copy FAILED because (of) org.codehaus.groovy.runtime.metaclass.MissingMethodExceptionNoStack: No signature of method: newpackage.random_username.abc() is applicable for argument types: (java.lang.String) values: [thao]\nPossible solutions: any(), any(groovy.lang.Closure), wait(), wait(long), use([Ljava.lang.Object;), each(groovy.lang.Closure)","description":"","startTime":1526375301012,"endTime":1526375301472,"childRecords":[{"testStatus":{"stackTrace":"","statusValue":"INFO"},"type":"MESSAGE","name":"","message":"Evaluating variables for test case","startTime":1526375301044,"endTime":0,"childRecords":[],"interuppted":false},{"testStatus":{"stackTrace":"","statusValue":"INFO"},"type":"MESSAGE","name":"","message":"Variable \u0027password\u0027 is set to  as default","startTime":1526375301079,"endTime":0,"childRecords":[],"interuppted":false},{"testStatus":{"stackTrace":"","statusValue":"INFO"},"type":"MESSAGE","name":"","message":"Variable \u0027username\u0027 is set to  as default","startTime":1526375301086,"endTime":0,"childRecords":[],"interuppted":false},{"testStatus":{"stackTrace":"","statusValue":"INFO"},"type":"MESSAGE","name":"","message":"Variable \u0027fullname\u0027 is set to  as default","startTime":1526375301102,"endTime":0,"childRecords":[],"interuppted":false},{"testStatus":{"stackTrace":"","statusValue":"INFO"},"type":"MESSAGE","name":"","message":"Variable \u0027email\u0027 is set to  as default","startTime":1526375301111,"endTime":0,"childRecords":[],"interuppted":false},{"index":1,"isIgnoredIfFailed":false,"type":"TEST_STEP","name":"Statement - output_username \u003d CustomKeywords.newpackage.random_username.abc(\"thao\")","message":"No signature of method: newpackage.random_username.abc() is applicable for argument types: (java.lang.String) values: [thao]\nPossible solutions: any(), any(groovy.lang.Closure), wait(), wait(long), use([Ljava.lang.Object;), each(groovy.lang.Closure)","description":"","startTime":1526375301452,"endTime":1526375301465,"childRecords":[{"testStatus":{"stackTrace":"","statusValue":"ERROR"},"type":"MESSAGE","name":"","message":"No signature of method: newpackage.random_username.abc() is applicable for argument types: (java.lang.String) values: [thao]\nPossible solutions: any(), any(groovy.lang.Closure), wait(), wait(long), use([Ljava.lang.Object;), each(groovy.lang.Closure)","startTime":1526375301463,"endTime":0,"childRecords":[],"interuppted":false}],"interuppted":false},{"testStatus":{"stackTrace":"","statusValue":"ERROR"},"type":"MESSAGE","name":"","message":"Test Cases/TC1/TC1 - Copy FAILED because (of) org.codehaus.groovy.runtime.metaclass.MissingMethodExceptionNoStack: No signature of method: newpackage.random_username.abc() is applicable for argument types: (java.lang.String) values: [thao]\nPossible solutions: any(), any(groovy.lang.Closure), wait(), wait(long), use([Ljava.lang.Object;), each(groovy.lang.Closure)","startTime":1526375301468,"endTime":0,"childRecords":[],"interuppted":false}],"interuppted":false}],"interuppted":false}